@I [HLS-0] Workspace C:/Users/Jack/Desktop/cse237d/Underwater-Acoustic-Detection/src/hw_soln/signal_hits/solution1 opened at Tue May 09 08:21:25 -0700 2017
@I [HLS-100] Command "config_clock -quiet -name default -period 5 -default=false "
@I [SYN-201] Setting up clock 'default' with a period of 5ns.
@I [HLS-100] Command 'config_clock' returned 0; elapsed 0.001Total elapsed time: 2.473 sec.
@I [HLS-100] Command "open_platform DefaultPlatform "
@I [HLS-100] Command 'open_platform' returned 0; elapsed 0Total elapsed time: 2.477 sec.
@I [HLS-100] Command "import_lib C:/Xilinx/Vivado_HLS/2015.4/common/technology/xilinx/zynq/zynq "
@I [HLS-100] Command "source C:/Xilinx/Vivado_HLS/2015.4/common/technology/xilinx/common/xilinx.lib "
@I [HLS-100] Command "source C:/Xilinx/Vivado_HLS/2015.4/common/technology/xilinx/interface/xilinx_interface.lib "
@I [HLS-100] Command "source C:/Xilinx/Vivado_HLS/2015.4/common/technology/xilinx/interface/plb46.lib "
@I [HLS-100] Command 'ap_source' returned 0; elapsed 0.002Total elapsed time: 2.483 sec.
@I [HLS-100] Command "source C:/Xilinx/Vivado_HLS/2015.4/common/technology/xilinx/interface/fsl.lib "
@I [HLS-100] Command 'ap_source' returned 0; elapsed 0.002Total elapsed time: 2.485 sec.
@I [HLS-100] Command "source C:/Xilinx/Vivado_HLS/2015.4/common/technology/xilinx/interface/axi4.lib "
@I [HLS-100] Command 'ap_source' returned 0; elapsed 0.001Total elapsed time: 2.486 sec.
@I [HLS-100] Command "source C:/Xilinx/Vivado_HLS/2015.4/common/technology/xilinx/interface/maxi.lib "
@I [HLS-100] Command 'ap_source' returned 0; elapsed 0.001Total elapsed time: 2.487 sec.
@I [HLS-100] Command "source C:/Xilinx/Vivado_HLS/2015.4/common/technology/xilinx/interface/saxilite.lib "
@I [HLS-100] Command 'ap_source' returned 0; elapsed 0.001Total elapsed time: 2.488 sec.
@I [HLS-100] Command 'ap_source' returned 0; elapsed 0.009Total elapsed time: 2.489 sec.
@I [HLS-100] Command "source C:/Xilinx/Vivado_HLS/2015.4/common/technology/xilinx/common/dsp48.lib "
@I [HLS-100] Command 'ap_source' returned 0; elapsed 0.001Total elapsed time: 2.490 sec.
@I [HLS-100] Command "source C:/Xilinx/Vivado_HLS/2015.4/common/technology/xilinx/ip/dds_compiler.lib "
@I [HLS-100] Command 'ap_source' returned 0; elapsed 0Total elapsed time: 2.492 sec.
@I [HLS-100] Command "source C:/Xilinx/Vivado_HLS/2015.4/common/technology/xilinx/ip/xfft.lib "
@I [HLS-100] Command 'ap_source' returned 0; elapsed 0Total elapsed time: 2.493 sec.
@I [HLS-100] Command "source C:/Xilinx/Vivado_HLS/2015.4/common/technology/xilinx/ip/xfir.lib "
@I [HLS-100] Command 'ap_source' returned 0; elapsed 0.001Total elapsed time: 2.494 sec.
@I [HLS-100] Command 'ap_source' returned 0; elapsed 0.019Total elapsed time: 2.498 sec.
@I [HLS-100] Command "source C:/Xilinx/Vivado_HLS/2015.4/common/technology/xilinx/common/xilinx_old.lib "
@I [HLS-100] Command 'ap_source' returned 0; elapsed 0.002Total elapsed time: 2.504 sec.
@I [HLS-100] Command "source C:/Xilinx/Vivado_HLS/2015.4/common/technology/xilinx/common/xilinx_vivado.lib "
@I [HLS-100] Command 'ap_source' returned 0; elapsed 0.003Total elapsed time: 2.507 sec.
@I [HLS-100] Command "source C:/Xilinx/Vivado_HLS/2015.4/common/technology/xilinx/common/xilinx.hlp "
@I [HLS-100] Command "source C:/Xilinx/Vivado_HLS/2015.4/common/technology/xilinx/common/target_info.tcl "
@I [HLS-100] Command 'ap_source' returned 0; elapsed 0.003Total elapsed time: 2.523 sec.
@I [HLS-100] Command "source C:/Xilinx/Vivado_HLS/2015.4/common/technology/xilinx/interface/xilinx_interface.hlp "
@I [HLS-100] Command "source C:/Xilinx/Vivado_HLS/2015.4/common/technology/xilinx/interface/maxi.hlp "
@I [HLS-100] Command 'ap_source' returned 0; elapsed 0.001Total elapsed time: 2.524 sec.
@I [HLS-100] Command "source C:/Xilinx/Vivado_HLS/2015.4/common/technology/xilinx/interface/saxilite.hlp "
@I [HLS-100] Command 'ap_source' returned 0; elapsed 0.001Total elapsed time: 2.525 sec.
@I [HLS-100] Command 'ap_source' returned 0; elapsed 0.002Total elapsed time: 2.525 sec.
@I [HLS-100] Command "source C:/Xilinx/Vivado_HLS/2015.4/common/technology/xilinx/common/dsp48.hlp "
@I [HLS-100] Command 'ap_source' returned 0; elapsed 0.002Total elapsed time: 2.528 sec.
@I [HLS-100] Command 'ap_source' returned 0; elapsed 0.014Total elapsed time: 2.530 sec.
@I [HLS-100] Command "source C:/Xilinx/Vivado_HLS/2015.4/common/technology/xilinx/zynq/dsp48e1.hlp "
@I [HLS-100] Command 'ap_source' returned 0; elapsed 0.001Total elapsed time: 2.531 sec.
@I [HLS-100] Command "get_default_platform "
@I [HLS-100] Command 'get_default_platform' returned 0; elapsed 0Total elapsed time: 2.531 sec.
@I [HLS-100] Command "config_chip_info -quiet -resource  {SLICE 13300}  {LUT 53200}     {FF 106400} {DSP48E 220}   {BRAM 280}  "
@I [HLS-100] Command 'config_chip_info' returned 0; elapsed 0Total elapsed time: 2.531 sec.
@I [HLS-100] Command "config_chip_info -quiet -speed medium "
@I [HLS-100] Command 'config_chip_info' returned 0; elapsed 0Total elapsed time: 2.532 sec.
@I [HLS-100] Command 'import_lib' returned 0; elapsed 0.059Total elapsed time: 2.536 sec.
@I [HLS-100] Command "source C:/Xilinx/Vivado_HLS/2015.4/common/technology/xilinx/zynq/zynq.gen "
@I [HLS-100] Command "source C:/Xilinx/Vivado_HLS/2015.4/common/technology/xilinx/common/virtex.gen "
@I [HLS-100] Command "source C:/Xilinx/Vivado_HLS/2015.4/common/technology/xilinx/common/xilinx.gen "
@I [HLS-100] Command "source C:/Xilinx/Vivado_HLS/2015.4/common/technology/xilinx/interface/plb46.gen "
@I [HLS-100] Command 'ap_source' returned 0; elapsed 0.005Total elapsed time: 2.547 sec.
@I [HLS-100] Command "source C:/Xilinx/Vivado_HLS/2015.4/common/technology/xilinx/interface/fsl.gen "
@I [HLS-100] Command 'ap_source' returned 0; elapsed 0.002Total elapsed time: 2.549 sec.
@I [HLS-100] Command "source C:/Xilinx/Vivado_HLS/2015.4/common/technology/xilinx/interface/axi4.gen "
@I [HLS-100] Command 'ap_source' returned 0; elapsed 0.007Total elapsed time: 2.556 sec.
@I [HLS-100] Command "source C:/Xilinx/Vivado_HLS/2015.4/common/technology/xilinx/interface/nativeAXI4.gen "
@I [HLS-100] Command "source C:/Xilinx/Vivado_HLS/2015.4/common/technology/xilinx/interface/saxilite.gen "
@I [HLS-100] Command 'ap_source' returned 0; elapsed 0.017Total elapsed time: 2.574 sec.
@I [HLS-100] Command "source C:/Xilinx/Vivado_HLS/2015.4/common/technology/xilinx/interface/maxi.gen "
@I [HLS-100] Command 'ap_source' returned 0; elapsed 0.034Total elapsed time: 2.607 sec.
@I [HLS-100] Command 'ap_source' returned 0; elapsed 0.051Total elapsed time: 2.607 sec.
@I [HLS-100] Command "source C:/Xilinx/Vivado_HLS/2015.4/common/technology/xilinx/scripts/xilinxcoregen.gen "
@I [HLS-100] Command 'ap_source' returned 0; elapsed 0.036Total elapsed time: 2.643 sec.
@I [HLS-100] Command "source C:/Xilinx/Vivado_HLS/2015.4/common/technology/xilinx/interface/XilEDKCoreGen.gen "
@I [HLS-100] Command 'ap_source' returned 0; elapsed 0.034Total elapsed time: 2.678 sec.
@I [HLS-100] Command "source C:/Xilinx/Vivado_HLS/2015.4/common/technology/xilinx/ip/dds_compiler.gen "
@I [HLS-100] Command 'ap_source' returned 0; elapsed 0.014Total elapsed time: 2.693 sec.
@I [HLS-100] Command "source C:/Xilinx/Vivado_HLS/2015.4/common/technology/xilinx/ip/util.gen "
@I [HLS-100] Command 'ap_source' returned 0; elapsed 0.001Total elapsed time: 2.694 sec.
@I [HLS-100] Command "source C:/Xilinx/Vivado_HLS/2015.4/common/technology/xilinx/ip/xfft.gen "
@I [HLS-100] Command 'ap_source' returned 0; elapsed 0.511Total elapsed time: 3.207 sec.
@I [HLS-100] Command "source C:/Xilinx/Vivado_HLS/2015.4/common/technology/xilinx/ip/xfir.gen "
@I [HLS-100] Command "source C:/Xilinx/Vivado_HLS/2015.4/tps/tcl/tcllib1.11.1/struct/list.tcl "
@I [HLS-100] Command "source C:/Xilinx/Vivado_HLS/2015.4/tps/tcl/tcllib1.11.1/cmdline/cmdline.tcl "
@I [HLS-100] Command 'ap_source' returned 0; elapsed 0.004Total elapsed time: 3.279 sec.
@I [HLS-100] Command 'ap_source' returned 0; elapsed 0.011Total elapsed time: 3.280 sec.
@I [HLS-100] Command "source C:/Xilinx/Vivado_HLS/2015.4/tps/tcl/tcllib1.11.1/math/bignum.tcl "
@I [HLS-100] Command 'ap_source' returned 0; elapsed 0.005Total elapsed time: 3.318 sec.
@I [HLS-100] Command 'ap_source' returned 0; elapsed 0.135Total elapsed time: 3.342 sec.
@I [HLS-100] Command 'ap_source' returned 0; elapsed 0.802Total elapsed time: 3.343 sec.
@I [HLS-100] Command "source C:/Xilinx/Vivado_HLS/2015.4/common/technology/xilinx/common/dsp48.gen "
@I [HLS-100] Command 'ap_source' returned 0; elapsed 0.004Total elapsed time: 3.352 sec.
@I [HLS-100] Command 'ap_source' returned 0; elapsed 0.815Total elapsed time: 3.353 sec.
@I [HLS-100] Command 'ap_source' returned 0; elapsed 0.816Total elapsed time: 3.353 sec.
@I [HLS-100] Command "open_platform DefaultPlatform "
@I [HLS-100] Command 'open_platform' returned 0; elapsed 0.001Total elapsed time: 3.355 sec.
@I [HLS-100] Command "import_lib C:/Xilinx/Vivado_HLS/2015.4/common/technology/xilinx/zynq/zynq_fpv6 "
@I [HLS-100] Command "source C:/Xilinx/Vivado_HLS/2015.4/common/technology/xilinx/common/xilinx_fpv7.lib "
@I [HLS-100] Command "source C:/Xilinx/Vivado_HLS/2015.4/common/technology/xilinx/common/xilinx_hp.lib "
@I [HLS-100] Command 'ap_source' returned 0; elapsed 0.003Total elapsed time: 3.362 sec.
@I [HLS-100] Command 'ap_source' returned 0; elapsed 0.014Total elapsed time: 3.371 sec.
@I [HLS-100] Command "source C:/Xilinx/Vivado_HLS/2015.4/common/technology/xilinx/common/xilinx_fpv.hlp "
@I [HLS-100] Command "source C:/Xilinx/Vivado_HLS/2015.4/common/technology/xilinx/common/xilinx.hlp "
@I [HLS-100] Command "source C:/Xilinx/Vivado_HLS/2015.4/common/technology/xilinx/common/target_info.tcl "
@I [HLS-100] Command 'ap_source' returned 0; elapsed 0.005Total elapsed time: 3.413 sec.
@I [HLS-100] Command "source C:/Xilinx/Vivado_HLS/2015.4/common/technology/xilinx/interface/xilinx_interface.hlp "
@I [HLS-100] Command "source C:/Xilinx/Vivado_HLS/2015.4/common/technology/xilinx/interface/maxi.hlp "
@I [HLS-100] Command 'ap_source' returned 0; elapsed 0.001Total elapsed time: 3.414 sec.
@I [HLS-100] Command "source C:/Xilinx/Vivado_HLS/2015.4/common/technology/xilinx/interface/saxilite.hlp "
@I [HLS-100] Command 'ap_source' returned 0; elapsed 0.001Total elapsed time: 3.415 sec.
@I [HLS-100] Command 'ap_source' returned 0; elapsed 0.002Total elapsed time: 3.415 sec.
@I [HLS-100] Command "source C:/Xilinx/Vivado_HLS/2015.4/common/technology/xilinx/common/dsp48.hlp "
@I [HLS-100] Command 'ap_source' returned 0; elapsed 0.003Total elapsed time: 3.420 sec.
@I [HLS-100] Command 'ap_source' returned 0; elapsed 0.017Total elapsed time: 3.421 sec.
@I [HLS-100] Command 'ap_source' returned 0; elapsed 0.021Total elapsed time: 3.423 sec.
@I [HLS-100] Command "source C:/Xilinx/Vivado_HLS/2015.4/common/technology/xilinx/zynq/zynq_hp.hlp "
@I [HLS-100] Command 'ap_source' returned 0; elapsed 0.006Total elapsed time: 3.429 sec.
@I [HLS-100] Command 'import_lib' returned 0; elapsed 0.095Total elapsed time: 3.450 sec.
@I [HLS-100] Command "source C:/Xilinx/Vivado_HLS/2015.4/common/technology/xilinx/zynq/zynq_fpv6.gen "
@I [HLS-100] Command "source C:/Xilinx/Vivado_HLS/2015.4/common/technology/xilinx/common/xilinx_fpv6.gen "
@I [HLS-100] Command 'ap_source' returned 0; elapsed 0.009Total elapsed time: 3.460 sec.
@I [HLS-100] Command 'ap_source' returned 0; elapsed 0.01Total elapsed time: 3.460 sec.
@I [HLS-100] Command "set_part xc7z020clg484-1 "
@I [HLS-100] Command "add_library xilinx/zynq/zynq:xc7z020:clg484:-1 "
@I [HLS-100] Command "get_default_platform "
@I [HLS-100] Command 'get_default_platform' returned 0; elapsed 0Total elapsed time: 3.482 sec.
@I [HLS-100] Command "license_isbetapart xc7z020 "
@I [HLS-100] Command 'license_isbetapart' returned 1; elapsed 0.059Total elapsed time: 3.543 sec.
@I [HLS-100] Command "get_default_platform "
@I [HLS-100] Command 'get_default_platform' returned 0; elapsed 0Total elapsed time: 3.553 sec.
@I [HLS-100] Command "config_chip_info -quiet -resource  {SLICE 13300}  {LUT 53200}     {FF 106400} {DSP48E 220}   {BRAM 280}  "
@I [HLS-100] Command 'config_chip_info' returned 0; elapsed 0Total elapsed time: 3.553 sec.
@I [HLS-100] Command "config_chip_info -quiet -speed slow "
@I [HLS-100] Command 'config_chip_info' returned 0; elapsed 0Total elapsed time: 3.553 sec.
@I [HLS-100] Command 'add_library' returned 0; elapsed 0.083Total elapsed time: 3.562 sec.
@I [HLS-100] Command "add_library xilinx/zynq/zynq_fpv6 "
@I [HLS-100] Command "get_default_platform "
@I [HLS-100] Command 'get_default_platform' returned 0; elapsed 0Total elapsed time: 3.565 sec.
@I [HLS-100] Command 'add_library' returned 0; elapsed 0.011Total elapsed time: 3.573 sec.
@I [HLS-10] Setting target device to 'xc7z020clg484-1'
@I [HLS-100] Command 'set_part' returned 0; elapsed 0.112Total elapsed time: 3.574 sec.
@I [HLS-100] Command "get_default_platform "
@I [HLS-100] Command 'get_default_platform' returned 0; elapsed 0Total elapsed time: 3.574 sec.
@I [HLS-100] Command "config_chip_info -quiet -resource  {SLICE 13300}  {LUT 53200}     {FF 106400} {DSP48E 220}   {BRAM 280}  "
@I [HLS-100] Command 'config_chip_info' returned 0; elapsed 0Total elapsed time: 3.574 sec.
@I [HLS-100] Command "config_chip_info -quiet -speed slow "
@I [HLS-100] Command 'config_chip_info' returned 0; elapsed 0Total elapsed time: 3.575 sec.
@I [HLS-100] Command 'open_solution' returned 0; elapsed 1.158Total elapsed time: 3.579 sec.
@I [HLS-100] Command "set_part xc7z020clg484-1 "
@I [HLS-100] Command "add_library xilinx/zynq/zynq:xc7z020:clg484:-1 "
@I [HLS-100] Command "get_default_platform "
@I [HLS-100] Command 'get_default_platform' returned 0; elapsed 0Total elapsed time: 3.593 sec.
@I [HLS-100] Command "license_isbetapart xc7z020 "
@I [HLS-100] Command 'license_isbetapart' returned 1; elapsed 0Total elapsed time: 3.595 sec.
@I [HLS-100] Command "get_default_platform "
@I [HLS-100] Command 'get_default_platform' returned 0; elapsed 0Total elapsed time: 3.621 sec.
@I [HLS-100] Command "config_chip_info -quiet -resource  {SLICE 13300}  {LUT 53200}     {FF 106400} {DSP48E 220}   {BRAM 280}  "
@I [HLS-100] Command 'config_chip_info' returned 0; elapsed 0Total elapsed time: 3.622 sec.
@I [HLS-100] Command "config_chip_info -quiet -speed slow "
@I [HLS-100] Command 'config_chip_info' returned 0; elapsed 0Total elapsed time: 3.622 sec.
@I [HLS-100] Command 'add_library' returned 0; elapsed 0.039Total elapsed time: 3.629 sec.
@I [HLS-100] Command "add_library xilinx/zynq/zynq_fpv6 "
@I [HLS-100] Command "get_default_platform "
@I [HLS-100] Command 'get_default_platform' returned 0; elapsed 0Total elapsed time: 3.633 sec.
@I [HLS-100] Command 'add_library' returned 0; elapsed 0.018Total elapsed time: 3.648 sec.
@I [HLS-100] Command 'set_part' returned 0; elapsed 0.069Total elapsed time: 3.648 sec.
@I [HLS-100] Command "create_clock -period 5 -name default "
@I [HLS-100] Command 'create_clock' returned 0; elapsed 0.035Total elapsed time: 3.684 sec.
@I [HLS-100] Command "csynth_design "
@I [HLS-100] Command "elaborate -effort=medium -skip_syncheck=0 -keep_printf=0 -lm=0 -skip_cdt=0 -skip_transform=0 -ng=0 -g=0 -opt_fp=0 "
@I [HLS-10] Analyzing design file 'signal_hits.cpp' ... 
@0 [HLS-0] Analyzing design file 'signal_hits.cpp' ... 
@I [HLS-0] Compiling one TU...
@I [HLS-0] 
Checking before pre-process: exec clang -fno-limit-debug-info -gcc-toolchain "C:/Xilinx/Vivado_HLS/2015.4/msys" -hls    -fno-math-errno -c -emit-llvm -O0  -mllvm -disable-llvm-optzns -fno-threadsafe-statics  -fno-use-cxa-atexit  -fno-threadsafe-statics -fno-use-cxa-atexit -D__cdecl=   -I "C:/Xilinx/Vivado_HLS/2015.4/win64/tools/systemc/include" -I "C:/Xilinx/Vivado_HLS/2015.4/include" -I "C:/Xilinx/Vivado_HLS/2015.4/include/ap_sysc" -fexceptions -I "C:/Xilinx/Vivado_HLS/2015.4/common/technology/autopilot" -include etc/autopilot_ssdm_op.h "signal_hits.cpp"  -o "C:/Users/Jack/Desktop/cse237d/Underwater-Acoustic-Detection/src/hw_soln/signal_hits/solution1/.autopilot/db/signal_hits.pp.00.o"

@I [HLS-100] Command "is_encrypted C:/Users/Jack/Desktop/cse237d/Underwater-Acoustic-Detection/src/hw_soln/signal_hits/solution1/.autopilot/db/signal_hits.pp.00.o "
@I [HLS-100] Command 'is_encrypted' returned 0; elapsed 0Total elapsed time: 7.909 sec.
@I [HLS-0] Syntax Checker time: 4 seconds per iteration
@I [HLS-0] 
Source preprocessing: exec clang -fno-limit-debug-info -gcc-toolchain "C:/Xilinx/Vivado_HLS/2015.4/msys" -hls -fno-exceptions  -D__llvm__  -CC -E "signal_hits.cpp"     -fno-math-errno -c -emit-llvm -O0  -mllvm -disable-llvm-optzns -fno-threadsafe-statics  -fno-use-cxa-atexit  -fno-threadsafe-statics -fno-use-cxa-atexit -D__cdecl= -DAESL_SYN -D__SYNTHESIS__ -D__HLS_SYN__ -I "C:/Xilinx/Vivado_HLS/2015.4/common/technology/autopilot" -I "C:/Xilinx/Vivado_HLS/2015.4/common/technology/autopilot/ap_sysc" -include etc/autopilot_ssdm_op.h  -o "C:/Users/Jack/Desktop/cse237d/Underwater-Acoustic-Detection/src/hw_soln/signal_hits/solution1/.autopilot/db/signal_hits.pp.0.cpp"

@I [HLS-0] GCC PP time: 1 seconds per iteration
@I [HLS-100] Command "list_core -type functional_unit "
@I [HLS-100] Command 'list_core' returned 0; elapsed 0Total elapsed time: 9.34 sec.
@I [HLS-0] Marker-Pragma convertor: C:/Users/Jack/Desktop/cse237d/Underwater-Acoustic-Detection/src/hw_soln/signal_hits/solution1/.autopilot/db/signal_hits.pp.0.cpp C:/Users/Jack/Desktop/cse237d/Underwater-Acoustic-Detection/src/hw_soln/signal_hits/solution1/.autopilot/db/signal_hits.pp.0.cpp.ap-line.cpp C:/Users/Jack/Desktop/cse237d/Underwater-Acoustic-Detection/src/hw_soln/signal_hits/solution1/.autopilot/db/signal_hits.pp.0.cpp.ap-line.cpp.CXX 1
@I [HLS-0] 
Source processor: exec C:/Xilinx/Vivado_HLS/2015.4/tps/win64/jre/bin/java -Xmx512m -classpath   "C:/Xilinx/Vivado_HLS/2015.4/lib/classes/autopilot.sourceprocessor.jar;C:/Xilinx/Vivado_HLS/2015.4/lib/classes/org.eclipse.cdt.core_5.3.0.xilinx_patch.jar;C:/Xilinx/Vivado_HLS/2015.4/lib/classes/org.eclipse.core.runtime_3.7.0.v20110110.jar;C:/Xilinx/Vivado_HLS/2015.4/lib/classes/org.eclipse.equinox.common_3.6.0.v20110523.jar;C:/Xilinx/Vivado_HLS/2015.4/lib/classes/com.ibm.icu_4.4.2.v20110208.jar;C:/Xilinx/Vivado_HLS/2015.4/lib/classes/jargs.jar;C:/Xilinx/Vivado_HLS/2015.4/win64/tools/eclipse/plugins/org.eclipse.emf.common_2.10.1.v20150123-0348.jar;C:/Xilinx/Vivado_HLS/2015.4/win64/tools/eclipse/plugins/org.eclipse.emf.ecore_2.10.2.v20150123-0348.jar;C:/Xilinx/Vivado_HLS/2015.4/win64/tools/eclipse/plugins/org.eclipse.emf.ecore.xmi_2.10.2.v20150123-0348.jar;C:/Xilinx/Vivado_HLS/2015.4/win64/tools/eclipse/plugins/com.autoesl.autopilot.ui.directiveFileModel_1.0.0.jar;C:/Xilinx/Vivado_HLS/2015.4/win64/tools/eclipse/plugins/com.autoesl.autopilot.ui.common_1.0.0.jar"  autopilot.sourceprocessor.CParser  "C:/Users/Jack/Desktop/cse237d/Underwater-Acoustic-Detection/src/hw_soln/signal_hits/solution1/.autopilot/db/signal_hits.pp.0.cpp.ap-line.cpp"  -m "signal_hits" -o "C:/Users/Jack/Desktop/cse237d/Underwater-Acoustic-Detection/src/hw_soln/signal_hits/solution1/.autopilot/db/signal_hits.pp.0.cpp.ap-cdt.cpp" --pp --directive C:/Users/Jack/Desktop/cse237d/Underwater-Acoustic-Detection/src/hw_soln/signal_hits/solution1/solution1.directive --source C:/Users/Jack/Desktop/cse237d/Underwater-Acoustic-Detection/src/hw_soln/signal_hits.cpp --error C:/Users/Jack/Desktop/cse237d/Underwater-Acoustic-Detection/src/hw_soln/signal_hits/solution1/.autopilot/db --funcunit "AddSub AddSub_DSP AddSubnS DAddSub_fulldsp DAddSub_nodsp DDiv DExp_fulldsp DExp_meddsp DExp_nodsp DLog_fulldsp DLog_meddsp DLog_nodsp DMul_fulldsp DMul_maxdsp DMul_meddsp DMul_nodsp DRSqrt DRecip DSqrt DivnS FAddSub_fulldsp FAddSub_nodsp FDiv FExp_fulldsp FExp_meddsp FExp_nodsp FLog_fulldsp FLog_meddsp FLog_nodsp FMul_fulldsp FMul_maxdsp FMul_meddsp FMul_nodsp FRSqrt_fulldsp FRSqrt_nodsp FRecip_fulldsp FRecip_nodsp FSqrt HAddSub_nodsp HDiv HMul_fulldsp HMul_maxdsp HMul_nodsp HSqrt Mul Mul2S Mul3S Mul4S Mul5S Mul6S Mul_LUT MulnS MuxnS" --ve --vetcl C:/Users/Jack/Desktop/cse237d/Underwater-Acoustic-Detection/src/hw_soln/signal_hits/solution1/.autopilot/db --ca --es --gf --df --pd --p2d C:/Users/Jack/Desktop/cse237d/Underwater-Acoustic-Detection/src/hw_soln/signal_hits/solution1/.autopilot/db --sd --scff C:/Users/Jack/Desktop/cse237d/Underwater-Acoustic-Detection/src/hw_soln/signal_hits/solution1/.autopilot/db/.systemc_flag --ad

@I [HLS-0] Marker-Pragma convertor: C:/Users/Jack/Desktop/cse237d/Underwater-Acoustic-Detection/src/hw_soln/signal_hits/solution1/.autopilot/db/signal_hits.pp.0.cpp.ap-cdt.cpp C:/Users/Jack/Desktop/cse237d/Underwater-Acoustic-Detection/src/hw_soln/signal_hits/solution1/.autopilot/db/signal_hits.pragma.0.cpp C:/Users/Jack/Desktop/cse237d/Underwater-Acoustic-Detection/src/hw_soln/signal_hits/solution1/.autopilot/db/signal_hits.pragma.0.cpp.ap-line.CXX 0
@I [HLS-100] Command "source C:/Users/Jack/Desktop/cse237d/Underwater-Acoustic-Detection/src/hw_soln/signal_hits/solution1/.autopilot/db/pragma.status.tcl "
@I [HLS-100] Command 'ap_source' returned 0; elapsed 0.005Total elapsed time: 56.44 sec.
@I [HLS-0] CDT processor time: 47 seconds per iteration
@I [HLS-0] Pragma handling time: 5 seconds per iteration
@I [HLS-0] 
Source preprocessing: exec clang -fno-limit-debug-info -gcc-toolchain "C:/Xilinx/Vivado_HLS/2015.4/msys" -hls -fno-exceptions  -D__llvm__  -CC -E "C:/Users/Jack/Desktop/cse237d/Underwater-Acoustic-Detection/src/hw_soln/signal_hits/solution1/.autopilot/db/signal_hits.pragma.1.cpp"     -fno-math-errno -c -emit-llvm -O0  -mllvm -disable-llvm-optzns -fno-threadsafe-statics  -fno-use-cxa-atexit  -fno-threadsafe-statics -fno-use-cxa-atexit -D__cdecl= -DAESL_SYN -D__SYNTHESIS__ -D__HLS_SYN__ -I "C:/Xilinx/Vivado_HLS/2015.4/common/technology/autopilot" -I "C:/Xilinx/Vivado_HLS/2015.4/common/technology/autopilot/ap_sysc" -include etc/autopilot_ssdm_op.h  -o "C:/Users/Jack/Desktop/cse237d/Underwater-Acoustic-Detection/src/hw_soln/signal_hits/solution1/.autopilot/db/signal_hits.pragma.2.cpp"

@I [HLS-0] exec clang -fno-limit-debug-info -gcc-toolchain C:/Xilinx/Vivado_HLS/2015.4/msys -hls -hls-analyze-label -hls-analyze-pragma -fno-exceptions  -D__llvm__  -w  "C:/Users/Jack/Desktop/cse237d/Underwater-Acoustic-Detection/src/hw_soln/signal_hits/solution1/.autopilot/db/signal_hits.pragma.2.cpp"    -fno-math-errno -c -emit-llvm -O0  -mllvm -disable-llvm-optzns -fno-threadsafe-statics  -fno-use-cxa-atexit -DAESL_SYN -D__SYNTHESIS__ -D__HLS_SYN__ -I "C:/Xilinx/Vivado_HLS/2015.4/common/technology/autopilot" -I "C:/Xilinx/Vivado_HLS/2015.4/common/technology/autopilot/ap_sysc" -include etc/autopilot_ssdm_op.h -g -o "C:/Users/Jack/Desktop/cse237d/Underwater-Acoustic-Detection/src/hw_soln/signal_hits/solution1/.autopilot/db/signal_hits.g.bc"
@I [HLS-100] Command "source C:/Users/Jack/Desktop/cse237d/Underwater-Acoustic-Detection/src/hw_soln/signal_hits/solution1/.autopilot/db/ve_warning.tcl "
@I [HLS-100] Command 'ap_source' returned 0; elapsed 0.004Total elapsed time: 69.47 sec.
@I [HLS-10] Validating synthesis directives ...
@0 [HLS-0] Validating synthesis directives ...
@I [HLS-100] Command "source C:/Users/Jack/Desktop/cse237d/Underwater-Acoustic-Detection/src/hw_soln/signal_hits/solution1/.autopilot/db/pragma.status.tcl "
@I [HLS-100] Command 'ap_source' returned 0; elapsed 0.006Total elapsed time: 69.55 sec.
@I [HLS-0] Linking all ...
@I [HLS-0] exec llvm-ld  "C:/Users/Jack/Desktop/cse237d/Underwater-Acoustic-Detection/src/hw_soln/signal_hits/solution1/.autopilot/db/signal_hits.bc"  -disable-opt  -LC:/Xilinx/Vivado_HLS/2015.4/win64/lib -lm_basic -o "C:/Users/Jack/Desktop/cse237d/Underwater-Acoustic-Detection/src/hw_soln/signal_hits/solution1/.autopilot/db/a.o.pre"
@I [HLS-0] Link time: 1 seconds per iteration
@I [HLS-0] Linking all ...
@I [HLS-0] exec llvm-ld  "C:/Users/Jack/Desktop/cse237d/Underwater-Acoustic-Detection/src/hw_soln/signal_hits/solution1/.autopilot/db/signal_hits.g.bc"  -disable-opt  -LC:/Xilinx/Vivado_HLS/2015.4/win64/lib -lm_basic -o "C:/Users/Jack/Desktop/cse237d/Underwater-Acoustic-Detection/src/hw_soln/signal_hits/solution1/.autopilot/db/a.g.pre"
@I [HLS-0] Link time: 1 seconds per iteration
@I [HLS-100] Command "opt_and_import_c a -opt_level=2 -skip_syncheck=0 -ng=0 -keep_printf=0 "
@I [HLS-100] Command "cleanup_all_models "
@I [HLS-100] Command 'cleanup_all_models' returned 0; elapsed 0Total elapsed time: 72.860 sec.
@I [HLS-10] Starting code transformations ...
@0 [HLS-0] Starting code transformations ...
@I [HLS-0] std xform: transform -hls -share-std-xform -always-inline -promote-dbg-pointer  -interface-preproc  -scalarrepl -mem2reg -keep-read-access -instcombine -dce  -promote-dbg-pointer  -bitop-raise  -indvars -loop-simplify -xunroll  -constprop -instcombine -simplifycfg -indvars  -simplifycfg -dce -globaldce  -basicaa  -simplifycfg -mem2reg -globalopt  -global-constprop -deadargelim -instcombine -simplifycfg  -prune-eh -simplifycfg  -scalarrepl -instcombine -reassociate -licm  -simplifycfg -loop-simplify -indvars -instcombine  -simplifycfg -mem2reg -loop-simplify -indvars -instcombine  -gvn -gvn -instcombine -adce  -break-crit-edges  -simplifycfg -loop-delete  -global-array-opt -dce -dse -adce  -find-syn-modules -top signal_hits  -deadargelim  -mem2reg -instcombine -dce  -presyn-prepare -auto-rom-infer  -interface-preproc  -syn-check -check-rec-only  -find-region -simplifycfg -func-extr -function-inline  -globaldce -mem2reg -instcombine -dce   -gvn -globaldce -adce -adse  -constprop -instcombine -bit-constprop  -instcombine -dce -simplifycfg -bitop-raise  -simplifycfg -dce -loop-delete -reassociate  -globalopt -global-privatize -mem2reg -dce  -global-constprop -pointer-simplify -constprop -dce  -func-inst -deadargelim  -promote-dbg-pointer  -norm-name   C:/Users/Jack/Desktop/cse237d/Underwater-Acoustic-Detection/src/hw_soln/signal_hits/solution1/.autopilot/db/a.g.0.bc -o C:/Users/Jack/Desktop/cse237d/Underwater-Acoustic-Detection/src/hw_soln/signal_hits/solution1/.autopilot/db/a.g.1.bc -f  -phase std-opt
@I [HLS-0] Std xform time: 0 seconds per iteration
@I [HLS-100] Command "is_encrypted C:/Users/Jack/Desktop/cse237d/Underwater-Acoustic-Detection/src/hw_soln/signal_hits/solution1/.autopilot/db/a.g.1.bc "
@I [HLS-100] Command 'is_encrypted' returned 0; elapsed 0.003Total elapsed time: 74.255 sec.
@I [HLS-10] Checking synthesizability ...
@0 [HLS-0] Checking synthesizability ...
@I [HLS-0] syn check 1/2: transform -hls -syn-check -check-rec-only -disaggr -scalarrepl -norm-name -dce  -mem2reg -instcombine  -function-uniquify -directive-preproc -mem2reg -dse -dce -auto-rom-infer -dce  -array-normalize -instcombine -dce  -array-seg-normalize -instcombine -dce  -array-flatten -instcombine -dce  -array-burst -dce  -deadargelim -promote-global-argument  -function-inline -globaldce -dce  -doublePtrSimplify -doublePtrElim -dce  -doublePtrSimplify -promote-dbg-pointer  -dce -scalarrepl -dse -adse -instcombine  -ptrLegalization  -simplifycfg -dce -instcombine  -pointer-simplify -ptrArgReplace -dce -instcombine   -disaggr -scalarrepl -norm-name -dce  -mem2reg -instcombine -ptrLegalization   -simplifycfg -deadargelim  -instcombine -dce -inst-simplify  -function-uniquify -directive-preproc -mem2reg -dse -dce  -globaldce    C:/Users/Jack/Desktop/cse237d/Underwater-Acoustic-Detection/src/hw_soln/signal_hits/solution1/.autopilot/db/a.g.1.bc -o C:/Users/Jack/Desktop/cse237d/Underwater-Acoustic-Detection/src/hw_soln/signal_hits/solution1/.autopilot/db/a.g.2.prechk.bc -f
@I [HLS-0] Syn check 1/2 time: 0 seconds per iteration
@I [HLS-0] syn check 2/2: transform -syn-check   C:/Users/Jack/Desktop/cse237d/Underwater-Acoustic-Detection/src/hw_soln/signal_hits/solution1/.autopilot/db/a.g.2.prechk.bc -o C:/Users/Jack/Desktop/cse237d/Underwater-Acoustic-Detection/src/hw_soln/signal_hits/solution1/.autopilot/db/a.g.2.bc -f  -phase syn-check
@I [HLS-0] Syn check 2/2 time: 0 seconds per iteration
@I [HLS-0] Compiler optimizing ...
@I [HLS-0] Share syncheck's 1.bc for syn flow: copy C:/Users/Jack/Desktop/cse237d/Underwater-Acoustic-Detection/src/hw_soln/signal_hits/solution1/.autopilot/db/a.g.1.bc to C:/Users/Jack/Desktop/cse237d/Underwater-Acoustic-Detection/src/hw_soln/signal_hits/solution1/.autopilot/db/a.o.1.bc
@I [HLS-0] presyn 1: transform -hls -tmp C:/Users/Jack/Desktop/cse237d/Underwater-Acoustic-Detection/src/hw_soln/signal_hits/solution1/.autopilot/db -type-info  -function-uniquify -directive-preproc -mem2reg -dse -dce  -disaggr -scalarrepl -norm-name -deadargelim  -mem2reg -instcombine -dce -auto-rom-infer -dce -function-uniquify  -resource-proc  -clib-intrinsic-prepare -dce  -func-buffer -dce -array-normalize  -func-legal -instcombine -gvn -constprop -dce   -ptrArgReplace -mem2reg -instcombine -dce  -array-seg-normalize -deadargelim  -instcombine -dce  -pointer-simplify -dce  -port-alignment -dce  -interface-preproc  -data-pack -instcombine -dce   -basicaa -aggr-aa -aggrmodref-aa -aggr-aa -gvn -gvn  -basicaa -aggr-aa -aggrmodref-aa -aggr-aa -dse -adse -adce  -loop-simplify -indvars -instcombine  -gvn -loop-simplify -mem2reg -dce -simplifycfg  -find-region -instcombine  -auto-loop-pipeline  -inst-simplify  -interface-preproc  -indvars -auto-loop-unroll -loop-simplify -loop-bound -xunroll  -constprop -instcombine -simplifycfg -indvars  -simplifycfg -dce -globaldce  -attach-range  -gvn -inst-simplify  -constprop -simplifycfg -dce  -pointer-simplify -dce  -globalopt -constprop -dce  -array-promote -constprop -instcombine -dce  -ptrArgReplace -mem2reg  -instcombine -simplifycfg -dce  -auto-par -instcombine -dce  -array-transform-check  -array-reshape -instcombine -simplifycfg -dce  -ptrArgReplace -deadargelim -mem2reg  -instcombine -simplifycfg -dce   -duplicate-dataflow-processes -globaldce  -array-partition -instcombine -simplifycfg -dce  -ptrArgReplace -global-constprop -deadargelim -mem2reg  -func-legal -instcombine -dce -global-constprop -deadargelim -mem2reg  -instcombine -simplifycfg -dce   -globalopt -constprop -dce  -array-promote -constprop -instcombine -dce  -ptrArgReplace -mem2reg  -instcombine -simplifycfg -dce   -mem-intrinsic-preproc -dce  -global-privatize  -mem2reg -globaldce  -promote-global-argument  -ptrArgReplace -mem2reg -instcombine -dce  -globalopt -mergereturn -simplify-global-access -mem2reg -dce  -pointer-simplify -dce  -functionattrs  -basicaa -aggr-aa -aggrmodref-aa -aggr-aa -gvn -gvn  -basicaa -aggr-aa -aggrmodref-aa -aggr-aa -dse -adse -adce  -inst-simplify -dce -norm-name  -function-inline -globaldce  -func-inst -constprop -instcombine -simplifycfg -dce  -func-legal -dce   -loop-bound  -arraycheck -bitwidthmin -on-by-dataflow  -loop-delete -instcombine -simplifycfg  -globaldce -dce -gvn -deadargelim -dce -loop-simplify -clean-region -simplifycfg -propagate-stable-arguments  -loop-stream -instcombine -simplifycfg -dce -globaldce  -stream-intrinsic-preproc -dce  -check-ap-stream -loop-simplify -eliminate-keepreads  -extract-dataflow-in-loop -loop-simplify -dce -gvn -deadargelim  -check-dataflow-syntax  -legalize-stream-variable -legalize-global -legalize-global-1  -extract-subproc -dce -dead-channel-elimination  -canonicalize-gep -globaldce -dce -gvn -deadargelim  -scalar-propagation -deadargelim -globaldce -mem2reg  -check-dataflow-channels -function-stream -dce -globaldce  -prop-fifo-spec -internal-stream-gen  -canonicalize-gep -globaldce -dce -gvn -deadargelim   -mergereturn -indvars -loop-simplify  -array-stream -instcombine -simplifycfg -dce  -bundle-memfifo-ops -deadargelim    -function-uniquify -directive-preproc -mem2reg -dse -dce  -group-axi-access    -licm -simplifycfg -dce -loop-delete  -norm-name  C:/Users/Jack/Desktop/cse237d/Underwater-Acoustic-Detection/src/hw_soln/signal_hits/solution1/.autopilot/db/a.o.1.bc -o C:/Users/Jack/Desktop/cse237d/Underwater-Acoustic-Detection/src/hw_soln/signal_hits/solution1/.autopilot/db/a.o.1.tmp.bc -f
@I [HLS-0] Presyn 1 time: 0 seconds per iteration
@I [HLS-0] presyn 2: transform -hls -keep-callgraph -scalarrepl -mem2reg  -port-alignment -attach-range -dce  -pipe-mux-gen  -indvars -loop-bound  -inst-simplify -instcombine -dce  -merge-array-access -mem2reg -dce  -clean-region -mergereturn -if-conv  -instcombine -dce -constprop  -basicaa -aggr-aa -aggrmodref-aa -aggr-aa -gvn -gvn  -basicaa -aggr-aa -aggrmodref-aa -aggr-aa -dse -adse -adce  -scalarrepl -mem2reg  -global-constprop -deadargelim -deadargelim  -instcombine -dce -simplifycfg    -ptrArgReplace -mem2reg -function-inline  -globaldce -mem2reg -instcombine -dce -expr-balance  -instcombine -dce  -bitwidthmin  -directive-preproc  -inst-rectify -instcombine -dce  -functionattrs  -constprop -instcombine -bit-constprop  -simplify-global-access  -globalopt -globaldce  -inst-simplify -instcombine -elimdeaddata -dce  -loop-delete -simplifycfg   -norm-name C:/Users/Jack/Desktop/cse237d/Underwater-Acoustic-Detection/src/hw_soln/signal_hits/solution1/.autopilot/db/a.o.1.tmp.bc -o C:/Users/Jack/Desktop/cse237d/Underwater-Acoustic-Detection/src/hw_soln/signal_hits/solution1/.autopilot/db/a.o.2.bc -f  -phase presyn
@I [HLS-0] Presyn 2 time: 0 seconds per iteration
@I [HLS-100] Command "is_encrypted C:/Users/Jack/Desktop/cse237d/Underwater-Acoustic-Detection/src/hw_soln/signal_hits/solution1/.autopilot/db/a.o.2.bc "
@I [HLS-100] Command 'is_encrypted' returned 0; elapsed 0.001Total elapsed time: 75.688 sec.
@I [HLS-0] build ssdm: transform -hls  -function-uniquify -auto-function-inline -globaldce  -ptrArgReplace -mem2reg -instcombine -dce  -reset-lda  -loop-simplify -indvars -licm -loop-dep  -loop-bound -licm -loop-simplify -flattenloopnest  -array-flatten -gvn -instcombine -dce  -array-map -dce -func-legal  -gvn -adce -instcombine -cfgopt -simplifycfg -loop-simplify   -array-burst -promote-global-argument -dce  -axi4-lower -array-seg-normalize  -basicaa -aggrmodref-aa -globalsmodref-aa -aggr-aa -gvn -gvn  -basicaa -aggrmodref-aa -globalsmodref-aa -aggr-aa -dse -adse -adce -licm  -inst-simplify -dce  -globaldce -array-stream -eliminate-keepreads -instcombine  -dce   -deadargelim -doublePtrSimplify  -doublePtrElim -dce -doublePtrSimplify -promote-dbg-pointer  -dce -scalarrepl -mem2reg -disaggr -norm-name -mem2reg  -instcombine  -dse -adse -adce -ptrLegalization -dce -auto-rom-infer -array-flatten -dce -instcombine  -loop-rot -constprop -cfgopt -simplifycfg -loop-simplify -indvars -pointer-simplify -dce -loop-bound  -loop-simplify -loop-preproc  -constprop -global-constprop -gvn -mem2reg -instcombine -dce  -loop-merge -dce  -bitwidthmin  -deadargelim -dce  -scalar-propagation -deadargelim -globaldce -mem2reg  -interface-preproc -interface-gen  -deadargelim -directive-preproc -inst-simplify -dce  -gvn -mem2reg -instcombine -dce -adse  -loop-bound  -instcombine -cfgopt -simplifycfg -loop-simplify  -clean-region -io-protocol  -find-region -mem2reg  -bitop-raise  -inst-simplify -inst-rectify -instcombine -adce -deadargelim  -loop-simplify -phi-opt -bitop-raise  -cfgopt -simplifycfg -strip-dead-prototypes  -interface-lower -bitop-lower -intrinsic-lower -auto-function-inline  -basicaa -aggrmodref-aa -globalsmodref-aa -aggr-aa  -inst-simplify -simplifycfg   -mergereturn -inst-simplify -inst-rectify  -dce -bitop-lower  -loop-rewind -pointer-simplify -dce -cfgopt  -read-loop-dep -dce -bitwidth -norm-name -legalize    -cdfg-build  C:/Users/Jack/Desktop/cse237d/Underwater-Acoustic-Detection/src/hw_soln/signal_hits/solution1/.autopilot/db/a.o.2.bc -o C:/Users/Jack/Desktop/cse237d/Underwater-Acoustic-Detection/src/hw_soln/signal_hits/solution1/.autopilot/db/a.o.3.bc -f  -phase build-ssdm
@I [HLS-0] Build ssdm time: 0 seconds per iteration
@I [HLS-100] Command "is_encrypted C:/Users/Jack/Desktop/cse237d/Underwater-Acoustic-Detection/src/hw_soln/signal_hits/solution1/.autopilot/db/a.o.3.bc "
@I [HLS-100] Command 'is_encrypted' returned 0; elapsed 0.001Total elapsed time: 76.411 sec.
@I [HLS-0] Finish building internal data model.
@I [HLS-100] Command 'opt_and_import_c' returned 0; elapsed 3.631Total elapsed time: 76.491 sec.
@I [HLS-111] Elapsed time: 76.525 seconds; current memory usage: 80.6 MB.
@I [HLS-100] Command 'elaborate' returned 0; elapsed 72.829Total elapsed time: 76.513 sec.
@I [HLS-100] Command "autosyn "
@I [HLS-10] Starting hardware synthesis ...
@0 [HLS-0] Starting hardware synthesis ...
@I [HLS-0] Synthesizing C/C++ design ...
@I [HLS-10] Synthesizing 'signal_hits' ...
@0 [HLS-0] Synthesizing 'signal_hits' ...
@I [HLS-100] Command "ap_set_top_model signal_hits "
@I [HLS-100] Command 'ap_set_top_model' returned 0; elapsed 0Total elapsed time: 76.519 sec.
@I [HLS-100] Command "get_model_list signal_hits -filter all-wo-channel -topdown "
@I [HLS-100] Command 'get_model_list' returned 0; elapsed 0Total elapsed time: 76.519 sec.
@I [HLS-100] Command "preproc_iomode -model signal_hits "
@I [HLS-100] Command 'preproc_iomode' returned 0; elapsed 0Total elapsed time: 76.520 sec.
@I [HLS-100] Command "get_model_list signal_hits -filter all-wo-channel "
@I [HLS-100] Command 'get_model_list' returned 0; elapsed 0Total elapsed time: 76.522 sec.
@I [HLS-0] Model list for configure: signal_hits
@I [HLS-0] Configuring Module : signal_hits ...
@I [HLS-100] Command "set_default_model signal_hits "
@I [HLS-100] Command 'set_default_model' returned 0; elapsed 0Total elapsed time: 76.523 sec.
@I [HLS-100] Command "apply_spec_resource_limit signal_hits "
@I [HLS-100] Command 'apply_spec_resource_limit' returned 0; elapsed 0Total elapsed time: 76.523 sec.
@I [HLS-0] Model list for preprocess: signal_hits
@I [HLS-0] Preprocessing Module: signal_hits ...
@I [HLS-100] Command "set_default_model signal_hits "
@I [HLS-100] Command 'set_default_model' returned 0; elapsed 0Total elapsed time: 76.523 sec.
@I [HLS-100] Command "cdfg_preprocess -model signal_hits "
@I [HLS-100] Command 'cdfg_preprocess' returned 0; elapsed 0.002Total elapsed time: 76.526 sec.
@I [HLS-100] Command "rtl_gen_preprocess signal_hits "
@I [HLS-100] Command 'rtl_gen_preprocess' returned 0; elapsed 0.002Total elapsed time: 76.528 sec.
@I [HLS-0] Model list for synthesis: signal_hits
@I [HLS-10] ----------------------------------------------------------------
@0 [HLS-0] ----------------------------------------------------------------
@I [HLS-10] -- Scheduling module 'signal_hits' 
@0 [HLS-0] -- Scheduling module 'signal_hits' 
@I [HLS-10] ----------------------------------------------------------------
@0 [HLS-0] ----------------------------------------------------------------
@I [HLS-100] Command "set_default_model signal_hits "
@I [HLS-100] Command 'set_default_model' returned 0; elapsed 0Total elapsed time: 76.529 sec.
@I [HLS-100] Command "schedule -model signal_hits "
@I [SCHED-11] Starting scheduling ...
@I [SCHED-61] Pipelining loop 'Loop 1'.
@I [SCHED-61] Pipelining result: Target II: 1, Final II: 1, Depth: 6.
@I [SCHED-11] Finished scheduling.
@I [HLS-100] Command 'schedule' returned 0; elapsed 0.85Total elapsed time: 77.379 sec.
@I [HLS-111] Elapsed time: 0.896 seconds; current memory usage: 81.9 MB.
@I [HLS-100] Command "report -o C:/Users/Jack/Desktop/cse237d/Underwater-Acoustic-Detection/src/hw_soln/signal_hits/solution1/.autopilot/db/signal_hits.verbose.sched.rpt -verbose -f "
@I [HLS-100] Command 'report' returned 0; elapsed 0.069Total elapsed time: 77.480 sec.
@I [HLS-100] Command "db_write -o C:/Users/Jack/Desktop/cse237d/Underwater-Acoustic-Detection/src/hw_soln/signal_hits/solution1/.autopilot/db/signal_hits.sched.adb -f "
@I [HLS-100] Command 'db_write' returned 0; elapsed 0.082Total elapsed time: 77.563 sec.
@I [HLS-0] Finish scheduling signal_hits.
@I [HLS-10] ----------------------------------------------------------------
@0 [HLS-0] ----------------------------------------------------------------
@I [HLS-10] -- Exploring micro-architecture for module 'signal_hits' 
@0 [HLS-0] -- Exploring micro-architecture for module 'signal_hits' 
@I [HLS-10] ----------------------------------------------------------------
@0 [HLS-0] ----------------------------------------------------------------
@I [HLS-100] Command "set_default_model signal_hits "
@I [HLS-100] Command 'set_default_model' returned 0; elapsed 0Total elapsed time: 77.574 sec.
@I [HLS-100] Command "bind -model signal_hits "
@I [BIND-110] clear=
@I [BIND-110] debug=
@I [BIND-110] drf=
@I [BIND-110] effort=
@I [BIND-110] fast_refine=
@I [BIND-110] fu_weight=[ 0.0 -- 1.0 ]
@I [BIND-110] global_opt=
@I [BIND-110] gsearch=
@I [BIND-110] help=
@I [BIND-110] help-hidden=
@I [BIND-110] min_mem_port=
@I [BIND-110] min_op=
@I [BIND-110] minreg=
@I [BIND-110] ml=
@I [BIND-110] model=signal_hits
@I [BIND-110] no_false_path=
@I [BIND-110] no_min_op=
@I [BIND-110] normalize=
@I [BIND-110] quiet=
@I [BIND-110] refine=
@I [BIND-110] reg_weight=[ 0.0 -- 1.0 ]
@I [BIND-110] search=
@I [BIND-110] tight_delay=
@I [BIND-110] verbose=
@I [BIND-110] wFF=
@I [BIND-110] wFU=
@I [BIND-110] wMUX=
@I [BIND-110] wNET=
@I [BIND-100] Starting micro-architecture generation ...
@I [BIND-101] Performing variable lifetime analysis.
@I [BIND-101] Exploring resource sharing.
@I [BIND-101] Binding ...
@I [BIND-100] Finished micro-architecture generation.
@I [HLS-100] Command 'bind' returned 0; elapsed 0.03Total elapsed time: 77.604 sec.
@I [HLS-111] Elapsed time: 0.218 seconds; current memory usage: 81.9 MB.
@I [HLS-100] Command "report -o C:/Users/Jack/Desktop/cse237d/Underwater-Acoustic-Detection/src/hw_soln/signal_hits/solution1/.autopilot/db/signal_hits.verbose.bind.rpt -verbose -f "
@I [HLS-100] Command 'report' returned 0; elapsed 0.143Total elapsed time: 77.770 sec.
@I [HLS-100] Command "db_write -o C:/Users/Jack/Desktop/cse237d/Underwater-Acoustic-Detection/src/hw_soln/signal_hits/solution1/.autopilot/db/signal_hits.bind.adb -f "
@I [HLS-100] Command 'db_write' returned 0; elapsed 0.095Total elapsed time: 77.866 sec.
@I [HLS-0] Finish binding signal_hits.
@I [HLS-100] Command "get_model_list signal_hits -filter all-wo-channel "
@I [HLS-100] Command 'get_model_list' returned 0; elapsed 0Total elapsed time: 77.867 sec.
@I [HLS-0] Preprocessing for RTLGen ...
@I [HLS-100] Command "rtl_gen_preprocess signal_hits "
@I [HLS-100] Command 'rtl_gen_preprocess' returned 0; elapsed 0.002Total elapsed time: 77.869 sec.
@I [HLS-0] Model list for RTL generation: signal_hits
@I [HLS-10] ----------------------------------------------------------------
@0 [HLS-0] ----------------------------------------------------------------
@I [HLS-10] -- Generating RTL for module 'signal_hits' 
@0 [HLS-0] -- Generating RTL for module 'signal_hits' 
@I [HLS-10] ----------------------------------------------------------------
@0 [HLS-0] ----------------------------------------------------------------
@I [HLS-100] Command "create_rtl_model signal_hits -vendor xilinx -mg_file C:/Users/Jack/Desktop/cse237d/Underwater-Acoustic-Detection/src/hw_soln/signal_hits/solution1/.autopilot/db/signal_hits.compgen.tcl "
@I [RTGEN-500] Setting interface mode on port 'signal_hits/threshold' to 'ap_none'.
@I [RTGEN-500] Setting interface mode on port 'signal_hits/signals_V' to 'ap_fifo'.
@I [RTGEN-500] Setting interface mode on port 'signal_hits/hits_V' to 'ap_fifo'.
@I [RTGEN-500] Setting interface mode on port 'signal_hits/locs_V' to 'ap_fifo'.
@I [RTGEN-500] Setting interface mode on function 'signal_hits' to 'ap_ctrl_hs'.
@I [RTGEN-100] Generating core module 'signal_hits_fcmp_32ns_32ns_1_4': 1 instance(s).
@I [RTGEN-100] Finished creating RTL model for 'signal_hits'.
@I [HLS-100] Command 'create_rtl_model' returned 0; elapsed 0.117Total elapsed time: 78.1 sec.
@I [HLS-111] Elapsed time: 0.42 seconds; current memory usage: 81.8 MB.
@I [HLS-100] Command "source C:/Users/Jack/Desktop/cse237d/Underwater-Acoustic-Detection/src/hw_soln/signal_hits/solution1/.autopilot/db/signal_hits.rtl_wrap.cfg.tcl "
@I [HLS-100] Command 'ap_source' returned 0; elapsed 0.006Total elapsed time: 78.55 sec.
@I [HLS-100] Command "gen_rtl signal_hits -istop -style xilinx -tracefl mytrace -tracefmt vcd -traceopt all -f -lang sc -o C:/Users/Jack/Desktop/cse237d/Underwater-Acoustic-Detection/src/hw_soln/signal_hits/solution1/syn/systemc/signal_hits -synmodules signal_hits "
@I [HLS-100] Command 'gen_rtl' returned 0; elapsed 0.044Total elapsed time: 78.105 sec.
@I [HLS-100] Command "gen_rtl signal_hits -istop -style xilinx -f -lang vhdl -o C:/Users/Jack/Desktop/cse237d/Underwater-Acoustic-Detection/src/hw_soln/signal_hits/solution1/syn/vhdl/signal_hits "
@I [HLS-100] Command 'gen_rtl' returned 0; elapsed 0.106Total elapsed time: 78.212 sec.
@I [HLS-100] Command "gen_rtl signal_hits -istop -style xilinx -f -lang vlog -o C:/Users/Jack/Desktop/cse237d/Underwater-Acoustic-Detection/src/hw_soln/signal_hits/solution1/syn/verilog/signal_hits "
@I [HLS-100] Command 'gen_rtl' returned 0; elapsed 0.077Total elapsed time: 78.290 sec.
@I [HLS-100] Command "export_constraint_db -o C:/Users/Jack/Desktop/cse237d/Underwater-Acoustic-Detection/src/hw_soln/signal_hits/solution1/.autopilot/db/signal_hits.constraint.tcl -f -tool general "
@I [HLS-100] Command 'export_constraint_db' returned 0; elapsed 0.004Total elapsed time: 78.295 sec.
@I [HLS-100] Command "report -model signal_hits -o C:/Users/Jack/Desktop/cse237d/Underwater-Acoustic-Detection/src/hw_soln/signal_hits/solution1/.autopilot/db/signal_hits.design.xml -verbose -f -dv "
@I [HLS-100] Command 'report' returned 0; elapsed 0.261Total elapsed time: 78.557 sec.
@I [HLS-100] Command "report -model signal_hits -o C:/Users/Jack/Desktop/cse237d/Underwater-Acoustic-Detection/src/hw_soln/signal_hits/solution1/.autopilot/db/signal_hits.sdaccel.xml -verbose -f -sdaccel "
@I [HLS-100] Command 'report' returned 0; elapsed 0.147Total elapsed time: 78.705 sec.
@I [HLS-100] Command "gen_tb_info signal_hits -o C:/Users/Jack/Desktop/cse237d/Underwater-Acoustic-Detection/src/hw_soln/signal_hits/solution1/.autopilot/db/signal_hits -p C:/Users/Jack/Desktop/cse237d/Underwater-Acoustic-Detection/src/hw_soln/signal_hits/solution1/.autopilot/db "
@I [HLS-100] Command 'gen_tb_info' returned 0; elapsed 0.093Total elapsed time: 78.800 sec.
@I [HLS-100] Command "report -model signal_hits -o C:/Users/Jack/Desktop/cse237d/Underwater-Acoustic-Detection/src/hw_soln/signal_hits/solution1/syn/report/signal_hits_csynth.rpt -f "
@I [HLS-100] Command 'report' returned 0; elapsed 0.071Total elapsed time: 78.872 sec.
@I [HLS-100] Command "report -model signal_hits -o C:/Users/Jack/Desktop/cse237d/Underwater-Acoustic-Detection/src/hw_soln/signal_hits/solution1/syn/report/signal_hits_csynth.xml -f -x "
@I [HLS-100] Command 'report' returned 0; elapsed 0.062Total elapsed time: 78.934 sec.
@I [HLS-100] Command "report -model signal_hits -o C:/Users/Jack/Desktop/cse237d/Underwater-Acoustic-Detection/src/hw_soln/signal_hits/solution1/.autopilot/db/signal_hits.verbose.rpt -verbose -f "
@I [HLS-100] Command 'report' returned 0; elapsed 0.161Total elapsed time: 79.96 sec.
@I [HLS-100] Command "db_write -model signal_hits -o C:/Users/Jack/Desktop/cse237d/Underwater-Acoustic-Detection/src/hw_soln/signal_hits/solution1/.autopilot/db/signal_hits.adb -f "
@I [HLS-100] Command 'db_write' returned 0; elapsed 0.079Total elapsed time: 79.179 sec.
@I [HLS-100] Command "sc_get_clocks signal_hits "
@I [HLS-100] Command 'sc_get_clocks' returned 0; elapsed 0Total elapsed time: 79.352 sec.
@I [HLS-100] Command "sc_get_portdomain signal_hits "
@I [HLS-100] Command 'sc_get_portdomain' returned 0; elapsed 0Total elapsed time: 79.352 sec.
@I [HLS-0] Model list for RTL component generation: signal_hits
@I [HLS-0] Handling components in module [signal_hits] ... 
@I [HLS-100] Command "source C:/Users/Jack/Desktop/cse237d/Underwater-Acoustic-Detection/src/hw_soln/signal_hits/solution1/.autopilot/db/signal_hits.compgen.tcl "
@I [HLS-0] Found component signal_hits_fcmp_32ns_32ns_1_4.
@I [HLS-0] Append model signal_hits_fcmp_32ns_32ns_1_4
@I [HLS-100] Command 'ap_source' returned 0; elapsed 0.007Total elapsed time: 79.391 sec.
@I [HLS-0] Append model signal_hits
@I [HLS-0] Generating RTL model list ...
@I [HLS-0] All models in this session: signal_hits_fcmp_32ns_32ns_1_4 signal_hits
@I [HLS-0] To file: write model signal_hits_fcmp_32ns_32ns_1_4
@I [HLS-0] To file: write model signal_hits
@I [HLS-0] Finished generating RTL model list.


@I [HLS-0] RTL Generation done.
@I [HLS-0] CAS Generation done.
@I [HLS-0] CBC Generation done.
@I [HLS-100] Command "export_ssdm C:/Users/Jack/Desktop/cse237d/Underwater-Acoustic-Detection/src/hw_soln/signal_hits/solution1/.autopilot/db/a.export.ll "
@I [HLS-100] Command 'export_ssdm' returned 0; elapsed 0.016Total elapsed time: 79.437 sec.
@I [HLS-100] Command "source C:/Users/Jack/Desktop/cse237d/Underwater-Acoustic-Detection/src/hw_soln/signal_hits/solution1/.autopilot/db/global.setting.tcl "
@I [HLS-100] Command 'ap_source' returned 0; elapsed 0.006Total elapsed time: 79.459 sec.
@I [HLS-100] Command "source C:/Xilinx/Vivado_HLS/2015.4/common/technology/generic/autopilot/common.gen "
@I [HLS-100] Command "source C:/Xilinx/Vivado_HLS/2015.4/common/technology/generic/autopilot/APCoreGen.gen "
@I [HLS-100] Command 'ap_source' returned 0; elapsed 0.005Total elapsed time: 79.467 sec.
@I [HLS-100] Command 'ap_source' returned 0; elapsed 0.009Total elapsed time: 79.469 sec.
@I [HLS-100] Command "source C:/Xilinx/Vivado_HLS/2015.4/common/technology/generic/autopilot/op.gen "
@I [HLS-100] Command 'ap_source' returned 0; elapsed 0.002Total elapsed time: 79.471 sec.
@I [HLS-100] Command "source C:/Xilinx/Vivado_HLS/2015.4/common/technology/generic/autopilot/op_simcore.gen "
@I [HLS-100] Command 'ap_source' returned 0; elapsed 0.006Total elapsed time: 79.477 sec.
@I [HLS-100] Command "source C:/Xilinx/Vivado_HLS/2015.4/common/technology/generic/autopilot/interface.gen "
@I [HLS-100] Command 'ap_source' returned 0; elapsed 0.001Total elapsed time: 79.478 sec.
@I [HLS-100] Command "source C:/Users/Jack/Desktop/cse237d/Underwater-Acoustic-Detection/src/hw_soln/signal_hits/solution1/.autopilot/db/global.setting.tcl "
@I [HLS-100] Command 'ap_source' returned 0; elapsed 0.006Total elapsed time: 79.484 sec.
@I [HLS-100] Command "source C:/Xilinx/Vivado_HLS/2015.4/common/technology/xilinx/zynq/zynq.gen "
@I [HLS-100] Command "source C:/Xilinx/Vivado_HLS/2015.4/common/technology/xilinx/common/virtex.gen "
@I [HLS-100] Command "source C:/Xilinx/Vivado_HLS/2015.4/common/technology/xilinx/common/xilinx.gen "
@I [HLS-100] Command "source C:/Xilinx/Vivado_HLS/2015.4/common/technology/xilinx/interface/plb46.gen "
@I [HLS-100] Command 'ap_source' returned 0; elapsed 0.005Total elapsed time: 79.495 sec.
@I [HLS-100] Command "source C:/Xilinx/Vivado_HLS/2015.4/common/technology/xilinx/interface/fsl.gen "
@I [HLS-100] Command 'ap_source' returned 0; elapsed 0.002Total elapsed time: 79.497 sec.
@I [HLS-100] Command "source C:/Xilinx/Vivado_HLS/2015.4/common/technology/xilinx/interface/axi4.gen "
@I [HLS-100] Command 'ap_source' returned 0; elapsed 0.012Total elapsed time: 79.509 sec.
@I [HLS-100] Command "source C:/Xilinx/Vivado_HLS/2015.4/common/technology/xilinx/interface/nativeAXI4.gen "
@I [HLS-100] Command "source C:/Xilinx/Vivado_HLS/2015.4/common/technology/xilinx/interface/saxilite.gen "
@I [HLS-100] Command 'ap_source' returned 0; elapsed 0.013Total elapsed time: 79.523 sec.
@I [HLS-100] Command "source C:/Xilinx/Vivado_HLS/2015.4/common/technology/xilinx/interface/maxi.gen "
@I [HLS-100] Command 'ap_source' returned 0; elapsed 0.027Total elapsed time: 79.550 sec.
@I [HLS-100] Command 'ap_source' returned 0; elapsed 0.041Total elapsed time: 79.550 sec.
@I [HLS-100] Command "source C:/Xilinx/Vivado_HLS/2015.4/common/technology/xilinx/scripts/xilinxcoregen.gen "
@I [HLS-100] Command 'ap_source' returned 0; elapsed 0.031Total elapsed time: 79.581 sec.
@I [HLS-100] Command "source C:/Xilinx/Vivado_HLS/2015.4/common/technology/xilinx/interface/XilEDKCoreGen.gen "
@I [HLS-100] Command 'ap_source' returned 0; elapsed 0.029Total elapsed time: 79.610 sec.
@I [HLS-100] Command "source C:/Xilinx/Vivado_HLS/2015.4/common/technology/xilinx/ip/dds_compiler.gen "
@I [HLS-100] Command 'ap_source' returned 0; elapsed 0.012Total elapsed time: 79.624 sec.
@I [HLS-100] Command "source C:/Xilinx/Vivado_HLS/2015.4/common/technology/xilinx/ip/util.gen "
@I [HLS-100] Command 'ap_source' returned 0; elapsed 0.001Total elapsed time: 79.625 sec.
@I [HLS-100] Command "source C:/Xilinx/Vivado_HLS/2015.4/common/technology/xilinx/ip/xfft.gen "
@I [HLS-100] Command 'ap_source' returned 0; elapsed 0.502Total elapsed time: 80.126 sec.
@I [HLS-100] Command "source C:/Xilinx/Vivado_HLS/2015.4/common/technology/xilinx/ip/xfir.gen "
@I [HLS-100] Command 'ap_source' returned 0; elapsed 0.125Total elapsed time: 80.252 sec.
@I [HLS-100] Command 'ap_source' returned 0; elapsed 0.763Total elapsed time: 80.252 sec.
@I [HLS-100] Command "source C:/Xilinx/Vivado_HLS/2015.4/common/technology/xilinx/common/dsp48.gen "
@I [HLS-100] Command 'ap_source' returned 0; elapsed 0.001Total elapsed time: 80.260 sec.
@I [HLS-100] Command 'ap_source' returned 0; elapsed 0.776Total elapsed time: 80.261 sec.
@I [HLS-100] Command 'ap_source' returned 0; elapsed 0.777Total elapsed time: 80.261 sec.
@I [HLS-100] Command "source C:/Xilinx/Vivado_HLS/2015.4/common/technology/xilinx/zynq/zynq_fpv6.gen "
@I [HLS-100] Command "source C:/Xilinx/Vivado_HLS/2015.4/common/technology/xilinx/common/xilinx_fpv6.gen "
@I [HLS-100] Command 'ap_source' returned 0; elapsed 0.008Total elapsed time: 80.271 sec.
@I [HLS-100] Command 'ap_source' returned 0; elapsed 0.009Total elapsed time: 80.271 sec.
@I [HLS-100] Command "source C:/Users/Jack/Desktop/cse237d/Underwater-Acoustic-Detection/src/hw_soln/signal_hits/solution1/.autopilot/db/global.setting.tcl "
@I [HLS-100] Command 'ap_source' returned 0; elapsed 0.006Total elapsed time: 80.283 sec.
@I [HLS-100] Command "source C:/Users/Jack/Desktop/cse237d/Underwater-Acoustic-Detection/src/hw_soln/signal_hits/solution1/.autopilot/db/global.setting.tcl "
@I [HLS-100] Command 'ap_source' returned 0; elapsed 0.007Total elapsed time: 80.291 sec.
@I [HLS-100] Command "source C:/Users/Jack/Desktop/cse237d/Underwater-Acoustic-Detection/src/hw_soln/signal_hits/solution1/.autopilot/db/global.setting.tcl "
@I [HLS-100] Command 'ap_source' returned 0; elapsed 0.006Total elapsed time: 80.299 sec.
@I [HLS-100] Command "source C:/Users/Jack/Desktop/cse237d/Underwater-Acoustic-Detection/src/hw_soln/signal_hits/solution1/.autopilot/db/global.setting.tcl "
@I [HLS-100] Command 'ap_source' returned 0; elapsed 0.004Total elapsed time: 80.304 sec.
@I [HLS-100] Command "source C:/Users/Jack/Desktop/cse237d/Underwater-Acoustic-Detection/src/hw_soln/signal_hits/solution1/.autopilot/db/signal_hits.compgen.tcl "
@I [HLS-100] Command 'ap_source' returned 0; elapsed 0.237Total elapsed time: 80.554 sec.
@I [HLS-10] Finished generating all RTL models.
@0 [HLS-0] Finished generating all RTL models.
@I [WSYSC-301] Generating RTL SystemC for 'signal_hits'.
@I [WVHDL-304] Generating RTL VHDL for 'signal_hits'.
@I [WVLOG-307] Generating RTL Verilog for 'signal_hits'.
@I [HLS-100] Command 'autosyn' returned 0; elapsed 4.152Total elapsed time: 80.665 sec.
@I [HLS-100] Command 'csynth_design' returned 0; elapsed 76.981Total elapsed time: 80.665 sec.
@I [HLS-100] Command 'ap_source' returned 0; elapsed 78.353Total elapsed time: 80.666 sec.
@I [HLS-100] Command "cleanup_all "
@I [HLS-100] Command 'cleanup_all' returned 0; elapsed 0.008Total elapsed time: 80.674 sec.
