#-----------------------------------------------------------
# xsim v2015.4.2 (64-bit)
# SW Build 1494164 on Fri Feb 26 04:18:56 MST 2016
# IP Build 1491208 on Wed Feb 24 03:25:39 MST 2016
# Start of session at: Mon May 08 22:20:47 2017
# Process ID: 3508
# Current directory: C:/Users/Jack/Desktop/cse237d/Underwater-Acoustic-Detection/src/hw_soln/peaks/solution2/sim/verilog
# Command line: xsim.exe -mode tcl -source {xsim.dir/peaks/xsim_script.tcl}
# Log file: C:/Users/Jack/Desktop/cse237d/Underwater-Acoustic-Detection/src/hw_soln/peaks/solution2/sim/verilog/xsim.log
# Journal file: C:/Users/Jack/Desktop/cse237d/Underwater-Acoustic-Detection/src/hw_soln/peaks/solution2/sim/verilog\xsim.jou
#-----------------------------------------------------------
source xsim.dir/peaks/xsim_script.tcl
# xsim {peaks} -maxdeltaid 10000 -autoloadwcfg -tclbatch {peaks.tcl}
Vivado Simulator 2015.4
Time resolution is 1 ps
source peaks.tcl
## run all
$finish called at time : 707500 ps : File "C:/Users/Jack/Desktop/cse237d/Underwater-Acoustic-Detection/src/hw_soln/peaks/solution2/sim/verilog/peaks.autotb.v" Line 351
## quit
INFO: [Common 17-206] Exiting xsim at Mon May 08 22:20:53 2017...
