==============================================================
File generated by Vivado(TM) HLS - High-Level Synthesis from C, C++ and SystemC
Version: 2015.4
Copyright (C) 2015 Xilinx Inc. All rights reserved.

==============================================================

@I [SYN-201] Setting up clock 'default' with a period of 5ns.
@I [HLS-10] Setting target device to 'xc7z020clg484-1'
@I [SIM-47] Using XSIM for RTL simulation.
@I [SIM-14] Instrumenting C test bench ...
@I [SIM-302] Starting C TB testing ... 
@I [SIM-333] Generating C post check test bench ...
@I [SIM-12] Generating RTL test bench ...
@I [SIM-323] Starting verilog simulation. 
@I [SIM-15] Starting XSIM ...
@I [SIM-316] Starting C post checking ...
@E [SIM-362] Aborting co-simulation: C TB post check failed.
@E [SIM-4] *** C/RTL co-simulation finished: FAIL ***
command 'ap_source' returned error code
    while executing
"source C:/Users/Jack/Desktop/cse237d/Underwater-Acoustic-Detection/src/hw_soln/running_threshold/solution1/cosim.tcl"
    invoked from within
"hls::main C:/Users/Jack/Desktop/cse237d/Underwater-Acoustic-Detection/src/hw_soln/running_threshold/solution1/cosim.tcl"
    ("uplevel" body line 1)
    invoked from within
"uplevel 1 hls::main {*}$args"
    (procedure "hls_proc" line 5)
    invoked from within
"hls_proc $argv"
