(c) Copyright 2012-2016 Xilinx, Inc. All Rights Reserved.
#-----------------------------------------------------------
# Tool version  : sds++ 2016.4 SW Build 1804799 on Mar  8 2017 18:30:58
# Start time    : Sun Jun 11 16:43:17 -0700 2017
# Command line  : sds++ -Wall -O3 -I../src -c -fmessage-length=0 -MTsrc/main.o -MMD -MP -MFsrc/main.d -MTsrc/main.o -o src/main.o ../src/main.cpp -sds-sys-config linux -sds-proc a9_0 -sds-pf zed
# Log file      : C:/Users/Jack/workspace/signal-detection/Release/_sds/reports/sds_main.log
# Journal file  : C:/Users/Jack/workspace/signal-detection/Release/_sds/reports/sds_main.jou
# Report file   : C:/Users/Jack/workspace/signal-detection/Release/_sds/reports/sds_main.rpt
#-----------------------------------------------------------

INFO: [SDSoC 0-0] Create data motion intermediate representation
clang_wrapper -I../src -Wall -fmessage-length=0 -MMD -MP -D __SDSCC__ -target arm-linux-gnueabihf -mcpu=cortex-a9 -mfpu=vfpv3 -mfloat-abi=hard -O0 -g     -I C:/Xilinx/SDx/2016.4/aarch32-linux/include  -I C:/Xilinx/SDx/2016.4/Vivado_HLS/include   -IC:/Xilinx/SDx/2016.4/SDK/gnu/aarch32/nt/gcc-arm-linux-gnueabi/arm-linux-gnueabihf/include/c++/5.2.1 -IC:/Xilinx/SDx/2016.4/SDK/gnu/aarch32/nt/gcc-arm-linux-gnueabi/arm-linux-gnueabihf/include/c++/5.2.1/arm-linux-gnueabihf -IC:/Xilinx/SDx/2016.4/SDK/gnu/aarch32/nt/gcc-arm-linux-gnueabi/arm-linux-gnueabihf/include/c++/5.2.1/backward -IC:/Xilinx/SDx/2016.4/SDK/gnu/aarch32/nt/gcc-arm-linux-gnueabi/lib/gcc/arm-linux-gnueabihf/5.2.1/include -IC:/Xilinx/SDx/2016.4/SDK/gnu/aarch32/nt/gcc-arm-linux-gnueabi/lib/gcc/arm-linux-gnueabihf/5.2.1/include-fixed -IC:/Xilinx/SDx/2016.4/SDK/gnu/aarch32/nt/gcc-arm-linux-gnueabi/arm-linux-gnueabihf/include -IC:/Xilinx/SDx/2016.4/SDK/gnu/aarch32/nt/gcc-arm-linux-gnueabi/arm-linux-gnueabihf/libc/usr/include -emit-llvm -S C:/Users/Jack/workspace/signal-detection/src/main.cpp -o C:/Users/Jack/workspace/signal-detection/Release/_sds/.llvm/src/main.s

C:\Users\Jack\workspace\signal-detection\Release>C:\Xilinx\SDx\2016.4\llvm-clang\win64\llvm\bin\clang.exe -I../src -Wall -fmessage-length=0 -MMD -MP -D __SDSCC__ -target arm-linux-gnueabihf -mcpu=cortex-a9 -mfpu=vfpv3 -mfloat-abi=hard -O0 -g -I C:/Xilinx/SDx/2016.4/aarch32-linux/include -I C:/Xilinx/SDx/2016.4/Vivado_HLS/include -IC:/Xilinx/SDx/2016.4/SDK/gnu/aarch32/nt/gcc-arm-linux-gnueabi/arm-linux-gnueabihf/include/c++/5.2.1 -IC:/Xilinx/SDx/2016.4/SDK/gnu/aarch32/nt/gcc-arm-linux-gnueabi/arm-linux-gnueabihf/include/c++/5.2.1/arm-linux-gnueabihf -IC:/Xilinx/SDx/2016.4/SDK/gnu/aarch32/nt/gcc-arm-linux-gnueabi/arm-linux-gnueabihf/include/c++/5.2.1/backward -IC:/Xilinx/SDx/2016.4/SDK/gnu/aarch32/nt/gcc-arm-linux-gnueabi/lib/gcc/arm-linux-gnueabihf/5.2.1/include -IC:/Xilinx/SDx/2016.4/SDK/gnu/aarch32/nt/gcc-arm-linux-gnueabi/lib/gcc/arm-linux-gnueabihf/5.2.1/include-fixed -IC:/Xilinx/SDx/2016.4/SDK/gnu/aarch32/nt/gcc-arm-linux-gnueabi/arm-linux-gnueabihf/include -IC:/Xilinx/SDx/2016.4/SDK/gnu/aarch32/nt/gcc-arm-linux-gnueabi/arm-linux-gnueabihf/libc/usr/include -emit-llvm -S C:/Users/Jack/workspace/signal-detection/src/main.cpp -o C:/Users/Jack/workspace/signal-detection/Release/_sds/.llvm/src/main.s 

C:\Users\Jack\workspace\signal-detection\Release>exit /b 0 
INFO: [SDSoC 0-0] Compiling C:/Users/Jack/workspace/signal-detection/src/main.cpp
arm-linux-gnueabihf-g++ -c -I../src -Wall -O3 -fmessage-length=0 -MMD -MP -D __SDSCC__ -MTC:/Users/Jack/workspace/signal-detection/Release/src/main.o -MFC:/Users/Jack/workspace/signal-detection/Release/src/main.d -MTC:/Users/Jack/workspace/signal-detection/Release/src/main.o     -I C:/Xilinx/SDx/2016.4/aarch32-linux/include  -I C:/Xilinx/SDx/2016.4/Vivado_HLS/include C:/Users/Jack/workspace/signal-detection/src/main.cpp -o src/main.o
C:/Users/Jack/workspace/signal-detection/src/main.cpp: In function 'int main()':
C:/Users/Jack/workspace/signal-detection/src/main.cpp:48:11: warning: variable 'fp' set but not used [-Wunused-but-set-variable]
     FILE *fp;
           ^
arm-linux-gnueabihf-objcopy --add-section .xdsdata=C:/Users/Jack/workspace/signal-detection/Release/_sds/swstubs/main.o.xml src/main.o
sds++ log file saved as C:/Users/Jack/workspace/signal-detection/Release/_sds/reports/sds_main.log
sds++ completed at Sun Jun 11 16:43:21 -0700 2017
