#-----------------------------------------------------------
# Vivado v2015.4.2 (64-bit)
# SW Build 1494164 on Fri Feb 26 04:18:56 MST 2016
# IP Build 1491208 on Wed Feb 24 03:25:39 MST 2016
# Start of session at: Mon May 08 22:19:21 2017
# Process ID: 7688
# Current directory: C:/Users/Jack/Desktop/cse237d/Underwater-Acoustic-Detection/src/hw_soln/peaks/solution2/.autopilot/db/ip_tmp
# Command line: vivado.exe  -notrace -mode batch -source run_vivado.tcl
# Log file: C:/Users/Jack/Desktop/cse237d/Underwater-Acoustic-Detection/src/hw_soln/peaks/solution2/.autopilot/db/ip_tmp/vivado.log
# Journal file: C:/Users/Jack/Desktop/cse237d/Underwater-Acoustic-Detection/src/hw_soln/peaks/solution2/.autopilot/db/ip_tmp\vivado.jou
#-----------------------------------------------------------
source run_vivado.tcl -notrace
INFO: [ProjectBase 1-489] The host OS only allows 260 characters in a normal path. The project is stored in a path with more than 80 characters. If you experience issues with IP, Block Designs, or files not being found, please consider moving the project to a location with a shorter path. Alternately consider using the OS subst command to map part of the path to a drive letter.
Current project path is 'C:/Users/Jack/Desktop/cse237d/Underwater-Acoustic-Detection/src/hw_soln/peaks/solution2/.autopilot/db/ip_tmp'
INFO: [IP_Flow 19-234] Refreshing IP repositories
INFO: [IP_Flow 19-1704] No user IP repositories specified
INFO: [IP_Flow 19-2313] Loaded Vivado IP repository 'C:/Xilinx/Vivado/2015.4/data/ip'.
create_ip: Time (s): cpu = 00:00:09 ; elapsed = 00:00:11 . Memory (MB): peak = 230.383 ; gain = 25.828
INFO: [IP_Flow 19-1686] Generating 'Synthesis' target for IP 'peaks_ap_fcmp_2_no_dsp_32'...
INFO: [IP_Flow 19-1686] Generating 'Simulation' target for IP 'peaks_ap_fcmp_2_no_dsp_32'...
INFO: [Common 17-206] Exiting Vivado at Mon May 08 22:19:48 2017...
