

================================================================
== Vivado HLS Report for 'peaks'
================================================================
* Date:           Mon May 08 18:49:13 2017

* Version:        2015.4 (Build 1412921 on Wed Nov 18 09:58:55 AM 2015)
* Project:        peaks
* Solution:       solution1
* Product family: zynq
* Target device:  xc7z020clg484-1


================================================================
== Performance Estimates
================================================================
+ Timing (ns): 
    * Summary: 
    +--------+-------+----------+------------+
    |  Clock | Target| Estimated| Uncertainty|
    +--------+-------+----------+------------+
    |ap_clk  |   5.00|      4.36|        0.63|
    +--------+-------+----------+------------+

+ Latency (clock cycles): 
    * Summary: 
    +-----+-----+-----+-----+---------+
    |  Latency  |  Interval | Pipeline|
    | min | max | min | max |   Type  |
    +-----+-----+-----+-----+---------+
    |  220|  220|  221|  221|   none  |
    +-----+-----+-----+-----+---------+

    + Detail: 
        * Instance: 
        N/A

        * Loop: 
        +----------------+-----+-----+----------+-----------+-----------+------+----------+
        |                |  Latency  | Iteration|  Initiation Interval  | Trip |          |
        |    Loop Name   | min | max |  Latency |  achieved |   target  | Count| Pipelined|
        +----------------+-----+-----+----------+-----------+-----------+------+----------+
        |- Local_Maxima  |  213|  213|        20|          2|          1|    98|    yes   |
        +----------------+-----+-----+----------+-----------+-----------+------+----------+

============================================================
+ Verbose Summary: Synthesis Manager
============================================================
InlineROM: 1
ExposeGlobal: 0
============================================================
+ Verbose Summary: CDFG Model
============================================================
IsTopModel: 1
ResetActiveHigh: 1
IsCombinational: 0
IsDatapathOnly: 0
HasWiredReturn: 1
HasMFsm: 0
HasVarLatency: 1
IsPipeline: 0
IsRtlPipelined: 0
IsInstanceOverlapped: 0
IsDontTouch: 0
HasImplIP: 0
IsGatedGlobalClock: 0

+ Individual pipeline summary: 
  * Pipeline-0: initiation interval (II) = 2, depth = 20


============================================================
+ Verbose Summary: Schedule
============================================================
* Number of FSM states: 27
* Pipeline: 1
  Pipeline-0: II = 2, D = 20, States = { 5 6 7 8 9 10 11 12 13 14 15 16 17 18 19 20 21 22 23 24 }
* Dataflow Pipeline: 0

* FSM state transitions: 
1 --> 
	2  / true
2 --> 
	3  / true
3 --> 
	4  / true
4 --> 
	5  / true
5 --> 
	25  / (exitcond)
	6  / (!exitcond)
6 --> 
	7  / true
7 --> 
	8  / true
8 --> 
	9  / true
9 --> 
	10  / true
10 --> 
	11  / true
11 --> 
	12  / true
12 --> 
	13  / true
13 --> 
	14  / true
14 --> 
	15  / true
15 --> 
	16  / true
16 --> 
	17  / true
17 --> 
	18  / true
18 --> 
	19  / true
19 --> 
	20  / true
20 --> 
	21  / true
21 --> 
	22  / true
22 --> 
	23  / true
23 --> 
	24  / true
24 --> 
	5  / true
25 --> 
	26  / true
26 --> 
	27  / true
27 --> 
* FSM state operations: 

 <State 1>: 2.71ns
ST_1: signals_0_addr_4 [1/1] 0.00ns
:7  %signals_0_addr_4 = getelementptr [34 x i32]* %signals_0, i64 0, i64 0

ST_1: signals_0_load_4 [2/2] 2.71ns
:9  %signals_0_load_4 = load i32* %signals_0_addr_4, align 4

ST_1: signals_1_addr [1/1] 0.00ns
:10  %signals_1_addr = getelementptr [33 x i32]* %signals_1, i64 0, i64 0

ST_1: signals_1_load [2/2] 2.71ns
:11  %signals_1_load = load i32* %signals_1_addr, align 4


 <State 2>: 2.71ns
ST_2: signals_0_load_4 [1/2] 2.71ns
:9  %signals_0_load_4 = load i32* %signals_0_addr_4, align 4

ST_2: signals_1_load [1/2] 2.71ns
:11  %signals_1_load = load i32* %signals_1_addr, align 4


 <State 3>: 4.09ns
ST_3: stg_34 [1/1] 0.00ns
:0  call void (...)* @_ssdm_op_SpecBitsMap([33 x i32]* %signals_2), !map !7

ST_3: stg_35 [1/1] 0.00ns
:1  call void (...)* @_ssdm_op_SpecBitsMap([33 x i32]* %signals_1), !map !13

ST_3: stg_36 [1/1] 0.00ns
:2  call void (...)* @_ssdm_op_SpecBitsMap([34 x i32]* %signals_0), !map !19

ST_3: stg_37 [1/1] 0.00ns
:3  call void (...)* @_ssdm_op_SpecBitsMap([50 x i32]* %amplitude) nounwind, !map !25

ST_3: stg_38 [1/1] 0.00ns
:4  call void (...)* @_ssdm_op_SpecBitsMap([50 x i32]* %locations) nounwind, !map !31

ST_3: locations_addr [1/1] 0.00ns
:5  %locations_addr = getelementptr [50 x i32]* %locations, i64 0, i64 0

ST_3: amplitude_addr [1/1] 0.00ns
:6  %amplitude_addr = getelementptr [50 x i32]* %amplitude, i64 0, i64 0

ST_3: stg_41 [1/1] 0.00ns
:8  call void (...)* @_ssdm_op_SpecTopModule([6 x i8]* @peaks_str) nounwind

ST_3: tmp [1/1] 2.52ns
:12  %tmp = icmp sgt i32 %signals_0_load_4, %signals_1_load

ST_3: stg_43 [1/1] 1.57ns
:13  br i1 %tmp, label %1, label %.preheader.preheader

ST_3: stg_44 [1/1] 2.71ns
:0  store i32 0, i32* %locations_addr, align 4

ST_3: stg_45 [1/1] 2.71ns
:1  store i32 %signals_0_load_4, i32* %amplitude_addr, align 4

ST_3: stg_46 [1/1] 1.57ns
:2  br label %.preheader.preheader


 <State 4>: 1.57ns
ST_4: peak_1_ph [1/1] 0.00ns
.preheader.preheader:0  %peak_1_ph = phi i1 [ true, %1 ], [ false, %0 ]

ST_4: peak_1 [1/1] 0.00ns
.preheader.preheader:1  %peak_1 = alloca i32

ST_4: peak_1_ph_cast [1/1] 0.00ns
.preheader.preheader:2  %peak_1_ph_cast = zext i1 %peak_1_ph to i32

ST_4: stg_50 [1/1] 1.57ns
.preheader.preheader:3  store i32 %peak_1_ph_cast, i32* %peak_1

ST_4: stg_51 [1/1] 1.57ns
.preheader.preheader:4  br label %.preheader


 <State 5>: 3.01ns
ST_5: i [1/1] 0.00ns
.preheader:0  %i = phi i7 [ %i_1, %._crit_edge ], [ 1, %.preheader.preheader ]

ST_5: i_cast [1/1] 0.00ns
.preheader:1  %i_cast = zext i7 %i to i32

ST_5: exitcond [1/1] 1.97ns
.preheader:2  %exitcond = icmp eq i7 %i, -29

ST_5: stg_55 [1/1] 0.00ns
.preheader:3  br i1 %exitcond, label %3, label %_ifconv

ST_5: tmp_2 [1/1] 1.72ns
_ifconv:4  %tmp_2 = add i7 -1, %i

ST_5: arrayNo1 [11/11] 3.01ns
_ifconv:21  %arrayNo1 = urem i7 %i, 3


 <State 6>: 3.01ns
ST_6: arrayNo [11/11] 3.01ns
_ifconv:5  %arrayNo = urem i7 %tmp_2, 3

ST_6: arrayNo1 [10/11] 3.01ns
_ifconv:21  %arrayNo1 = urem i7 %i, 3

ST_6: i_1 [1/1] 1.72ns
._crit_edge:1  %i_1 = add i7 %i, 1


 <State 7>: 3.01ns
ST_7: arrayNo [10/11] 3.01ns
_ifconv:5  %arrayNo = urem i7 %tmp_2, 3

ST_7: arrayNo1 [9/11] 3.01ns
_ifconv:21  %arrayNo1 = urem i7 %i, 3


 <State 8>: 3.01ns
ST_8: arrayNo [9/11] 3.01ns
_ifconv:5  %arrayNo = urem i7 %tmp_2, 3

ST_8: arrayNo1 [8/11] 3.01ns
_ifconv:21  %arrayNo1 = urem i7 %i, 3


 <State 9>: 3.01ns
ST_9: arrayNo [8/11] 3.01ns
_ifconv:5  %arrayNo = urem i7 %tmp_2, 3

ST_9: arrayNo1 [7/11] 3.01ns
_ifconv:21  %arrayNo1 = urem i7 %i, 3


 <State 10>: 3.01ns
ST_10: arrayNo [7/11] 3.01ns
_ifconv:5  %arrayNo = urem i7 %tmp_2, 3

ST_10: arrayNo1 [6/11] 3.01ns
_ifconv:21  %arrayNo1 = urem i7 %i, 3


 <State 11>: 3.01ns
ST_11: arrayNo [6/11] 3.01ns
_ifconv:5  %arrayNo = urem i7 %tmp_2, 3

ST_11: arrayNo1 [5/11] 3.01ns
_ifconv:21  %arrayNo1 = urem i7 %i, 3


 <State 12>: 3.89ns
ST_12: arrayNo [5/11] 3.01ns
_ifconv:5  %arrayNo = urem i7 %tmp_2, 3

ST_12: zext2_cast [1/1] 0.00ns
_ifconv:7  %zext2_cast = zext i7 %tmp_2 to i16

ST_12: mul3 [3/3] 3.89ns
_ifconv:8  %mul3 = mul i16 171, %zext2_cast

ST_12: arrayNo1 [4/11] 3.01ns
_ifconv:21  %arrayNo1 = urem i7 %i, 3


 <State 13>: 3.89ns
ST_13: arrayNo [4/11] 3.01ns
_ifconv:5  %arrayNo = urem i7 %tmp_2, 3

ST_13: mul3 [2/3] 3.89ns
_ifconv:8  %mul3 = mul i16 171, %zext2_cast

ST_13: arrayNo1 [3/11] 3.01ns
_ifconv:21  %arrayNo1 = urem i7 %i, 3

ST_13: zext_cast [1/1] 0.00ns
_ifconv:23  %zext_cast = zext i7 %i to i16

ST_13: mul [3/3] 3.89ns
_ifconv:24  %mul = mul i16 171, %zext_cast


 <State 14>: 3.89ns
ST_14: arrayNo [3/11] 3.01ns
_ifconv:5  %arrayNo = urem i7 %tmp_2, 3

ST_14: mul3 [1/3] 3.89ns
_ifconv:8  %mul3 = mul i16 171, %zext2_cast

ST_14: tmp_4 [1/1] 0.00ns
_ifconv:9  %tmp_4 = call i7 @_ssdm_op_PartSelect.i7.i16.i32.i32(i16 %mul3, i32 9, i32 15)

ST_14: arrayNo1 [2/11] 3.01ns
_ifconv:21  %arrayNo1 = urem i7 %i, 3

ST_14: mul [2/3] 3.89ns
_ifconv:24  %mul = mul i16 171, %zext_cast


 <State 15>: 3.89ns
ST_15: arrayNo [2/11] 3.01ns
_ifconv:5  %arrayNo = urem i7 %tmp_2, 3

ST_15: newIndex2 [1/1] 0.00ns
_ifconv:10  %newIndex2 = zext i7 %tmp_4 to i64

ST_15: signals_0_addr_1 [1/1] 0.00ns
_ifconv:11  %signals_0_addr_1 = getelementptr [34 x i32]* %signals_0, i64 0, i64 %newIndex2

ST_15: signals_1_addr_1 [1/1] 0.00ns
_ifconv:12  %signals_1_addr_1 = getelementptr [33 x i32]* %signals_1, i64 0, i64 %newIndex2

ST_15: signals_2_addr_1 [1/1] 0.00ns
_ifconv:13  %signals_2_addr_1 = getelementptr [33 x i32]* %signals_2, i64 0, i64 %newIndex2

ST_15: signals_2_load_1 [2/2] 2.71ns
_ifconv:14  %signals_2_load_1 = load i32* %signals_2_addr_1, align 4

ST_15: signals_0_load_1 [2/2] 2.71ns
_ifconv:15  %signals_0_load_1 = load i32* %signals_0_addr_1, align 4

ST_15: signals_1_load_1 [2/2] 2.71ns
_ifconv:16  %signals_1_load_1 = load i32* %signals_1_addr_1, align 4

ST_15: arrayNo1 [1/11] 3.01ns
_ifconv:21  %arrayNo1 = urem i7 %i, 3

ST_15: tmp_12 [1/1] 0.00ns
_ifconv:22  %tmp_12 = trunc i7 %arrayNo1 to i3

ST_15: mul [1/3] 3.89ns
_ifconv:24  %mul = mul i16 171, %zext_cast

ST_15: tmp_8 [1/1] 0.00ns
_ifconv:25  %tmp_8 = call i7 @_ssdm_op_PartSelect.i7.i16.i32.i32(i16 %mul, i32 9, i32 15)


 <State 16>: 3.01ns
ST_16: arrayNo [1/11] 3.01ns
_ifconv:5  %arrayNo = urem i7 %tmp_2, 3

ST_16: tmp_11 [1/1] 0.00ns
_ifconv:6  %tmp_11 = trunc i7 %arrayNo to i3

ST_16: signals_2_load_1 [1/2] 2.71ns
_ifconv:14  %signals_2_load_1 = load i32* %signals_2_addr_1, align 4

ST_16: signals_0_load_1 [1/2] 2.71ns
_ifconv:15  %signals_0_load_1 = load i32* %signals_0_addr_1, align 4

ST_16: signals_1_load_1 [1/2] 2.71ns
_ifconv:16  %signals_1_load_1 = load i32* %signals_1_addr_1, align 4

ST_16: newIndex4 [1/1] 0.00ns
_ifconv:26  %newIndex4 = zext i7 %tmp_8 to i64

ST_16: signals_0_addr_2 [1/1] 0.00ns
_ifconv:27  %signals_0_addr_2 = getelementptr [34 x i32]* %signals_0, i64 0, i64 %newIndex4

ST_16: signals_1_addr_2 [1/1] 0.00ns
_ifconv:28  %signals_1_addr_2 = getelementptr [33 x i32]* %signals_1, i64 0, i64 %newIndex4

ST_16: signals_2_addr_2 [1/1] 0.00ns
_ifconv:29  %signals_2_addr_2 = getelementptr [33 x i32]* %signals_2, i64 0, i64 %newIndex4

ST_16: signals_2_load_2 [2/2] 2.71ns
_ifconv:30  %signals_2_load_2 = load i32* %signals_2_addr_2, align 4

ST_16: signals_0_load_2 [2/2] 2.71ns
_ifconv:31  %signals_0_load_2 = load i32* %signals_0_addr_2, align 4

ST_16: signals_1_load_2 [2/2] 2.71ns
_ifconv:32  %signals_1_load_2 = load i32* %signals_1_addr_2, align 4

ST_16: sel_tmp4 [1/1] 1.62ns
_ifconv:33  %sel_tmp4 = icmp eq i3 %tmp_12, 0

ST_16: sel_tmp6 [1/1] 1.62ns
_ifconv:35  %sel_tmp6 = icmp eq i3 %tmp_12, 1


 <State 17>: 4.36ns
ST_17: sel_tmp [1/1] 1.62ns
_ifconv:17  %sel_tmp = icmp eq i3 %tmp_11, 0

ST_17: sel_tmp1 [1/1] 1.37ns
_ifconv:18  %sel_tmp1 = select i1 %sel_tmp, i32 %signals_0_load_1, i32 %signals_2_load_1

ST_17: sel_tmp2 [1/1] 1.62ns
_ifconv:19  %sel_tmp2 = icmp eq i3 %tmp_11, 1

ST_17: signals_load_5_phi [1/1] 1.37ns
_ifconv:20  %signals_load_5_phi = select i1 %sel_tmp2, i32 %signals_1_load_1, i32 %sel_tmp1

ST_17: signals_2_load_2 [1/2] 2.71ns
_ifconv:30  %signals_2_load_2 = load i32* %signals_2_addr_2, align 4

ST_17: signals_0_load_2 [1/2] 2.71ns
_ifconv:31  %signals_0_load_2 = load i32* %signals_0_addr_2, align 4

ST_17: signals_1_load_2 [1/2] 2.71ns
_ifconv:32  %signals_1_load_2 = load i32* %signals_1_addr_2, align 4

ST_17: sel_tmp5 [1/1] 1.37ns
_ifconv:34  %sel_tmp5 = select i1 %sel_tmp4, i32 %signals_0_load_2, i32 %signals_2_load_2


 <State 18>: 3.89ns
ST_18: signals_load_6_phi [1/1] 1.37ns
_ifconv:36  %signals_load_6_phi = select i1 %sel_tmp6, i32 %signals_1_load_2, i32 %sel_tmp5

ST_18: tmp_5 [1/1] 2.52ns
_ifconv:37  %tmp_5 = icmp slt i32 %signals_load_5_phi, %signals_load_6_phi

ST_18: stg_121 [1/1] 0.00ns
_ifconv:38  br i1 %tmp_5, label %_ifconv8, label %._crit_edge

ST_18: tmp_7 [1/1] 1.72ns
_ifconv8:0  %tmp_7 = add i7 %i, 1


 <State 19>: 3.89ns
ST_19: zext6_cast [1/1] 0.00ns
_ifconv8:1  %zext6_cast = zext i7 %tmp_7 to i16

ST_19: mul7 [3/3] 3.89ns
_ifconv8:2  %mul7 = mul i16 %zext6_cast, 171


 <State 20>: 3.89ns
ST_20: mul7 [2/3] 3.89ns
_ifconv8:2  %mul7 = mul i16 %zext6_cast, 171


 <State 21>: 3.89ns
ST_21: mul7 [1/3] 3.89ns
_ifconv8:2  %mul7 = mul i16 %zext6_cast, 171

ST_21: tmp_10 [1/1] 0.00ns
_ifconv8:3  %tmp_10 = call i7 @_ssdm_op_PartSelect.i7.i16.i32.i32(i16 %mul7, i32 9, i32 15)


 <State 22>: 2.71ns
ST_22: newIndex9 [1/1] 0.00ns
_ifconv8:4  %newIndex9 = zext i7 %tmp_10 to i64

ST_22: signals_1_addr_3 [1/1] 0.00ns
_ifconv8:5  %signals_1_addr_3 = getelementptr [33 x i32]* %signals_1, i64 0, i64 %newIndex9

ST_22: signals_2_addr_3 [1/1] 0.00ns
_ifconv8:6  %signals_2_addr_3 = getelementptr [33 x i32]* %signals_2, i64 0, i64 %newIndex9

ST_22: signals_0_addr_3 [1/1] 0.00ns
_ifconv8:7  %signals_0_addr_3 = getelementptr [34 x i32]* %signals_0, i64 0, i64 %newIndex9

ST_22: signals_0_load_3 [2/2] 2.71ns
_ifconv8:8  %signals_0_load_3 = load i32* %signals_0_addr_3, align 4

ST_22: signals_1_load_3 [2/2] 2.71ns
_ifconv8:9  %signals_1_load_3 = load i32* %signals_1_addr_3, align 4

ST_22: signals_2_load_3 [2/2] 2.71ns
_ifconv8:10  %signals_2_load_3 = load i32* %signals_2_addr_3, align 4


 <State 23>: 4.08ns
ST_23: signals_0_load_3 [1/2] 2.71ns
_ifconv8:8  %signals_0_load_3 = load i32* %signals_0_addr_3, align 4

ST_23: signals_1_load_3 [1/2] 2.71ns
_ifconv8:9  %signals_1_load_3 = load i32* %signals_1_addr_3, align 4

ST_23: signals_2_load_3 [1/2] 2.71ns
_ifconv8:10  %signals_2_load_3 = load i32* %signals_2_addr_3, align 4

ST_23: sel_tmp3 [1/1] 1.37ns
_ifconv8:11  %sel_tmp3 = select i1 %sel_tmp4, i32 %signals_1_load_3, i32 %signals_0_load_3


 <State 24>: 4.01ns
ST_24: empty [1/1] 0.00ns
_ifconv:0  %empty = call i32 (...)* @_ssdm_op_SpecLoopTripCount(i64 98, i64 98, i64 98) nounwind

ST_24: stg_140 [1/1] 0.00ns
_ifconv:1  call void (...)* @_ssdm_op_SpecLoopName([13 x i8]* @p_str2) nounwind

ST_24: tmp_3 [1/1] 0.00ns
_ifconv:2  %tmp_3 = call i32 (...)* @_ssdm_op_SpecRegionBegin([13 x i8]* @p_str2) nounwind

ST_24: stg_142 [1/1] 0.00ns
_ifconv:3  call void (...)* @_ssdm_op_SpecPipeline(i32 1, i32 1, i32 1, i32 0, [1 x i8]* @p_str1) nounwind

ST_24: signals_load_8_phi [1/1] 1.37ns
_ifconv8:12  %signals_load_8_phi = select i1 %sel_tmp6, i32 %signals_2_load_3, i32 %sel_tmp3

ST_24: tmp_9 [1/1] 2.52ns
_ifconv8:13  %tmp_9 = icmp sgt i32 %signals_load_6_phi, %signals_load_8_phi

ST_24: stg_145 [1/1] 0.00ns
_ifconv8:14  br i1 %tmp_9, label %2, label %._crit_edge

ST_24: peak_1_load [1/1] 0.00ns
:0  %peak_1_load = load i32* %peak_1

ST_24: tmp_s [1/1] 0.00ns
:1  %tmp_s = sext i32 %peak_1_load to i64

ST_24: locations_addr_2 [1/1] 0.00ns
:2  %locations_addr_2 = getelementptr [50 x i32]* %locations, i64 0, i64 %tmp_s

ST_24: stg_149 [1/1] 2.71ns
:3  store i32 %i_cast, i32* %locations_addr_2, align 4

ST_24: amplitude_addr_2 [1/1] 0.00ns
:4  %amplitude_addr_2 = getelementptr [50 x i32]* %amplitude, i64 0, i64 %tmp_s

ST_24: stg_151 [1/1] 2.71ns
:5  store i32 %signals_load_6_phi, i32* %amplitude_addr_2, align 4

ST_24: peak [1/1] 2.44ns
:6  %peak = add nsw i32 %peak_1_load, 1

ST_24: stg_153 [1/1] 1.57ns
:7  store i32 %peak, i32* %peak_1

ST_24: stg_154 [1/1] 0.00ns
:8  br label %._crit_edge

ST_24: empty_5 [1/1] 0.00ns
._crit_edge:0  %empty_5 = call i32 (...)* @_ssdm_op_SpecRegionEnd([13 x i8]* @p_str2, i32 %tmp_3) nounwind

ST_24: stg_156 [1/1] 0.00ns
._crit_edge:2  br label %.preheader


 <State 25>: 2.71ns
ST_25: signals_2_addr [1/1] 0.00ns
:0  %signals_2_addr = getelementptr [33 x i32]* %signals_2, i64 0, i64 32

ST_25: signals_2_load [2/2] 2.71ns
:1  %signals_2_load = load i32* %signals_2_addr, align 4

ST_25: signals_0_addr [1/1] 0.00ns
:2  %signals_0_addr = getelementptr [34 x i32]* %signals_0, i64 0, i64 33

ST_25: signals_0_load [2/2] 2.71ns
:3  %signals_0_load = load i32* %signals_0_addr, align 4


 <State 26>: 2.71ns
ST_26: signals_2_load [1/2] 2.71ns
:1  %signals_2_load = load i32* %signals_2_addr, align 4

ST_26: signals_0_load [1/2] 2.71ns
:3  %signals_0_load = load i32* %signals_0_addr, align 4


 <State 27>: 2.71ns
ST_27: tmp_1 [1/1] 2.52ns
:4  %tmp_1 = icmp slt i32 %signals_2_load, %signals_0_load

ST_27: stg_164 [1/1] 0.00ns
:5  br i1 %tmp_1, label %4, label %._crit_edge2

ST_27: peak_1_load_1 [1/1] 0.00ns
:0  %peak_1_load_1 = load i32* %peak_1

ST_27: tmp_6 [1/1] 0.00ns
:1  %tmp_6 = sext i32 %peak_1_load_1 to i64

ST_27: locations_addr_1 [1/1] 0.00ns
:2  %locations_addr_1 = getelementptr [50 x i32]* %locations, i64 0, i64 %tmp_6

ST_27: stg_168 [1/1] 2.71ns
:3  store i32 99, i32* %locations_addr_1, align 4

ST_27: amplitude_addr_1 [1/1] 0.00ns
:4  %amplitude_addr_1 = getelementptr [50 x i32]* %amplitude, i64 0, i64 %tmp_6

ST_27: stg_170 [1/1] 2.71ns
:5  store i32 %signals_0_load, i32* %amplitude_addr_1, align 4

ST_27: stg_171 [1/1] 0.00ns
:6  br label %._crit_edge2

ST_27: stg_172 [1/1] 0.00ns
._crit_edge2:0  ret void



============================================================
+ Verbose Summary: Binding
============================================================
STG Binding: 
---------------- STG Properties BEGIN ----------------
- Is combinational: 0
- Is one-state seq: 0
- Is datapath-only: 0
- Is clock enabled: 0
- Is pipelined: 0
- Is top level: 1
Port [ Return ] is wired: 1; IO mode=ap_ctrl_hs:ce=0
Port [ signals_0]:  wired=1; compound=1; hidden=0; nouse=0; global=0; static=0; extern=0; dir=0; type=1; mode=0x1b6e9d3a140; pingpong=0; private_global=0; MemPort=[11]; IO mode=ap_memory:ce=0
Port [ signals_1]:  wired=1; compound=1; hidden=0; nouse=0; global=0; static=0; extern=0; dir=0; type=1; mode=0x1b6e9d3a410; pingpong=0; private_global=0; MemPort=[11]; IO mode=ap_memory:ce=0
Port [ signals_2]:  wired=1; compound=1; hidden=0; nouse=0; global=0; static=0; extern=0; dir=0; type=1; mode=0x1b6e9d3a1d0; pingpong=0; private_global=0; MemPort=[11]; IO mode=ap_memory:ce=0
Port [ amplitude]:  wired=1; compound=1; hidden=0; nouse=0; global=0; static=0; extern=0; dir=1; type=1; mode=0x1b6e9d3a530; pingpong=0; private_global=0; MemPort=[03]; IO mode=ap_memory:ce=0
Port [ locations]:  wired=1; compound=1; hidden=0; nouse=0; global=0; static=0; extern=0; dir=1; type=1; mode=0x1b6e9d3abf0; pingpong=0; private_global=0; MemPort=[03]; IO mode=ap_memory:ce=0
---------------- STG Properties END ------------------

---------------- Datapath Model BEGIN ----------------

<LifeTime>
<method=bitvector/>
signals_0_addr_4   (getelementptr    ) [ 0010000000000000000000000000]
signals_1_addr     (getelementptr    ) [ 0010000000000000000000000000]
signals_0_load_4   (load             ) [ 0001000000000000000000000000]
signals_1_load     (load             ) [ 0001000000000000000000000000]
stg_34             (specbitsmap      ) [ 0000000000000000000000000000]
stg_35             (specbitsmap      ) [ 0000000000000000000000000000]
stg_36             (specbitsmap      ) [ 0000000000000000000000000000]
stg_37             (specbitsmap      ) [ 0000000000000000000000000000]
stg_38             (specbitsmap      ) [ 0000000000000000000000000000]
locations_addr     (getelementptr    ) [ 0000000000000000000000000000]
amplitude_addr     (getelementptr    ) [ 0000000000000000000000000000]
stg_41             (spectopmodule    ) [ 0000000000000000000000000000]
tmp                (icmp             ) [ 0001000000000000000000000000]
stg_43             (br               ) [ 0001100000000000000000000000]
stg_44             (store            ) [ 0000000000000000000000000000]
stg_45             (store            ) [ 0000000000000000000000000000]
stg_46             (br               ) [ 0001100000000000000000000000]
peak_1_ph          (phi              ) [ 0000100000000000000000000000]
peak_1             (alloca           ) [ 0000111111111111111111111111]
peak_1_ph_cast     (zext             ) [ 0000000000000000000000000000]
stg_50             (store            ) [ 0000000000000000000000000000]
stg_51             (br               ) [ 0000111111111111111111111000]
i                  (phi              ) [ 0000011111111111111000000000]
i_cast             (zext             ) [ 0000011111111111111111111000]
exitcond           (icmp             ) [ 0000011111111111111111111000]
stg_55             (br               ) [ 0000000000000000000000000000]
tmp_2              (add              ) [ 0000011111111111100000000000]
i_1                (add              ) [ 0000111111111111111111111000]
zext2_cast         (zext             ) [ 0000011000000110000000000000]
zext_cast          (zext             ) [ 0000011000000011000000000000]
mul3               (mul              ) [ 0000000000000000000000000000]
tmp_4              (partselect       ) [ 0000010000000001000000000000]
newIndex2          (zext             ) [ 0000000000000000000000000000]
signals_0_addr_1   (getelementptr    ) [ 0000001000000000100000000000]
signals_1_addr_1   (getelementptr    ) [ 0000001000000000100000000000]
signals_2_addr_1   (getelementptr    ) [ 0000001000000000100000000000]
arrayNo1           (urem             ) [ 0000000000000000000000000000]
tmp_12             (trunc            ) [ 0000001000000000100000000000]
mul                (mul              ) [ 0000000000000000000000000000]
tmp_8              (partselect       ) [ 0000001000000000100000000000]
arrayNo            (urem             ) [ 0000000000000000000000000000]
tmp_11             (trunc            ) [ 0000010000000000010000000000]
signals_2_load_1   (load             ) [ 0000010000000000010000000000]
signals_0_load_1   (load             ) [ 0000010000000000010000000000]
signals_1_load_1   (load             ) [ 0000010000000000010000000000]
newIndex4          (zext             ) [ 0000000000000000000000000000]
signals_0_addr_2   (getelementptr    ) [ 0000010000000000010000000000]
signals_1_addr_2   (getelementptr    ) [ 0000010000000000010000000000]
signals_2_addr_2   (getelementptr    ) [ 0000010000000000010000000000]
sel_tmp4           (icmp             ) [ 0000011000000000011111110000]
sel_tmp6           (icmp             ) [ 0000011000000000011111111000]
sel_tmp            (icmp             ) [ 0000000000000000000000000000]
sel_tmp1           (select           ) [ 0000000000000000000000000000]
sel_tmp2           (icmp             ) [ 0000000000000000000000000000]
signals_load_5_phi (select           ) [ 0000001000000000001000000000]
signals_2_load_2   (load             ) [ 0000000000000000000000000000]
signals_0_load_2   (load             ) [ 0000000000000000000000000000]
signals_1_load_2   (load             ) [ 0000001000000000001000000000]
sel_tmp5           (select           ) [ 0000001000000000001000000000]
signals_load_6_phi (select           ) [ 0000011000000000000111111000]
tmp_5              (icmp             ) [ 0000011111111111111111111000]
stg_121            (br               ) [ 0000000000000000000000000000]
tmp_7              (add              ) [ 0000010000000000000100000000]
zext6_cast         (zext             ) [ 0000011000000000000011000000]
mul7               (mul              ) [ 0000000000000000000000000000]
tmp_10             (partselect       ) [ 0000001000000000000000100000]
newIndex9          (zext             ) [ 0000000000000000000000000000]
signals_1_addr_3   (getelementptr    ) [ 0000010000000000000000010000]
signals_2_addr_3   (getelementptr    ) [ 0000010000000000000000010000]
signals_0_addr_3   (getelementptr    ) [ 0000010000000000000000010000]
signals_0_load_3   (load             ) [ 0000000000000000000000000000]
signals_1_load_3   (load             ) [ 0000000000000000000000000000]
signals_2_load_3   (load             ) [ 0000001000000000000000001000]
sel_tmp3           (select           ) [ 0000001000000000000000001000]
empty              (speclooptripcount) [ 0000000000000000000000000000]
stg_140            (specloopname     ) [ 0000000000000000000000000000]
tmp_3              (specregionbegin  ) [ 0000000000000000000000000000]
stg_142            (specpipeline     ) [ 0000000000000000000000000000]
signals_load_8_phi (select           ) [ 0000000000000000000000000000]
tmp_9              (icmp             ) [ 0000011111111111111111111000]
stg_145            (br               ) [ 0000000000000000000000000000]
peak_1_load        (load             ) [ 0000000000000000000000000000]
tmp_s              (sext             ) [ 0000000000000000000000000000]
locations_addr_2   (getelementptr    ) [ 0000000000000000000000000000]
stg_149            (store            ) [ 0000000000000000000000000000]
amplitude_addr_2   (getelementptr    ) [ 0000000000000000000000000000]
stg_151            (store            ) [ 0000000000000000000000000000]
peak               (add              ) [ 0000000000000000000000000000]
stg_153            (store            ) [ 0000000000000000000000000000]
stg_154            (br               ) [ 0000000000000000000000000000]
empty_5            (specregionend    ) [ 0000000000000000000000000000]
stg_156            (br               ) [ 0000111111111111111111111000]
signals_2_addr     (getelementptr    ) [ 0000000000000000000000000010]
signals_0_addr     (getelementptr    ) [ 0000000000000000000000000010]
signals_2_load     (load             ) [ 0000000000000000000000000001]
signals_0_load     (load             ) [ 0000000000000000000000000001]
tmp_1              (icmp             ) [ 0000000000000000000000000001]
stg_164            (br               ) [ 0000000000000000000000000000]
peak_1_load_1      (load             ) [ 0000000000000000000000000000]
tmp_6              (sext             ) [ 0000000000000000000000000000]
locations_addr_1   (getelementptr    ) [ 0000000000000000000000000000]
stg_168            (store            ) [ 0000000000000000000000000000]
amplitude_addr_1   (getelementptr    ) [ 0000000000000000000000000000]
stg_170            (store            ) [ 0000000000000000000000000000]
stg_171            (br               ) [ 0000000000000000000000000000]
stg_172            (ret              ) [ 0000000000000000000000000000]
</LifeTime>

<model>

<comp_list>
<comp id="0" class="1000" name="signals_0">
<pin_list>
<pin id="1" dir="1" index="0" bw="1" slack="0"/>
</pin_list>
<bind>
<StgValue><ssdm name="signals_0"/><MemPortTyVec>1 1 </MemPortTyVec>
</StgValue>
</bind>
</comp>

<comp id="2" class="1000" name="signals_1">
<pin_list>
<pin id="3" dir="1" index="0" bw="1" slack="0"/>
</pin_list>
<bind>
<StgValue><ssdm name="signals_1"/><MemPortTyVec>1 1 </MemPortTyVec>
</StgValue>
</bind>
</comp>

<comp id="4" class="1000" name="signals_2">
<pin_list>
<pin id="5" dir="1" index="0" bw="1" slack="0"/>
</pin_list>
<bind>
<StgValue><ssdm name="signals_2"/><MemPortTyVec>1 1 </MemPortTyVec>
</StgValue>
</bind>
</comp>

<comp id="6" class="1000" name="amplitude">
<pin_list>
<pin id="7" dir="1" index="0" bw="1" slack="0"/>
</pin_list>
<bind>
<StgValue><ssdm name="amplitude"/><MemPortTyVec>0 3 </MemPortTyVec>
</StgValue>
</bind>
</comp>

<comp id="8" class="1000" name="locations">
<pin_list>
<pin id="9" dir="1" index="0" bw="1" slack="0"/>
</pin_list>
<bind>
<StgValue><ssdm name="locations"/><MemPortTyVec>0 3 </MemPortTyVec>
</StgValue>
</bind>
</comp>

<comp id="10" class="1001" name="const_10">
<pin_list>
<pin id="11" dir="1" index="0" bw="1" slack="0"/>
</pin_list>
<bind>
<StgValue><ssdm name=""/></StgValue>
</bind>
</comp>

<comp id="12" class="1001" name="const_12">
<pin_list>
<pin id="13" dir="1" index="0" bw="1" slack="2147483647"/>
</pin_list>
<bind>
<StgValue><ssdm name="_ssdm_op_SpecBitsMap"/></StgValue>
</bind>
</comp>

<comp id="14" class="1001" name="const_14">
<pin_list>
<pin id="15" dir="1" index="0" bw="1" slack="2147483647"/>
</pin_list>
<bind>
<StgValue><ssdm name="_ssdm_op_SpecTopModule"/></StgValue>
</bind>
</comp>

<comp id="16" class="1001" name="const_16">
<pin_list>
<pin id="17" dir="1" index="0" bw="1" slack="2147483647"/>
</pin_list>
<bind>
<StgValue><ssdm name="peaks_str"/></StgValue>
</bind>
</comp>

<comp id="18" class="1001" name="const_18">
<pin_list>
<pin id="19" dir="1" index="0" bw="1" slack="0"/>
</pin_list>
<bind>
<StgValue><ssdm name=""/></StgValue>
</bind>
</comp>

<comp id="20" class="1001" name="const_20">
<pin_list>
<pin id="21" dir="1" index="0" bw="1" slack="1"/>
</pin_list>
<bind>
<StgValue><ssdm name=""/></StgValue>
</bind>
</comp>

<comp id="22" class="1001" name="const_22">
<pin_list>
<pin id="23" dir="1" index="0" bw="1" slack="1"/>
</pin_list>
<bind>
<StgValue><ssdm name=""/></StgValue>
</bind>
</comp>

<comp id="24" class="1001" name="const_24">
<pin_list>
<pin id="25" dir="1" index="0" bw="1" slack="0"/>
</pin_list>
<bind>
<StgValue><ssdm name=""/></StgValue>
</bind>
</comp>

<comp id="26" class="1001" name="const_26">
<pin_list>
<pin id="27" dir="1" index="0" bw="1" slack="0"/>
</pin_list>
<bind>
<StgValue><ssdm name=""/></StgValue>
</bind>
</comp>

<comp id="28" class="1001" name="const_28">
<pin_list>
<pin id="29" dir="1" index="0" bw="1" slack="0"/>
</pin_list>
<bind>
<StgValue><ssdm name=""/></StgValue>
</bind>
</comp>

<comp id="30" class="1001" name="const_30">
<pin_list>
<pin id="31" dir="1" index="0" bw="1" slack="0"/>
</pin_list>
<bind>
<StgValue><ssdm name=""/></StgValue>
</bind>
</comp>

<comp id="32" class="1001" name="const_32">
<pin_list>
<pin id="33" dir="1" index="0" bw="1" slack="0"/>
</pin_list>
<bind>
<StgValue><ssdm name=""/></StgValue>
</bind>
</comp>

<comp id="34" class="1001" name="const_34">
<pin_list>
<pin id="35" dir="1" index="0" bw="1" slack="0"/>
</pin_list>
<bind>
<StgValue><ssdm name=""/></StgValue>
</bind>
</comp>

<comp id="36" class="1001" name="const_36">
<pin_list>
<pin id="37" dir="1" index="0" bw="1" slack="0"/>
</pin_list>
<bind>
<StgValue><ssdm name="_ssdm_op_PartSelect.i7.i16.i32.i32"/></StgValue>
</bind>
</comp>

<comp id="38" class="1001" name="const_38">
<pin_list>
<pin id="39" dir="1" index="0" bw="1" slack="0"/>
</pin_list>
<bind>
<StgValue><ssdm name=""/></StgValue>
</bind>
</comp>

<comp id="40" class="1001" name="const_40">
<pin_list>
<pin id="41" dir="1" index="0" bw="1" slack="0"/>
</pin_list>
<bind>
<StgValue><ssdm name=""/></StgValue>
</bind>
</comp>

<comp id="42" class="1001" name="const_42">
<pin_list>
<pin id="43" dir="1" index="0" bw="1" slack="0"/>
</pin_list>
<bind>
<StgValue><ssdm name=""/></StgValue>
</bind>
</comp>

<comp id="44" class="1001" name="const_44">
<pin_list>
<pin id="45" dir="1" index="0" bw="1" slack="0"/>
</pin_list>
<bind>
<StgValue><ssdm name=""/></StgValue>
</bind>
</comp>

<comp id="46" class="1001" name="const_46">
<pin_list>
<pin id="47" dir="1" index="0" bw="1" slack="2147483647"/>
</pin_list>
<bind>
<StgValue><ssdm name="_ssdm_op_SpecLoopTripCount"/></StgValue>
</bind>
</comp>

<comp id="48" class="1001" name="const_48">
<pin_list>
<pin id="49" dir="1" index="0" bw="1" slack="2147483647"/>
</pin_list>
<bind>
<StgValue><ssdm name=""/></StgValue>
</bind>
</comp>

<comp id="50" class="1001" name="const_50">
<pin_list>
<pin id="51" dir="1" index="0" bw="1" slack="2147483647"/>
</pin_list>
<bind>
<StgValue><ssdm name="_ssdm_op_SpecLoopName"/></StgValue>
</bind>
</comp>

<comp id="52" class="1001" name="const_52">
<pin_list>
<pin id="53" dir="1" index="0" bw="1" slack="2147483647"/>
</pin_list>
<bind>
<StgValue><ssdm name="p_str2"/></StgValue>
</bind>
</comp>

<comp id="54" class="1001" name="const_54">
<pin_list>
<pin id="55" dir="1" index="0" bw="1" slack="2147483647"/>
</pin_list>
<bind>
<StgValue><ssdm name="_ssdm_op_SpecRegionBegin"/></StgValue>
</bind>
</comp>

<comp id="56" class="1001" name="const_56">
<pin_list>
<pin id="57" dir="1" index="0" bw="1" slack="2147483647"/>
</pin_list>
<bind>
<StgValue><ssdm name="_ssdm_op_SpecPipeline"/></StgValue>
</bind>
</comp>

<comp id="58" class="1001" name="const_58">
<pin_list>
<pin id="59" dir="1" index="0" bw="1" slack="2147483647"/>
</pin_list>
<bind>
<StgValue><ssdm name="p_str1"/></StgValue>
</bind>
</comp>

<comp id="60" class="1001" name="const_60">
<pin_list>
<pin id="61" dir="1" index="0" bw="1" slack="2147483647"/>
</pin_list>
<bind>
<StgValue><ssdm name="_ssdm_op_SpecRegionEnd"/></StgValue>
</bind>
</comp>

<comp id="62" class="1001" name="const_62">
<pin_list>
<pin id="63" dir="1" index="0" bw="1" slack="0"/>
</pin_list>
<bind>
<StgValue><ssdm name=""/></StgValue>
</bind>
</comp>

<comp id="64" class="1001" name="const_64">
<pin_list>
<pin id="65" dir="1" index="0" bw="1" slack="0"/>
</pin_list>
<bind>
<StgValue><ssdm name=""/></StgValue>
</bind>
</comp>

<comp id="66" class="1001" name="const_66">
<pin_list>
<pin id="67" dir="1" index="0" bw="1" slack="0"/>
</pin_list>
<bind>
<StgValue><ssdm name=""/></StgValue>
</bind>
</comp>

<comp id="68" class="1004" name="peak_1_fu_68">
<pin_list>
<pin id="69" dir="0" index="0" bw="1" slack="0"/>
<pin id="70" dir="1" index="1" bw="32" slack="0"/>
</pin_list>
<bind>
<opcode="alloca(26) " fcode="alloca"/>
<opset="peak_1/4 "/>
</bind>
</comp>

<comp id="72" class="1004" name="signals_0_addr_4_gep_fu_72">
<pin_list>
<pin id="73" dir="0" index="0" bw="32" slack="0"/>
<pin id="74" dir="0" index="1" bw="1" slack="0"/>
<pin id="75" dir="0" index="2" bw="1" slack="0"/>
<pin id="76" dir="1" index="3" bw="6" slack="0"/>
</pin_list>
<bind>
<opcode="getelementptr(29) " fcode="getelementptr"/>
<opset="signals_0_addr_4/1 "/>
</bind>
</comp>

<comp id="80" class="1004" name="grp_access_fu_80">
<pin_list>
<pin id="81" dir="0" index="0" bw="6" slack="0"/>
<pin id="82" dir="0" index="1" bw="32" slack="2147483647"/>
<pin id="198" dir="0" index="3" bw="6" slack="0"/>
<pin id="199" dir="0" index="4" bw="32" slack="2147483647"/>
<pin id="83" dir="1" index="2" bw="32" slack="0"/>
<pin id="200" dir="1" index="5" bw="32" slack="0"/>
</pin_list>
<bind>
<opcode="load(27) " fcode="load"/>
<opset="signals_0_load_4/1 signals_0_load_1/15 signals_0_load_2/16 signals_0_load_3/22 signals_0_load/25 "/>
</bind>
</comp>

<comp id="85" class="1004" name="signals_1_addr_gep_fu_85">
<pin_list>
<pin id="86" dir="0" index="0" bw="32" slack="0"/>
<pin id="87" dir="0" index="1" bw="1" slack="0"/>
<pin id="88" dir="0" index="2" bw="1" slack="0"/>
<pin id="89" dir="1" index="3" bw="6" slack="0"/>
</pin_list>
<bind>
<opcode="getelementptr(29) " fcode="getelementptr"/>
<opset="signals_1_addr/1 "/>
</bind>
</comp>

<comp id="93" class="1004" name="grp_access_fu_93">
<pin_list>
<pin id="94" dir="0" index="0" bw="6" slack="0"/>
<pin id="95" dir="0" index="1" bw="32" slack="2147483647"/>
<pin id="202" dir="0" index="3" bw="6" slack="0"/>
<pin id="203" dir="0" index="4" bw="32" slack="2147483647"/>
<pin id="96" dir="1" index="2" bw="32" slack="1"/>
<pin id="204" dir="1" index="5" bw="32" slack="0"/>
</pin_list>
<bind>
<opcode="load(27) " fcode="load"/>
<opset="signals_1_load/1 signals_1_load_1/15 signals_1_load_2/16 signals_1_load_3/22 "/>
</bind>
</comp>

<comp id="98" class="1004" name="locations_addr_gep_fu_98">
<pin_list>
<pin id="99" dir="0" index="0" bw="32" slack="0"/>
<pin id="100" dir="0" index="1" bw="1" slack="0"/>
<pin id="101" dir="0" index="2" bw="1" slack="0"/>
<pin id="102" dir="1" index="3" bw="6" slack="0"/>
</pin_list>
<bind>
<opcode="getelementptr(29) " fcode="getelementptr"/>
<opset="locations_addr/3 "/>
</bind>
</comp>

<comp id="106" class="1004" name="amplitude_addr_gep_fu_106">
<pin_list>
<pin id="107" dir="0" index="0" bw="32" slack="0"/>
<pin id="108" dir="0" index="1" bw="1" slack="0"/>
<pin id="109" dir="0" index="2" bw="1" slack="0"/>
<pin id="110" dir="1" index="3" bw="6" slack="0"/>
</pin_list>
<bind>
<opcode="getelementptr(29) " fcode="getelementptr"/>
<opset="amplitude_addr/3 "/>
</bind>
</comp>

<comp id="114" class="1004" name="grp_access_fu_114">
<pin_list>
<pin id="115" dir="0" index="0" bw="6" slack="0"/>
<pin id="116" dir="0" index="1" bw="32" slack="0"/>
<pin id="117" dir="1" index="2" bw="32" slack="2147483647"/>
</pin_list>
<bind>
<opcode="store(28) " fcode="store"/>
<opset="stg_44/3 stg_149/24 stg_168/27 "/>
</bind>
</comp>

<comp id="120" class="1004" name="grp_access_fu_120">
<pin_list>
<pin id="121" dir="0" index="0" bw="6" slack="0"/>
<pin id="122" dir="0" index="1" bw="32" slack="1"/>
<pin id="123" dir="1" index="2" bw="32" slack="2147483647"/>
</pin_list>
<bind>
<opcode="store(28) " fcode="store"/>
<opset="stg_45/3 stg_151/24 stg_170/27 "/>
</bind>
</comp>

<comp id="125" class="1004" name="signals_0_addr_1_gep_fu_125">
<pin_list>
<pin id="126" dir="0" index="0" bw="32" slack="0"/>
<pin id="127" dir="0" index="1" bw="1" slack="0"/>
<pin id="128" dir="0" index="2" bw="7" slack="0"/>
<pin id="129" dir="1" index="3" bw="6" slack="0"/>
</pin_list>
<bind>
<opcode="getelementptr(29) " fcode="getelementptr"/>
<opset="signals_0_addr_1/15 "/>
</bind>
</comp>

<comp id="132" class="1004" name="signals_1_addr_1_gep_fu_132">
<pin_list>
<pin id="133" dir="0" index="0" bw="32" slack="0"/>
<pin id="134" dir="0" index="1" bw="1" slack="0"/>
<pin id="135" dir="0" index="2" bw="7" slack="0"/>
<pin id="136" dir="1" index="3" bw="6" slack="0"/>
</pin_list>
<bind>
<opcode="getelementptr(29) " fcode="getelementptr"/>
<opset="signals_1_addr_1/15 "/>
</bind>
</comp>

<comp id="139" class="1004" name="signals_2_addr_1_gep_fu_139">
<pin_list>
<pin id="140" dir="0" index="0" bw="32" slack="0"/>
<pin id="141" dir="0" index="1" bw="1" slack="0"/>
<pin id="142" dir="0" index="2" bw="7" slack="0"/>
<pin id="143" dir="1" index="3" bw="6" slack="0"/>
</pin_list>
<bind>
<opcode="getelementptr(29) " fcode="getelementptr"/>
<opset="signals_2_addr_1/15 "/>
</bind>
</comp>

<comp id="146" class="1004" name="grp_access_fu_146">
<pin_list>
<pin id="147" dir="0" index="0" bw="6" slack="0"/>
<pin id="148" dir="0" index="1" bw="32" slack="2147483647"/>
<pin id="206" dir="0" index="3" bw="6" slack="0"/>
<pin id="207" dir="0" index="4" bw="32" slack="2147483647"/>
<pin id="149" dir="1" index="2" bw="32" slack="0"/>
<pin id="208" dir="1" index="5" bw="32" slack="1"/>
</pin_list>
<bind>
<opcode="load(27) " fcode="load"/>
<opset="signals_2_load_1/15 signals_2_load_2/16 signals_2_load_3/22 signals_2_load/25 "/>
</bind>
</comp>

<comp id="153" class="1004" name="signals_0_addr_2_gep_fu_153">
<pin_list>
<pin id="154" dir="0" index="0" bw="32" slack="0"/>
<pin id="155" dir="0" index="1" bw="1" slack="0"/>
<pin id="156" dir="0" index="2" bw="7" slack="0"/>
<pin id="157" dir="1" index="3" bw="6" slack="0"/>
</pin_list>
<bind>
<opcode="getelementptr(29) " fcode="getelementptr"/>
<opset="signals_0_addr_2/16 "/>
</bind>
</comp>

<comp id="160" class="1004" name="signals_1_addr_2_gep_fu_160">
<pin_list>
<pin id="161" dir="0" index="0" bw="32" slack="0"/>
<pin id="162" dir="0" index="1" bw="1" slack="0"/>
<pin id="163" dir="0" index="2" bw="7" slack="0"/>
<pin id="164" dir="1" index="3" bw="6" slack="0"/>
</pin_list>
<bind>
<opcode="getelementptr(29) " fcode="getelementptr"/>
<opset="signals_1_addr_2/16 "/>
</bind>
</comp>

<comp id="167" class="1004" name="signals_2_addr_2_gep_fu_167">
<pin_list>
<pin id="168" dir="0" index="0" bw="32" slack="0"/>
<pin id="169" dir="0" index="1" bw="1" slack="0"/>
<pin id="170" dir="0" index="2" bw="7" slack="0"/>
<pin id="171" dir="1" index="3" bw="6" slack="0"/>
</pin_list>
<bind>
<opcode="getelementptr(29) " fcode="getelementptr"/>
<opset="signals_2_addr_2/16 "/>
</bind>
</comp>

<comp id="177" class="1004" name="signals_1_addr_3_gep_fu_177">
<pin_list>
<pin id="178" dir="0" index="0" bw="32" slack="0"/>
<pin id="179" dir="0" index="1" bw="1" slack="0"/>
<pin id="180" dir="0" index="2" bw="7" slack="0"/>
<pin id="181" dir="1" index="3" bw="6" slack="0"/>
</pin_list>
<bind>
<opcode="getelementptr(29) " fcode="getelementptr"/>
<opset="signals_1_addr_3/22 "/>
</bind>
</comp>

<comp id="184" class="1004" name="signals_2_addr_3_gep_fu_184">
<pin_list>
<pin id="185" dir="0" index="0" bw="32" slack="0"/>
<pin id="186" dir="0" index="1" bw="1" slack="0"/>
<pin id="187" dir="0" index="2" bw="7" slack="0"/>
<pin id="188" dir="1" index="3" bw="6" slack="0"/>
</pin_list>
<bind>
<opcode="getelementptr(29) " fcode="getelementptr"/>
<opset="signals_2_addr_3/22 "/>
</bind>
</comp>

<comp id="191" class="1004" name="signals_0_addr_3_gep_fu_191">
<pin_list>
<pin id="192" dir="0" index="0" bw="32" slack="0"/>
<pin id="193" dir="0" index="1" bw="1" slack="0"/>
<pin id="194" dir="0" index="2" bw="7" slack="0"/>
<pin id="195" dir="1" index="3" bw="6" slack="0"/>
</pin_list>
<bind>
<opcode="getelementptr(29) " fcode="getelementptr"/>
<opset="signals_0_addr_3/22 "/>
</bind>
</comp>

<comp id="210" class="1004" name="locations_addr_2_gep_fu_210">
<pin_list>
<pin id="211" dir="0" index="0" bw="32" slack="0"/>
<pin id="212" dir="0" index="1" bw="1" slack="0"/>
<pin id="213" dir="0" index="2" bw="32" slack="0"/>
<pin id="214" dir="1" index="3" bw="6" slack="0"/>
</pin_list>
<bind>
<opcode="getelementptr(29) " fcode="getelementptr"/>
<opset="locations_addr_2/24 "/>
</bind>
</comp>

<comp id="218" class="1004" name="amplitude_addr_2_gep_fu_218">
<pin_list>
<pin id="219" dir="0" index="0" bw="32" slack="0"/>
<pin id="220" dir="0" index="1" bw="1" slack="0"/>
<pin id="221" dir="0" index="2" bw="32" slack="0"/>
<pin id="222" dir="1" index="3" bw="6" slack="0"/>
</pin_list>
<bind>
<opcode="getelementptr(29) " fcode="getelementptr"/>
<opset="amplitude_addr_2/24 "/>
</bind>
</comp>

<comp id="226" class="1004" name="signals_2_addr_gep_fu_226">
<pin_list>
<pin id="227" dir="0" index="0" bw="32" slack="0"/>
<pin id="228" dir="0" index="1" bw="1" slack="0"/>
<pin id="229" dir="0" index="2" bw="7" slack="0"/>
<pin id="230" dir="1" index="3" bw="6" slack="0"/>
</pin_list>
<bind>
<opcode="getelementptr(29) " fcode="getelementptr"/>
<opset="signals_2_addr/25 "/>
</bind>
</comp>

<comp id="235" class="1004" name="signals_0_addr_gep_fu_235">
<pin_list>
<pin id="236" dir="0" index="0" bw="32" slack="0"/>
<pin id="237" dir="0" index="1" bw="1" slack="0"/>
<pin id="238" dir="0" index="2" bw="7" slack="0"/>
<pin id="239" dir="1" index="3" bw="6" slack="0"/>
</pin_list>
<bind>
<opcode="getelementptr(29) " fcode="getelementptr"/>
<opset="signals_0_addr/25 "/>
</bind>
</comp>

<comp id="244" class="1004" name="locations_addr_1_gep_fu_244">
<pin_list>
<pin id="245" dir="0" index="0" bw="32" slack="0"/>
<pin id="246" dir="0" index="1" bw="1" slack="0"/>
<pin id="247" dir="0" index="2" bw="32" slack="0"/>
<pin id="248" dir="1" index="3" bw="6" slack="0"/>
</pin_list>
<bind>
<opcode="getelementptr(29) " fcode="getelementptr"/>
<opset="locations_addr_1/27 "/>
</bind>
</comp>

<comp id="253" class="1004" name="amplitude_addr_1_gep_fu_253">
<pin_list>
<pin id="254" dir="0" index="0" bw="32" slack="0"/>
<pin id="255" dir="0" index="1" bw="1" slack="0"/>
<pin id="256" dir="0" index="2" bw="32" slack="0"/>
<pin id="257" dir="1" index="3" bw="6" slack="0"/>
</pin_list>
<bind>
<opcode="getelementptr(29) " fcode="getelementptr"/>
<opset="amplitude_addr_1/27 "/>
</bind>
</comp>

<comp id="261" class="1005" name="peak_1_ph_reg_261">
<pin_list>
<pin id="262" dir="0" index="0" bw="1" slack="1"/>
<pin id="263" dir="1" index="1" bw="1" slack="1"/>
</pin_list>
<bind>
<opset="peak_1_ph (phireg) "/>
</bind>
</comp>

<comp id="266" class="1004" name="peak_1_ph_phi_fu_266">
<pin_list>
<pin id="267" dir="0" index="0" bw="1" slack="1"/>
<pin id="268" dir="0" index="1" bw="0" slack="2147483647"/>
<pin id="269" dir="0" index="2" bw="1" slack="1"/>
<pin id="270" dir="0" index="3" bw="0" slack="2147483647"/>
<pin id="271" dir="1" index="4" bw="1" slack="0"/>
</pin_list>
<bind>
<opcode="phi(47) " fcode="phi"/>
<opset="peak_1_ph/4 "/>
</bind>
</comp>

<comp id="274" class="1005" name="i_reg_274">
<pin_list>
<pin id="275" dir="0" index="0" bw="7" slack="1"/>
<pin id="276" dir="1" index="1" bw="7" slack="1"/>
</pin_list>
<bind>
<opset="i (phireg) "/>
</bind>
</comp>

<comp id="278" class="1004" name="i_phi_fu_278">
<pin_list>
<pin id="279" dir="0" index="0" bw="7" slack="1"/>
<pin id="280" dir="0" index="1" bw="0" slack="2147483647"/>
<pin id="281" dir="0" index="2" bw="1" slack="1"/>
<pin id="282" dir="0" index="3" bw="0" slack="2147483647"/>
<pin id="283" dir="1" index="4" bw="7" slack="0"/>
</pin_list>
<bind>
<opcode="phi(47) " fcode="phi"/>
<opset="i/5 "/>
</bind>
</comp>

<comp id="286" class="1004" name="grp_load_fu_286">
<pin_list>
<pin id="287" dir="0" index="0" bw="32" slack="4"/>
<pin id="288" dir="1" index="1" bw="32" slack="0"/>
</pin_list>
<bind>
<opcode="load(27) " fcode="load"/>
<opset="peak_1_load/24 peak_1_load_1/27 "/>
</bind>
</comp>

<comp id="289" class="1005" name="reg_289">
<pin_list>
<pin id="290" dir="0" index="0" bw="32" slack="1"/>
<pin id="291" dir="1" index="1" bw="32" slack="1"/>
</pin_list>
<bind>
<opset="signals_0_load_4 signals_0_load_1 signals_0_load "/>
</bind>
</comp>

<comp id="295" class="1005" name="reg_295">
<pin_list>
<pin id="296" dir="0" index="0" bw="32" slack="1"/>
<pin id="297" dir="1" index="1" bw="32" slack="1"/>
</pin_list>
<bind>
<opset="signals_1_load signals_1_load_1 signals_1_load_2 "/>
</bind>
</comp>

<comp id="299" class="1005" name="reg_299">
<pin_list>
<pin id="300" dir="0" index="0" bw="32" slack="1"/>
<pin id="301" dir="1" index="1" bw="32" slack="1"/>
</pin_list>
<bind>
<opset="signals_2_load_1 signals_2_load_3 signals_2_load "/>
</bind>
</comp>

<comp id="304" class="1004" name="tmp_fu_304">
<pin_list>
<pin id="305" dir="0" index="0" bw="32" slack="1"/>
<pin id="306" dir="0" index="1" bw="32" slack="1"/>
<pin id="307" dir="1" index="2" bw="1" slack="2147483647"/>
</pin_list>
<bind>
<opcode="icmp(45) " fcode="icmp"/>
<opset="tmp/3 "/>
</bind>
</comp>

<comp id="310" class="1004" name="peak_1_ph_cast_fu_310">
<pin_list>
<pin id="311" dir="0" index="0" bw="1" slack="0"/>
<pin id="312" dir="1" index="1" bw="32" slack="0"/>
</pin_list>
<bind>
<opcode="zext(34) " fcode="zext"/>
<opset="peak_1_ph_cast/4 "/>
</bind>
</comp>

<comp id="314" class="1004" name="stg_50_store_fu_314">
<pin_list>
<pin id="315" dir="0" index="0" bw="1" slack="0"/>
<pin id="316" dir="0" index="1" bw="32" slack="0"/>
<pin id="317" dir="1" index="2" bw="0" slack="2147483647"/>
</pin_list>
<bind>
<opcode="store(28) " fcode="store"/>
<opset="stg_50/4 "/>
</bind>
</comp>

<comp id="319" class="1004" name="i_cast_fu_319">
<pin_list>
<pin id="320" dir="0" index="0" bw="7" slack="0"/>
<pin id="321" dir="1" index="1" bw="32" slack="19"/>
</pin_list>
<bind>
<opcode="zext(34) " fcode="zext"/>
<opset="i_cast/5 "/>
</bind>
</comp>

<comp id="323" class="1004" name="exitcond_fu_323">
<pin_list>
<pin id="324" dir="0" index="0" bw="7" slack="0"/>
<pin id="325" dir="0" index="1" bw="6" slack="0"/>
<pin id="326" dir="1" index="2" bw="1" slack="1"/>
</pin_list>
<bind>
<opcode="icmp(45) " fcode="icmp"/>
<opset="exitcond/5 "/>
</bind>
</comp>

<comp id="329" class="1004" name="tmp_2_fu_329">
<pin_list>
<pin id="330" dir="0" index="0" bw="1" slack="0"/>
<pin id="331" dir="0" index="1" bw="7" slack="0"/>
<pin id="332" dir="1" index="2" bw="7" slack="1"/>
</pin_list>
<bind>
<opcode="add(8) " fcode="add"/>
<opset="tmp_2/5 "/>
</bind>
</comp>

<comp id="335" class="1004" name="grp_fu_335">
<pin_list>
<pin id="336" dir="0" index="0" bw="7" slack="0"/>
<pin id="337" dir="0" index="1" bw="3" slack="0"/>
<pin id="338" dir="1" index="2" bw="7" slack="0"/>
</pin_list>
<bind>
<opcode="urem(17) " fcode="urem"/>
<opset="arrayNo1/5 "/>
</bind>
</comp>

<comp id="341" class="1004" name="grp_fu_341">
<pin_list>
<pin id="342" dir="0" index="0" bw="7" slack="1"/>
<pin id="343" dir="0" index="1" bw="3" slack="0"/>
<pin id="344" dir="1" index="2" bw="7" slack="0"/>
</pin_list>
<bind>
<opcode="urem(17) " fcode="urem"/>
<opset="arrayNo/6 "/>
</bind>
</comp>

<comp id="346" class="1004" name="i_1_fu_346">
<pin_list>
<pin id="347" dir="0" index="0" bw="7" slack="1"/>
<pin id="348" dir="0" index="1" bw="1" slack="0"/>
<pin id="349" dir="1" index="2" bw="7" slack="1"/>
</pin_list>
<bind>
<opcode="add(8) " fcode="add"/>
<opset="i_1/6 "/>
</bind>
</comp>

<comp id="352" class="1004" name="zext2_cast_fu_352">
<pin_list>
<pin id="353" dir="0" index="0" bw="7" slack="7"/>
<pin id="354" dir="1" index="1" bw="16" slack="0"/>
</pin_list>
<bind>
<opcode="zext(34) " fcode="zext"/>
<opset="zext2_cast/12 "/>
</bind>
</comp>

<comp id="355" class="1004" name="grp_fu_355">
<pin_list>
<pin id="356" dir="0" index="0" bw="9" slack="0"/>
<pin id="357" dir="0" index="1" bw="7" slack="0"/>
<pin id="358" dir="1" index="2" bw="16" slack="0"/>
</pin_list>
<bind>
<opcode="mul(12) " fcode="mul"/>
<opset="mul3/12 "/>
</bind>
</comp>

<comp id="361" class="1004" name="zext_cast_fu_361">
<pin_list>
<pin id="362" dir="0" index="0" bw="7" slack="8"/>
<pin id="363" dir="1" index="1" bw="16" slack="0"/>
</pin_list>
<bind>
<opcode="zext(34) " fcode="zext"/>
<opset="zext_cast/13 "/>
</bind>
</comp>

<comp id="365" class="1004" name="grp_fu_365">
<pin_list>
<pin id="366" dir="0" index="0" bw="9" slack="0"/>
<pin id="367" dir="0" index="1" bw="7" slack="0"/>
<pin id="368" dir="1" index="2" bw="16" slack="0"/>
</pin_list>
<bind>
<opcode="mul(12) " fcode="mul"/>
<opset="mul/13 "/>
</bind>
</comp>

<comp id="371" class="1004" name="tmp_4_fu_371">
<pin_list>
<pin id="372" dir="0" index="0" bw="7" slack="0"/>
<pin id="373" dir="0" index="1" bw="16" slack="0"/>
<pin id="374" dir="0" index="2" bw="5" slack="0"/>
<pin id="375" dir="0" index="3" bw="5" slack="0"/>
<pin id="376" dir="1" index="4" bw="7" slack="1"/>
</pin_list>
<bind>
<opcode="partselect(1002) " fcode="partselect"/>
<opset="tmp_4/14 "/>
</bind>
</comp>

<comp id="381" class="1004" name="newIndex2_fu_381">
<pin_list>
<pin id="382" dir="0" index="0" bw="7" slack="1"/>
<pin id="383" dir="1" index="1" bw="64" slack="0"/>
</pin_list>
<bind>
<opcode="zext(34) " fcode="zext"/>
<opset="newIndex2/15 "/>
</bind>
</comp>

<comp id="387" class="1004" name="tmp_12_fu_387">
<pin_list>
<pin id="388" dir="0" index="0" bw="3" slack="0"/>
<pin id="389" dir="1" index="1" bw="3" slack="1"/>
</pin_list>
<bind>
<opcode="trunc(33) " fcode="trunc"/>
<opset="tmp_12/15 "/>
</bind>
</comp>

<comp id="391" class="1004" name="tmp_8_fu_391">
<pin_list>
<pin id="392" dir="0" index="0" bw="7" slack="0"/>
<pin id="393" dir="0" index="1" bw="16" slack="0"/>
<pin id="394" dir="0" index="2" bw="5" slack="0"/>
<pin id="395" dir="0" index="3" bw="5" slack="0"/>
<pin id="396" dir="1" index="4" bw="7" slack="1"/>
</pin_list>
<bind>
<opcode="partselect(1002) " fcode="partselect"/>
<opset="tmp_8/15 "/>
</bind>
</comp>

<comp id="401" class="1004" name="tmp_11_fu_401">
<pin_list>
<pin id="402" dir="0" index="0" bw="3" slack="0"/>
<pin id="403" dir="1" index="1" bw="3" slack="1"/>
</pin_list>
<bind>
<opcode="trunc(33) " fcode="trunc"/>
<opset="tmp_11/16 "/>
</bind>
</comp>

<comp id="405" class="1004" name="newIndex4_fu_405">
<pin_list>
<pin id="406" dir="0" index="0" bw="7" slack="1"/>
<pin id="407" dir="1" index="1" bw="64" slack="0"/>
</pin_list>
<bind>
<opcode="zext(34) " fcode="zext"/>
<opset="newIndex4/16 "/>
</bind>
</comp>

<comp id="411" class="1004" name="sel_tmp4_fu_411">
<pin_list>
<pin id="412" dir="0" index="0" bw="3" slack="1"/>
<pin id="413" dir="0" index="1" bw="1" slack="0"/>
<pin id="414" dir="1" index="2" bw="1" slack="1"/>
</pin_list>
<bind>
<opcode="icmp(45) " fcode="icmp"/>
<opset="sel_tmp4/16 "/>
</bind>
</comp>

<comp id="416" class="1004" name="sel_tmp6_fu_416">
<pin_list>
<pin id="417" dir="0" index="0" bw="3" slack="1"/>
<pin id="418" dir="0" index="1" bw="1" slack="0"/>
<pin id="419" dir="1" index="2" bw="1" slack="1"/>
</pin_list>
<bind>
<opcode="icmp(45) " fcode="icmp"/>
<opset="sel_tmp6/16 "/>
</bind>
</comp>

<comp id="421" class="1004" name="sel_tmp_fu_421">
<pin_list>
<pin id="422" dir="0" index="0" bw="3" slack="1"/>
<pin id="423" dir="0" index="1" bw="1" slack="0"/>
<pin id="424" dir="1" index="2" bw="1" slack="0"/>
</pin_list>
<bind>
<opcode="icmp(45) " fcode="icmp"/>
<opset="sel_tmp/17 "/>
</bind>
</comp>

<comp id="426" class="1004" name="sel_tmp1_fu_426">
<pin_list>
<pin id="427" dir="0" index="0" bw="1" slack="0"/>
<pin id="428" dir="0" index="1" bw="32" slack="1"/>
<pin id="429" dir="0" index="2" bw="32" slack="1"/>
<pin id="430" dir="1" index="3" bw="32" slack="0"/>
</pin_list>
<bind>
<opcode="select(49) " fcode="select"/>
<opset="sel_tmp1/17 "/>
</bind>
</comp>

<comp id="434" class="1004" name="sel_tmp2_fu_434">
<pin_list>
<pin id="435" dir="0" index="0" bw="3" slack="1"/>
<pin id="436" dir="0" index="1" bw="1" slack="0"/>
<pin id="437" dir="1" index="2" bw="1" slack="0"/>
</pin_list>
<bind>
<opcode="icmp(45) " fcode="icmp"/>
<opset="sel_tmp2/17 "/>
</bind>
</comp>

<comp id="439" class="1004" name="signals_load_5_phi_fu_439">
<pin_list>
<pin id="440" dir="0" index="0" bw="1" slack="0"/>
<pin id="441" dir="0" index="1" bw="32" slack="1"/>
<pin id="442" dir="0" index="2" bw="32" slack="0"/>
<pin id="443" dir="1" index="3" bw="32" slack="1"/>
</pin_list>
<bind>
<opcode="select(49) " fcode="select"/>
<opset="signals_load_5_phi/17 "/>
</bind>
</comp>

<comp id="447" class="1004" name="sel_tmp5_fu_447">
<pin_list>
<pin id="448" dir="0" index="0" bw="1" slack="1"/>
<pin id="449" dir="0" index="1" bw="32" slack="0"/>
<pin id="450" dir="0" index="2" bw="32" slack="0"/>
<pin id="451" dir="1" index="3" bw="32" slack="1"/>
</pin_list>
<bind>
<opcode="select(49) " fcode="select"/>
<opset="sel_tmp5/17 "/>
</bind>
</comp>

<comp id="454" class="1004" name="signals_load_6_phi_fu_454">
<pin_list>
<pin id="455" dir="0" index="0" bw="1" slack="2"/>
<pin id="456" dir="0" index="1" bw="32" slack="1"/>
<pin id="457" dir="0" index="2" bw="32" slack="1"/>
<pin id="458" dir="1" index="3" bw="32" slack="0"/>
</pin_list>
<bind>
<opcode="select(49) " fcode="select"/>
<opset="signals_load_6_phi/18 "/>
</bind>
</comp>

<comp id="460" class="1004" name="tmp_5_fu_460">
<pin_list>
<pin id="461" dir="0" index="0" bw="32" slack="1"/>
<pin id="462" dir="0" index="1" bw="32" slack="0"/>
<pin id="463" dir="1" index="2" bw="1" slack="1"/>
</pin_list>
<bind>
<opcode="icmp(45) " fcode="icmp"/>
<opset="tmp_5/18 "/>
</bind>
</comp>

<comp id="465" class="1004" name="tmp_7_fu_465">
<pin_list>
<pin id="466" dir="0" index="0" bw="7" slack="13"/>
<pin id="467" dir="0" index="1" bw="1" slack="0"/>
<pin id="468" dir="1" index="2" bw="7" slack="1"/>
</pin_list>
<bind>
<opcode="add(8) " fcode="add"/>
<opset="tmp_7/18 "/>
</bind>
</comp>

<comp id="471" class="1004" name="zext6_cast_fu_471">
<pin_list>
<pin id="472" dir="0" index="0" bw="7" slack="1"/>
<pin id="473" dir="1" index="1" bw="16" slack="0"/>
</pin_list>
<bind>
<opcode="zext(34) " fcode="zext"/>
<opset="zext6_cast/19 "/>
</bind>
</comp>

<comp id="474" class="1004" name="grp_fu_474">
<pin_list>
<pin id="475" dir="0" index="0" bw="7" slack="0"/>
<pin id="476" dir="0" index="1" bw="9" slack="0"/>
<pin id="477" dir="1" index="2" bw="16" slack="0"/>
</pin_list>
<bind>
<opcode="mul(12) " fcode="mul"/>
<opset="mul7/19 "/>
</bind>
</comp>

<comp id="480" class="1004" name="tmp_10_fu_480">
<pin_list>
<pin id="481" dir="0" index="0" bw="7" slack="0"/>
<pin id="482" dir="0" index="1" bw="16" slack="0"/>
<pin id="483" dir="0" index="2" bw="5" slack="0"/>
<pin id="484" dir="0" index="3" bw="5" slack="0"/>
<pin id="485" dir="1" index="4" bw="7" slack="1"/>
</pin_list>
<bind>
<opcode="partselect(1002) " fcode="partselect"/>
<opset="tmp_10/21 "/>
</bind>
</comp>

<comp id="490" class="1004" name="newIndex9_fu_490">
<pin_list>
<pin id="491" dir="0" index="0" bw="7" slack="1"/>
<pin id="492" dir="1" index="1" bw="64" slack="0"/>
</pin_list>
<bind>
<opcode="zext(34) " fcode="zext"/>
<opset="newIndex9/22 "/>
</bind>
</comp>

<comp id="496" class="1004" name="sel_tmp3_fu_496">
<pin_list>
<pin id="497" dir="0" index="0" bw="1" slack="7"/>
<pin id="498" dir="0" index="1" bw="32" slack="0"/>
<pin id="499" dir="0" index="2" bw="32" slack="0"/>
<pin id="500" dir="1" index="3" bw="32" slack="1"/>
</pin_list>
<bind>
<opcode="select(49) " fcode="select"/>
<opset="sel_tmp3/23 "/>
</bind>
</comp>

<comp id="503" class="1004" name="signals_load_8_phi_fu_503">
<pin_list>
<pin id="504" dir="0" index="0" bw="1" slack="8"/>
<pin id="505" dir="0" index="1" bw="32" slack="1"/>
<pin id="506" dir="0" index="2" bw="32" slack="1"/>
<pin id="507" dir="1" index="3" bw="32" slack="0"/>
</pin_list>
<bind>
<opcode="select(49) " fcode="select"/>
<opset="signals_load_8_phi/24 "/>
</bind>
</comp>

<comp id="509" class="1004" name="tmp_9_fu_509">
<pin_list>
<pin id="510" dir="0" index="0" bw="32" slack="6"/>
<pin id="511" dir="0" index="1" bw="32" slack="0"/>
<pin id="512" dir="1" index="2" bw="1" slack="2147483647"/>
</pin_list>
<bind>
<opcode="icmp(45) " fcode="icmp"/>
<opset="tmp_9/24 "/>
</bind>
</comp>

<comp id="514" class="1004" name="tmp_s_fu_514">
<pin_list>
<pin id="515" dir="0" index="0" bw="32" slack="0"/>
<pin id="516" dir="1" index="1" bw="64" slack="0"/>
</pin_list>
<bind>
<opcode="sext(35) " fcode="sext"/>
<opset="tmp_s/24 "/>
</bind>
</comp>

<comp id="520" class="1004" name="peak_fu_520">
<pin_list>
<pin id="521" dir="0" index="0" bw="32" slack="0"/>
<pin id="522" dir="0" index="1" bw="1" slack="0"/>
<pin id="523" dir="1" index="2" bw="32" slack="0"/>
</pin_list>
<bind>
<opcode="add(8) " fcode="add"/>
<opset="peak/24 "/>
</bind>
</comp>

<comp id="526" class="1004" name="stg_153_store_fu_526">
<pin_list>
<pin id="527" dir="0" index="0" bw="32" slack="0"/>
<pin id="528" dir="0" index="1" bw="32" slack="20"/>
<pin id="529" dir="1" index="2" bw="0" slack="2147483647"/>
</pin_list>
<bind>
<opcode="store(28) " fcode="store"/>
<opset="stg_153/24 "/>
</bind>
</comp>

<comp id="531" class="1004" name="tmp_1_fu_531">
<pin_list>
<pin id="532" dir="0" index="0" bw="32" slack="1"/>
<pin id="533" dir="0" index="1" bw="32" slack="1"/>
<pin id="534" dir="1" index="2" bw="1" slack="2147483647"/>
</pin_list>
<bind>
<opcode="icmp(45) " fcode="icmp"/>
<opset="tmp_1/27 "/>
</bind>
</comp>

<comp id="537" class="1004" name="tmp_6_fu_537">
<pin_list>
<pin id="538" dir="0" index="0" bw="32" slack="0"/>
<pin id="539" dir="1" index="1" bw="64" slack="0"/>
</pin_list>
<bind>
<opcode="sext(35) " fcode="sext"/>
<opset="tmp_6/27 "/>
</bind>
</comp>

<comp id="543" class="1005" name="signals_0_addr_4_reg_543">
<pin_list>
<pin id="544" dir="0" index="0" bw="6" slack="1"/>
<pin id="545" dir="1" index="1" bw="6" slack="1"/>
</pin_list>
<bind>
<opset="signals_0_addr_4 "/>
</bind>
</comp>

<comp id="548" class="1005" name="signals_1_addr_reg_548">
<pin_list>
<pin id="549" dir="0" index="0" bw="6" slack="1"/>
<pin id="550" dir="1" index="1" bw="6" slack="1"/>
</pin_list>
<bind>
<opset="signals_1_addr "/>
</bind>
</comp>

<comp id="556" class="1005" name="peak_1_reg_556">
<pin_list>
<pin id="557" dir="0" index="0" bw="32" slack="0"/>
<pin id="558" dir="1" index="1" bw="32" slack="0"/>
</pin_list>
<bind>
<opset="peak_1 "/>
</bind>
</comp>

<comp id="563" class="1005" name="i_cast_reg_563">
<pin_list>
<pin id="564" dir="0" index="0" bw="32" slack="19"/>
<pin id="565" dir="1" index="1" bw="32" slack="19"/>
</pin_list>
<bind>
<opset="i_cast "/>
</bind>
</comp>

<comp id="568" class="1005" name="exitcond_reg_568">
<pin_list>
<pin id="569" dir="0" index="0" bw="1" slack="1"/>
<pin id="570" dir="1" index="1" bw="1" slack="2147483647"/>
</pin_list>
<bind>
<opset="exitcond "/>
</bind>
</comp>

<comp id="572" class="1005" name="tmp_2_reg_572">
<pin_list>
<pin id="573" dir="0" index="0" bw="7" slack="1"/>
<pin id="574" dir="1" index="1" bw="7" slack="1"/>
</pin_list>
<bind>
<opset="tmp_2 "/>
</bind>
</comp>

<comp id="578" class="1005" name="i_1_reg_578">
<pin_list>
<pin id="579" dir="0" index="0" bw="7" slack="1"/>
<pin id="580" dir="1" index="1" bw="7" slack="1"/>
</pin_list>
<bind>
<opset="i_1 "/>
</bind>
</comp>

<comp id="583" class="1005" name="zext2_cast_reg_583">
<pin_list>
<pin id="584" dir="0" index="0" bw="16" slack="1"/>
<pin id="585" dir="1" index="1" bw="16" slack="1"/>
</pin_list>
<bind>
<opset="zext2_cast "/>
</bind>
</comp>

<comp id="588" class="1005" name="zext_cast_reg_588">
<pin_list>
<pin id="589" dir="0" index="0" bw="16" slack="1"/>
<pin id="590" dir="1" index="1" bw="16" slack="1"/>
</pin_list>
<bind>
<opset="zext_cast "/>
</bind>
</comp>

<comp id="593" class="1005" name="tmp_4_reg_593">
<pin_list>
<pin id="594" dir="0" index="0" bw="7" slack="1"/>
<pin id="595" dir="1" index="1" bw="7" slack="1"/>
</pin_list>
<bind>
<opset="tmp_4 "/>
</bind>
</comp>

<comp id="598" class="1005" name="signals_0_addr_1_reg_598">
<pin_list>
<pin id="599" dir="0" index="0" bw="6" slack="1"/>
<pin id="600" dir="1" index="1" bw="6" slack="1"/>
</pin_list>
<bind>
<opset="signals_0_addr_1 "/>
</bind>
</comp>

<comp id="603" class="1005" name="signals_1_addr_1_reg_603">
<pin_list>
<pin id="604" dir="0" index="0" bw="6" slack="1"/>
<pin id="605" dir="1" index="1" bw="6" slack="1"/>
</pin_list>
<bind>
<opset="signals_1_addr_1 "/>
</bind>
</comp>

<comp id="608" class="1005" name="signals_2_addr_1_reg_608">
<pin_list>
<pin id="609" dir="0" index="0" bw="6" slack="1"/>
<pin id="610" dir="1" index="1" bw="6" slack="1"/>
</pin_list>
<bind>
<opset="signals_2_addr_1 "/>
</bind>
</comp>

<comp id="613" class="1005" name="tmp_12_reg_613">
<pin_list>
<pin id="614" dir="0" index="0" bw="3" slack="1"/>
<pin id="615" dir="1" index="1" bw="3" slack="1"/>
</pin_list>
<bind>
<opset="tmp_12 "/>
</bind>
</comp>

<comp id="619" class="1005" name="tmp_8_reg_619">
<pin_list>
<pin id="620" dir="0" index="0" bw="7" slack="1"/>
<pin id="621" dir="1" index="1" bw="7" slack="1"/>
</pin_list>
<bind>
<opset="tmp_8 "/>
</bind>
</comp>

<comp id="624" class="1005" name="tmp_11_reg_624">
<pin_list>
<pin id="625" dir="0" index="0" bw="3" slack="1"/>
<pin id="626" dir="1" index="1" bw="3" slack="1"/>
</pin_list>
<bind>
<opset="tmp_11 "/>
</bind>
</comp>

<comp id="630" class="1005" name="signals_0_addr_2_reg_630">
<pin_list>
<pin id="631" dir="0" index="0" bw="6" slack="1"/>
<pin id="632" dir="1" index="1" bw="6" slack="1"/>
</pin_list>
<bind>
<opset="signals_0_addr_2 "/>
</bind>
</comp>

<comp id="635" class="1005" name="signals_1_addr_2_reg_635">
<pin_list>
<pin id="636" dir="0" index="0" bw="6" slack="1"/>
<pin id="637" dir="1" index="1" bw="6" slack="1"/>
</pin_list>
<bind>
<opset="signals_1_addr_2 "/>
</bind>
</comp>

<comp id="640" class="1005" name="signals_2_addr_2_reg_640">
<pin_list>
<pin id="641" dir="0" index="0" bw="6" slack="1"/>
<pin id="642" dir="1" index="1" bw="6" slack="1"/>
</pin_list>
<bind>
<opset="signals_2_addr_2 "/>
</bind>
</comp>

<comp id="645" class="1005" name="sel_tmp4_reg_645">
<pin_list>
<pin id="646" dir="0" index="0" bw="1" slack="1"/>
<pin id="647" dir="1" index="1" bw="1" slack="1"/>
</pin_list>
<bind>
<opset="sel_tmp4 "/>
</bind>
</comp>

<comp id="651" class="1005" name="sel_tmp6_reg_651">
<pin_list>
<pin id="652" dir="0" index="0" bw="1" slack="1"/>
<pin id="653" dir="1" index="1" bw="1" slack="2"/>
</pin_list>
<bind>
<opset="sel_tmp6 "/>
</bind>
</comp>

<comp id="657" class="1005" name="signals_load_5_phi_reg_657">
<pin_list>
<pin id="658" dir="0" index="0" bw="32" slack="1"/>
<pin id="659" dir="1" index="1" bw="32" slack="1"/>
</pin_list>
<bind>
<opset="signals_load_5_phi "/>
</bind>
</comp>

<comp id="662" class="1005" name="sel_tmp5_reg_662">
<pin_list>
<pin id="663" dir="0" index="0" bw="32" slack="1"/>
<pin id="664" dir="1" index="1" bw="32" slack="1"/>
</pin_list>
<bind>
<opset="sel_tmp5 "/>
</bind>
</comp>

<comp id="667" class="1005" name="signals_load_6_phi_reg_667">
<pin_list>
<pin id="668" dir="0" index="0" bw="32" slack="6"/>
<pin id="669" dir="1" index="1" bw="32" slack="6"/>
</pin_list>
<bind>
<opset="signals_load_6_phi "/>
</bind>
</comp>

<comp id="673" class="1005" name="tmp_5_reg_673">
<pin_list>
<pin id="674" dir="0" index="0" bw="1" slack="1"/>
<pin id="675" dir="1" index="1" bw="1" slack="2147483647"/>
</pin_list>
<bind>
<opset="tmp_5 "/>
</bind>
</comp>

<comp id="677" class="1005" name="tmp_7_reg_677">
<pin_list>
<pin id="678" dir="0" index="0" bw="7" slack="1"/>
<pin id="679" dir="1" index="1" bw="7" slack="1"/>
</pin_list>
<bind>
<opset="tmp_7 "/>
</bind>
</comp>

<comp id="682" class="1005" name="zext6_cast_reg_682">
<pin_list>
<pin id="683" dir="0" index="0" bw="16" slack="1"/>
<pin id="684" dir="1" index="1" bw="16" slack="1"/>
</pin_list>
<bind>
<opset="zext6_cast "/>
</bind>
</comp>

<comp id="687" class="1005" name="tmp_10_reg_687">
<pin_list>
<pin id="688" dir="0" index="0" bw="7" slack="1"/>
<pin id="689" dir="1" index="1" bw="7" slack="1"/>
</pin_list>
<bind>
<opset="tmp_10 "/>
</bind>
</comp>

<comp id="692" class="1005" name="signals_1_addr_3_reg_692">
<pin_list>
<pin id="693" dir="0" index="0" bw="6" slack="1"/>
<pin id="694" dir="1" index="1" bw="6" slack="1"/>
</pin_list>
<bind>
<opset="signals_1_addr_3 "/>
</bind>
</comp>

<comp id="697" class="1005" name="signals_2_addr_3_reg_697">
<pin_list>
<pin id="698" dir="0" index="0" bw="6" slack="1"/>
<pin id="699" dir="1" index="1" bw="6" slack="1"/>
</pin_list>
<bind>
<opset="signals_2_addr_3 "/>
</bind>
</comp>

<comp id="702" class="1005" name="signals_0_addr_3_reg_702">
<pin_list>
<pin id="703" dir="0" index="0" bw="6" slack="1"/>
<pin id="704" dir="1" index="1" bw="6" slack="1"/>
</pin_list>
<bind>
<opset="signals_0_addr_3 "/>
</bind>
</comp>

<comp id="707" class="1005" name="sel_tmp3_reg_707">
<pin_list>
<pin id="708" dir="0" index="0" bw="32" slack="1"/>
<pin id="709" dir="1" index="1" bw="32" slack="1"/>
</pin_list>
<bind>
<opset="sel_tmp3 "/>
</bind>
</comp>

<comp id="715" class="1005" name="signals_2_addr_reg_715">
<pin_list>
<pin id="716" dir="0" index="0" bw="6" slack="1"/>
<pin id="717" dir="1" index="1" bw="6" slack="1"/>
</pin_list>
<bind>
<opset="signals_2_addr "/>
</bind>
</comp>

<comp id="720" class="1005" name="signals_0_addr_reg_720">
<pin_list>
<pin id="721" dir="0" index="0" bw="6" slack="1"/>
<pin id="722" dir="1" index="1" bw="6" slack="1"/>
</pin_list>
<bind>
<opset="signals_0_addr "/>
</bind>
</comp>

</comp_list>

<net_list>
<net id="71"><net_src comp="24" pin="0"/><net_sink comp="68" pin=0"/></net>

<net id="77"><net_src comp="0" pin="0"/><net_sink comp="72" pin=0"/></net>

<net id="78"><net_src comp="10" pin="0"/><net_sink comp="72" pin=1"/></net>

<net id="79"><net_src comp="10" pin="0"/><net_sink comp="72" pin=2"/></net>

<net id="84"><net_src comp="72" pin="3"/><net_sink comp="80" pin=0"/></net>

<net id="90"><net_src comp="2" pin="0"/><net_sink comp="85" pin=0"/></net>

<net id="91"><net_src comp="10" pin="0"/><net_sink comp="85" pin=1"/></net>

<net id="92"><net_src comp="10" pin="0"/><net_sink comp="85" pin=2"/></net>

<net id="97"><net_src comp="85" pin="3"/><net_sink comp="93" pin=0"/></net>

<net id="103"><net_src comp="8" pin="0"/><net_sink comp="98" pin=0"/></net>

<net id="104"><net_src comp="10" pin="0"/><net_sink comp="98" pin=1"/></net>

<net id="105"><net_src comp="10" pin="0"/><net_sink comp="98" pin=2"/></net>

<net id="111"><net_src comp="6" pin="0"/><net_sink comp="106" pin=0"/></net>

<net id="112"><net_src comp="10" pin="0"/><net_sink comp="106" pin=1"/></net>

<net id="113"><net_src comp="10" pin="0"/><net_sink comp="106" pin=2"/></net>

<net id="118"><net_src comp="18" pin="0"/><net_sink comp="114" pin=1"/></net>

<net id="119"><net_src comp="98" pin="3"/><net_sink comp="114" pin=0"/></net>

<net id="124"><net_src comp="106" pin="3"/><net_sink comp="120" pin=0"/></net>

<net id="130"><net_src comp="0" pin="0"/><net_sink comp="125" pin=0"/></net>

<net id="131"><net_src comp="10" pin="0"/><net_sink comp="125" pin=1"/></net>

<net id="137"><net_src comp="2" pin="0"/><net_sink comp="132" pin=0"/></net>

<net id="138"><net_src comp="10" pin="0"/><net_sink comp="132" pin=1"/></net>

<net id="144"><net_src comp="4" pin="0"/><net_sink comp="139" pin=0"/></net>

<net id="145"><net_src comp="10" pin="0"/><net_sink comp="139" pin=1"/></net>

<net id="150"><net_src comp="139" pin="3"/><net_sink comp="146" pin=0"/></net>

<net id="151"><net_src comp="125" pin="3"/><net_sink comp="80" pin=0"/></net>

<net id="152"><net_src comp="132" pin="3"/><net_sink comp="93" pin=0"/></net>

<net id="158"><net_src comp="0" pin="0"/><net_sink comp="153" pin=0"/></net>

<net id="159"><net_src comp="10" pin="0"/><net_sink comp="153" pin=1"/></net>

<net id="165"><net_src comp="2" pin="0"/><net_sink comp="160" pin=0"/></net>

<net id="166"><net_src comp="10" pin="0"/><net_sink comp="160" pin=1"/></net>

<net id="172"><net_src comp="4" pin="0"/><net_sink comp="167" pin=0"/></net>

<net id="173"><net_src comp="10" pin="0"/><net_sink comp="167" pin=1"/></net>

<net id="174"><net_src comp="167" pin="3"/><net_sink comp="146" pin=0"/></net>

<net id="175"><net_src comp="153" pin="3"/><net_sink comp="80" pin=0"/></net>

<net id="176"><net_src comp="160" pin="3"/><net_sink comp="93" pin=0"/></net>

<net id="182"><net_src comp="2" pin="0"/><net_sink comp="177" pin=0"/></net>

<net id="183"><net_src comp="10" pin="0"/><net_sink comp="177" pin=1"/></net>

<net id="189"><net_src comp="4" pin="0"/><net_sink comp="184" pin=0"/></net>

<net id="190"><net_src comp="10" pin="0"/><net_sink comp="184" pin=1"/></net>

<net id="196"><net_src comp="0" pin="0"/><net_sink comp="191" pin=0"/></net>

<net id="197"><net_src comp="10" pin="0"/><net_sink comp="191" pin=1"/></net>

<net id="201"><net_src comp="191" pin="3"/><net_sink comp="80" pin=3"/></net>

<net id="205"><net_src comp="177" pin="3"/><net_sink comp="93" pin=3"/></net>

<net id="209"><net_src comp="184" pin="3"/><net_sink comp="146" pin=3"/></net>

<net id="215"><net_src comp="8" pin="0"/><net_sink comp="210" pin=0"/></net>

<net id="216"><net_src comp="10" pin="0"/><net_sink comp="210" pin=1"/></net>

<net id="217"><net_src comp="210" pin="3"/><net_sink comp="114" pin=0"/></net>

<net id="223"><net_src comp="6" pin="0"/><net_sink comp="218" pin=0"/></net>

<net id="224"><net_src comp="10" pin="0"/><net_sink comp="218" pin=1"/></net>

<net id="225"><net_src comp="218" pin="3"/><net_sink comp="120" pin=0"/></net>

<net id="231"><net_src comp="4" pin="0"/><net_sink comp="226" pin=0"/></net>

<net id="232"><net_src comp="10" pin="0"/><net_sink comp="226" pin=1"/></net>

<net id="233"><net_src comp="62" pin="0"/><net_sink comp="226" pin=2"/></net>

<net id="234"><net_src comp="226" pin="3"/><net_sink comp="146" pin=3"/></net>

<net id="240"><net_src comp="0" pin="0"/><net_sink comp="235" pin=0"/></net>

<net id="241"><net_src comp="10" pin="0"/><net_sink comp="235" pin=1"/></net>

<net id="242"><net_src comp="64" pin="0"/><net_sink comp="235" pin=2"/></net>

<net id="243"><net_src comp="235" pin="3"/><net_sink comp="80" pin=3"/></net>

<net id="249"><net_src comp="8" pin="0"/><net_sink comp="244" pin=0"/></net>

<net id="250"><net_src comp="10" pin="0"/><net_sink comp="244" pin=1"/></net>

<net id="251"><net_src comp="66" pin="0"/><net_sink comp="114" pin=1"/></net>

<net id="252"><net_src comp="244" pin="3"/><net_sink comp="114" pin=0"/></net>

<net id="258"><net_src comp="6" pin="0"/><net_sink comp="253" pin=0"/></net>

<net id="259"><net_src comp="10" pin="0"/><net_sink comp="253" pin=1"/></net>

<net id="260"><net_src comp="253" pin="3"/><net_sink comp="120" pin=0"/></net>

<net id="264"><net_src comp="20" pin="0"/><net_sink comp="261" pin=0"/></net>

<net id="265"><net_src comp="22" pin="0"/><net_sink comp="261" pin=0"/></net>

<net id="272"><net_src comp="261" pin="1"/><net_sink comp="266" pin=0"/></net>

<net id="273"><net_src comp="261" pin="1"/><net_sink comp="266" pin=2"/></net>

<net id="277"><net_src comp="26" pin="0"/><net_sink comp="274" pin=0"/></net>

<net id="284"><net_src comp="274" pin="1"/><net_sink comp="278" pin=2"/></net>

<net id="285"><net_src comp="278" pin="4"/><net_sink comp="274" pin=0"/></net>

<net id="292"><net_src comp="80" pin="2"/><net_sink comp="289" pin=0"/></net>

<net id="293"><net_src comp="289" pin="1"/><net_sink comp="120" pin=1"/></net>

<net id="294"><net_src comp="80" pin="5"/><net_sink comp="289" pin=0"/></net>

<net id="298"><net_src comp="93" pin="2"/><net_sink comp="295" pin=0"/></net>

<net id="302"><net_src comp="146" pin="2"/><net_sink comp="299" pin=0"/></net>

<net id="303"><net_src comp="146" pin="5"/><net_sink comp="299" pin=0"/></net>

<net id="308"><net_src comp="289" pin="1"/><net_sink comp="304" pin=0"/></net>

<net id="309"><net_src comp="295" pin="1"/><net_sink comp="304" pin=1"/></net>

<net id="313"><net_src comp="266" pin="4"/><net_sink comp="310" pin=0"/></net>

<net id="318"><net_src comp="310" pin="1"/><net_sink comp="314" pin=0"/></net>

<net id="322"><net_src comp="278" pin="4"/><net_sink comp="319" pin=0"/></net>

<net id="327"><net_src comp="278" pin="4"/><net_sink comp="323" pin=0"/></net>

<net id="328"><net_src comp="28" pin="0"/><net_sink comp="323" pin=1"/></net>

<net id="333"><net_src comp="30" pin="0"/><net_sink comp="329" pin=0"/></net>

<net id="334"><net_src comp="278" pin="4"/><net_sink comp="329" pin=1"/></net>

<net id="339"><net_src comp="278" pin="4"/><net_sink comp="335" pin=0"/></net>

<net id="340"><net_src comp="32" pin="0"/><net_sink comp="335" pin=1"/></net>

<net id="345"><net_src comp="32" pin="0"/><net_sink comp="341" pin=1"/></net>

<net id="350"><net_src comp="274" pin="1"/><net_sink comp="346" pin=0"/></net>

<net id="351"><net_src comp="26" pin="0"/><net_sink comp="346" pin=1"/></net>

<net id="359"><net_src comp="34" pin="0"/><net_sink comp="355" pin=0"/></net>

<net id="360"><net_src comp="352" pin="1"/><net_sink comp="355" pin=1"/></net>

<net id="364"><net_src comp="274" pin="1"/><net_sink comp="361" pin=0"/></net>

<net id="369"><net_src comp="34" pin="0"/><net_sink comp="365" pin=0"/></net>

<net id="370"><net_src comp="361" pin="1"/><net_sink comp="365" pin=1"/></net>

<net id="377"><net_src comp="36" pin="0"/><net_sink comp="371" pin=0"/></net>

<net id="378"><net_src comp="355" pin="2"/><net_sink comp="371" pin=1"/></net>

<net id="379"><net_src comp="38" pin="0"/><net_sink comp="371" pin=2"/></net>

<net id="380"><net_src comp="40" pin="0"/><net_sink comp="371" pin=3"/></net>

<net id="384"><net_src comp="381" pin="1"/><net_sink comp="125" pin=2"/></net>

<net id="385"><net_src comp="381" pin="1"/><net_sink comp="132" pin=2"/></net>

<net id="386"><net_src comp="381" pin="1"/><net_sink comp="139" pin=2"/></net>

<net id="390"><net_src comp="335" pin="2"/><net_sink comp="387" pin=0"/></net>

<net id="397"><net_src comp="36" pin="0"/><net_sink comp="391" pin=0"/></net>

<net id="398"><net_src comp="365" pin="2"/><net_sink comp="391" pin=1"/></net>

<net id="399"><net_src comp="38" pin="0"/><net_sink comp="391" pin=2"/></net>

<net id="400"><net_src comp="40" pin="0"/><net_sink comp="391" pin=3"/></net>

<net id="404"><net_src comp="341" pin="2"/><net_sink comp="401" pin=0"/></net>

<net id="408"><net_src comp="405" pin="1"/><net_sink comp="153" pin=2"/></net>

<net id="409"><net_src comp="405" pin="1"/><net_sink comp="160" pin=2"/></net>

<net id="410"><net_src comp="405" pin="1"/><net_sink comp="167" pin=2"/></net>

<net id="415"><net_src comp="42" pin="0"/><net_sink comp="411" pin=1"/></net>

<net id="420"><net_src comp="44" pin="0"/><net_sink comp="416" pin=1"/></net>

<net id="425"><net_src comp="42" pin="0"/><net_sink comp="421" pin=1"/></net>

<net id="431"><net_src comp="421" pin="2"/><net_sink comp="426" pin=0"/></net>

<net id="432"><net_src comp="289" pin="1"/><net_sink comp="426" pin=1"/></net>

<net id="433"><net_src comp="299" pin="1"/><net_sink comp="426" pin=2"/></net>

<net id="438"><net_src comp="44" pin="0"/><net_sink comp="434" pin=1"/></net>

<net id="444"><net_src comp="434" pin="2"/><net_sink comp="439" pin=0"/></net>

<net id="445"><net_src comp="295" pin="1"/><net_sink comp="439" pin=1"/></net>

<net id="446"><net_src comp="426" pin="3"/><net_sink comp="439" pin=2"/></net>

<net id="452"><net_src comp="80" pin="2"/><net_sink comp="447" pin=1"/></net>

<net id="453"><net_src comp="146" pin="2"/><net_sink comp="447" pin=2"/></net>

<net id="459"><net_src comp="295" pin="1"/><net_sink comp="454" pin=1"/></net>

<net id="464"><net_src comp="454" pin="3"/><net_sink comp="460" pin=1"/></net>

<net id="469"><net_src comp="274" pin="1"/><net_sink comp="465" pin=0"/></net>

<net id="470"><net_src comp="26" pin="0"/><net_sink comp="465" pin=1"/></net>

<net id="478"><net_src comp="471" pin="1"/><net_sink comp="474" pin=0"/></net>

<net id="479"><net_src comp="34" pin="0"/><net_sink comp="474" pin=1"/></net>

<net id="486"><net_src comp="36" pin="0"/><net_sink comp="480" pin=0"/></net>

<net id="487"><net_src comp="474" pin="2"/><net_sink comp="480" pin=1"/></net>

<net id="488"><net_src comp="38" pin="0"/><net_sink comp="480" pin=2"/></net>

<net id="489"><net_src comp="40" pin="0"/><net_sink comp="480" pin=3"/></net>

<net id="493"><net_src comp="490" pin="1"/><net_sink comp="177" pin=2"/></net>

<net id="494"><net_src comp="490" pin="1"/><net_sink comp="184" pin=2"/></net>

<net id="495"><net_src comp="490" pin="1"/><net_sink comp="191" pin=2"/></net>

<net id="501"><net_src comp="93" pin="5"/><net_sink comp="496" pin=1"/></net>

<net id="502"><net_src comp="80" pin="5"/><net_sink comp="496" pin=2"/></net>

<net id="508"><net_src comp="299" pin="1"/><net_sink comp="503" pin=1"/></net>

<net id="513"><net_src comp="503" pin="3"/><net_sink comp="509" pin=1"/></net>

<net id="517"><net_src comp="286" pin="1"/><net_sink comp="514" pin=0"/></net>

<net id="518"><net_src comp="514" pin="1"/><net_sink comp="210" pin=2"/></net>

<net id="519"><net_src comp="514" pin="1"/><net_sink comp="218" pin=2"/></net>

<net id="524"><net_src comp="286" pin="1"/><net_sink comp="520" pin=0"/></net>

<net id="525"><net_src comp="24" pin="0"/><net_sink comp="520" pin=1"/></net>

<net id="530"><net_src comp="520" pin="2"/><net_sink comp="526" pin=0"/></net>

<net id="535"><net_src comp="299" pin="1"/><net_sink comp="531" pin=0"/></net>

<net id="536"><net_src comp="289" pin="1"/><net_sink comp="531" pin=1"/></net>

<net id="540"><net_src comp="286" pin="1"/><net_sink comp="537" pin=0"/></net>

<net id="541"><net_src comp="537" pin="1"/><net_sink comp="244" pin=2"/></net>

<net id="542"><net_src comp="537" pin="1"/><net_sink comp="253" pin=2"/></net>

<net id="546"><net_src comp="72" pin="3"/><net_sink comp="543" pin=0"/></net>

<net id="547"><net_src comp="543" pin="1"/><net_sink comp="80" pin=0"/></net>

<net id="551"><net_src comp="85" pin="3"/><net_sink comp="548" pin=0"/></net>

<net id="552"><net_src comp="548" pin="1"/><net_sink comp="93" pin=0"/></net>

<net id="559"><net_src comp="68" pin="1"/><net_sink comp="556" pin=0"/></net>

<net id="560"><net_src comp="556" pin="1"/><net_sink comp="314" pin=1"/></net>

<net id="561"><net_src comp="556" pin="1"/><net_sink comp="286" pin=0"/></net>

<net id="562"><net_src comp="556" pin="1"/><net_sink comp="526" pin=1"/></net>

<net id="566"><net_src comp="319" pin="1"/><net_sink comp="563" pin=0"/></net>

<net id="567"><net_src comp="563" pin="1"/><net_sink comp="114" pin=1"/></net>

<net id="571"><net_src comp="323" pin="2"/><net_sink comp="568" pin=0"/></net>

<net id="575"><net_src comp="329" pin="2"/><net_sink comp="572" pin=0"/></net>

<net id="576"><net_src comp="572" pin="1"/><net_sink comp="341" pin=0"/></net>

<net id="577"><net_src comp="572" pin="1"/><net_sink comp="352" pin=0"/></net>

<net id="581"><net_src comp="346" pin="2"/><net_sink comp="578" pin=0"/></net>

<net id="582"><net_src comp="578" pin="1"/><net_sink comp="278" pin=0"/></net>

<net id="586"><net_src comp="352" pin="1"/><net_sink comp="583" pin=0"/></net>

<net id="587"><net_src comp="583" pin="1"/><net_sink comp="355" pin=1"/></net>

<net id="591"><net_src comp="361" pin="1"/><net_sink comp="588" pin=0"/></net>

<net id="592"><net_src comp="588" pin="1"/><net_sink comp="365" pin=1"/></net>

<net id="596"><net_src comp="371" pin="4"/><net_sink comp="593" pin=0"/></net>

<net id="597"><net_src comp="593" pin="1"/><net_sink comp="381" pin=0"/></net>

<net id="601"><net_src comp="125" pin="3"/><net_sink comp="598" pin=0"/></net>

<net id="602"><net_src comp="598" pin="1"/><net_sink comp="80" pin=0"/></net>

<net id="606"><net_src comp="132" pin="3"/><net_sink comp="603" pin=0"/></net>

<net id="607"><net_src comp="603" pin="1"/><net_sink comp="93" pin=0"/></net>

<net id="611"><net_src comp="139" pin="3"/><net_sink comp="608" pin=0"/></net>

<net id="612"><net_src comp="608" pin="1"/><net_sink comp="146" pin=0"/></net>

<net id="616"><net_src comp="387" pin="1"/><net_sink comp="613" pin=0"/></net>

<net id="617"><net_src comp="613" pin="1"/><net_sink comp="411" pin=0"/></net>

<net id="618"><net_src comp="613" pin="1"/><net_sink comp="416" pin=0"/></net>

<net id="622"><net_src comp="391" pin="4"/><net_sink comp="619" pin=0"/></net>

<net id="623"><net_src comp="619" pin="1"/><net_sink comp="405" pin=0"/></net>

<net id="627"><net_src comp="401" pin="1"/><net_sink comp="624" pin=0"/></net>

<net id="628"><net_src comp="624" pin="1"/><net_sink comp="421" pin=0"/></net>

<net id="629"><net_src comp="624" pin="1"/><net_sink comp="434" pin=0"/></net>

<net id="633"><net_src comp="153" pin="3"/><net_sink comp="630" pin=0"/></net>

<net id="634"><net_src comp="630" pin="1"/><net_sink comp="80" pin=0"/></net>

<net id="638"><net_src comp="160" pin="3"/><net_sink comp="635" pin=0"/></net>

<net id="639"><net_src comp="635" pin="1"/><net_sink comp="93" pin=0"/></net>

<net id="643"><net_src comp="167" pin="3"/><net_sink comp="640" pin=0"/></net>

<net id="644"><net_src comp="640" pin="1"/><net_sink comp="146" pin=0"/></net>

<net id="648"><net_src comp="411" pin="2"/><net_sink comp="645" pin=0"/></net>

<net id="649"><net_src comp="645" pin="1"/><net_sink comp="447" pin=0"/></net>

<net id="650"><net_src comp="645" pin="1"/><net_sink comp="496" pin=0"/></net>

<net id="654"><net_src comp="416" pin="2"/><net_sink comp="651" pin=0"/></net>

<net id="655"><net_src comp="651" pin="1"/><net_sink comp="454" pin=0"/></net>

<net id="656"><net_src comp="651" pin="1"/><net_sink comp="503" pin=0"/></net>

<net id="660"><net_src comp="439" pin="3"/><net_sink comp="657" pin=0"/></net>

<net id="661"><net_src comp="657" pin="1"/><net_sink comp="460" pin=0"/></net>

<net id="665"><net_src comp="447" pin="3"/><net_sink comp="662" pin=0"/></net>

<net id="666"><net_src comp="662" pin="1"/><net_sink comp="454" pin=2"/></net>

<net id="670"><net_src comp="454" pin="3"/><net_sink comp="667" pin=0"/></net>

<net id="671"><net_src comp="667" pin="1"/><net_sink comp="509" pin=0"/></net>

<net id="672"><net_src comp="667" pin="1"/><net_sink comp="120" pin=1"/></net>

<net id="676"><net_src comp="460" pin="2"/><net_sink comp="673" pin=0"/></net>

<net id="680"><net_src comp="465" pin="2"/><net_sink comp="677" pin=0"/></net>

<net id="681"><net_src comp="677" pin="1"/><net_sink comp="471" pin=0"/></net>

<net id="685"><net_src comp="471" pin="1"/><net_sink comp="682" pin=0"/></net>

<net id="686"><net_src comp="682" pin="1"/><net_sink comp="474" pin=0"/></net>

<net id="690"><net_src comp="480" pin="4"/><net_sink comp="687" pin=0"/></net>

<net id="691"><net_src comp="687" pin="1"/><net_sink comp="490" pin=0"/></net>

<net id="695"><net_src comp="177" pin="3"/><net_sink comp="692" pin=0"/></net>

<net id="696"><net_src comp="692" pin="1"/><net_sink comp="93" pin=3"/></net>

<net id="700"><net_src comp="184" pin="3"/><net_sink comp="697" pin=0"/></net>

<net id="701"><net_src comp="697" pin="1"/><net_sink comp="146" pin=3"/></net>

<net id="705"><net_src comp="191" pin="3"/><net_sink comp="702" pin=0"/></net>

<net id="706"><net_src comp="702" pin="1"/><net_sink comp="80" pin=3"/></net>

<net id="710"><net_src comp="496" pin="3"/><net_sink comp="707" pin=0"/></net>

<net id="711"><net_src comp="707" pin="1"/><net_sink comp="503" pin=2"/></net>

<net id="718"><net_src comp="226" pin="3"/><net_sink comp="715" pin=0"/></net>

<net id="719"><net_src comp="715" pin="1"/><net_sink comp="146" pin=3"/></net>

<net id="723"><net_src comp="235" pin="3"/><net_sink comp="720" pin=0"/></net>

<net id="724"><net_src comp="720" pin="1"/><net_sink comp="80" pin=3"/></net>

</net_list>

</model> 
---------------- Datapath Model END ------------------

* FSMD analyzer results:
  - Output states:
  - Chain level:
	State 1
		signals_0_load_4 : 1
		signals_1_load : 1
	State 2
	State 3
		stg_43 : 1
		stg_44 : 1
		stg_45 : 1
	State 4
		peak_1_ph_cast : 1
		stg_50 : 2
	State 5
		i_cast : 1
		exitcond : 1
		stg_55 : 2
		tmp_2 : 1
		arrayNo1 : 1
	State 6
	State 7
	State 8
	State 9
	State 10
	State 11
	State 12
		mul3 : 1
	State 13
		mul : 1
	State 14
		tmp_4 : 1
	State 15
		signals_0_addr_1 : 1
		signals_1_addr_1 : 1
		signals_2_addr_1 : 1
		signals_2_load_1 : 2
		signals_0_load_1 : 2
		signals_1_load_1 : 2
		tmp_12 : 1
		tmp_8 : 1
	State 16
		tmp_11 : 1
		signals_0_addr_2 : 1
		signals_1_addr_2 : 1
		signals_2_addr_2 : 1
		signals_2_load_2 : 2
		signals_0_load_2 : 2
		signals_1_load_2 : 2
	State 17
		sel_tmp1 : 1
		signals_load_5_phi : 2
		sel_tmp5 : 1
	State 18
		tmp_5 : 1
		stg_121 : 2
	State 19
		mul7 : 1
	State 20
	State 21
		tmp_10 : 1
	State 22
		signals_1_addr_3 : 1
		signals_2_addr_3 : 1
		signals_0_addr_3 : 1
		signals_0_load_3 : 2
		signals_1_load_3 : 2
		signals_2_load_3 : 2
	State 23
		sel_tmp3 : 1
	State 24
		tmp_9 : 1
		stg_145 : 2
		tmp_s : 1
		locations_addr_2 : 2
		stg_149 : 3
		amplitude_addr_2 : 2
		stg_151 : 3
		peak : 1
		stg_153 : 2
		empty_5 : 1
	State 25
		signals_2_load : 1
		signals_0_load : 1
	State 26
	State 27
		stg_164 : 1
		tmp_6 : 1
		locations_addr_1 : 2
		stg_168 : 3
		amplitude_addr_1 : 2
		stg_170 : 3


============================================================
+ Verbose Summary: Datapath Resource usage 
============================================================

* Functional unit list:
|----------|---------------------------|---------|---------|---------|
| Operation|      Functional Unit      |  DSP48E |    FF   |   LUT   |
|----------|---------------------------|---------|---------|---------|
|   urem   |         grp_fu_335        |    0    |   120   |   120   |
|          |         grp_fu_341        |    0    |   120   |   120   |
|----------|---------------------------|---------|---------|---------|
|          |      sel_tmp1_fu_426      |    0    |    0    |    32   |
|          | signals_load_5_phi_fu_439 |    0    |    0    |    32   |
|  select  |      sel_tmp5_fu_447      |    0    |    0    |    32   |
|          | signals_load_6_phi_fu_454 |    0    |    0    |    32   |
|          |      sel_tmp3_fu_496      |    0    |    0    |    32   |
|          | signals_load_8_phi_fu_503 |    0    |    0    |    32   |
|----------|---------------------------|---------|---------|---------|
|          |         tmp_fu_304        |    0    |    0    |    11   |
|          |      exitcond_fu_323      |    0    |    0    |    3    |
|          |      sel_tmp4_fu_411      |    0    |    0    |    2    |
|          |      sel_tmp6_fu_416      |    0    |    0    |    2    |
|   icmp   |       sel_tmp_fu_421      |    0    |    0    |    2    |
|          |      sel_tmp2_fu_434      |    0    |    0    |    2    |
|          |        tmp_5_fu_460       |    0    |    0    |    11   |
|          |        tmp_9_fu_509       |    0    |    0    |    11   |
|          |        tmp_1_fu_531       |    0    |    0    |    11   |
|----------|---------------------------|---------|---------|---------|
|          |        tmp_2_fu_329       |    0    |    0    |    7    |
|    add   |         i_1_fu_346        |    0    |    0    |    7    |
|          |        tmp_7_fu_465       |    0    |    0    |    7    |
|          |        peak_fu_520        |    0    |    0    |    32   |
|----------|---------------------------|---------|---------|---------|
|          |         grp_fu_355        |    1    |    0    |    0    |
|    mul   |         grp_fu_365        |    1    |    0    |    0    |
|          |         grp_fu_474        |    1    |    0    |    0    |
|----------|---------------------------|---------|---------|---------|
|          |   peak_1_ph_cast_fu_310   |    0    |    0    |    0    |
|          |       i_cast_fu_319       |    0    |    0    |    0    |
|          |     zext2_cast_fu_352     |    0    |    0    |    0    |
|   zext   |      zext_cast_fu_361     |    0    |    0    |    0    |
|          |      newIndex2_fu_381     |    0    |    0    |    0    |
|          |      newIndex4_fu_405     |    0    |    0    |    0    |
|          |     zext6_cast_fu_471     |    0    |    0    |    0    |
|          |      newIndex9_fu_490     |    0    |    0    |    0    |
|----------|---------------------------|---------|---------|---------|
|          |        tmp_4_fu_371       |    0    |    0    |    0    |
|partselect|        tmp_8_fu_391       |    0    |    0    |    0    |
|          |       tmp_10_fu_480       |    0    |    0    |    0    |
|----------|---------------------------|---------|---------|---------|
|   trunc  |       tmp_12_fu_387       |    0    |    0    |    0    |
|          |       tmp_11_fu_401       |    0    |    0    |    0    |
|----------|---------------------------|---------|---------|---------|
|   sext   |        tmp_s_fu_514       |    0    |    0    |    0    |
|          |        tmp_6_fu_537       |    0    |    0    |    0    |
|----------|---------------------------|---------|---------|---------|
|   Total  |                           |    3    |   240   |   540   |
|----------|---------------------------|---------|---------|---------|

Memories:
N/A

* Register list:
+--------------------------+--------+
|                          |   FF   |
+--------------------------+--------+
|     exitcond_reg_568     |    1   |
|        i_1_reg_578       |    7   |
|      i_cast_reg_563      |   32   |
|         i_reg_274        |    7   |
|     peak_1_ph_reg_261    |    1   |
|      peak_1_reg_556      |   32   |
|          reg_289         |   32   |
|          reg_295         |   32   |
|          reg_299         |   32   |
|     sel_tmp3_reg_707     |   32   |
|     sel_tmp4_reg_645     |    1   |
|     sel_tmp5_reg_662     |   32   |
|     sel_tmp6_reg_651     |    1   |
| signals_0_addr_1_reg_598 |    6   |
| signals_0_addr_2_reg_630 |    6   |
| signals_0_addr_3_reg_702 |    6   |
| signals_0_addr_4_reg_543 |    6   |
|  signals_0_addr_reg_720  |    6   |
| signals_1_addr_1_reg_603 |    6   |
| signals_1_addr_2_reg_635 |    6   |
| signals_1_addr_3_reg_692 |    6   |
|  signals_1_addr_reg_548  |    6   |
| signals_2_addr_1_reg_608 |    6   |
| signals_2_addr_2_reg_640 |    6   |
| signals_2_addr_3_reg_697 |    6   |
|  signals_2_addr_reg_715  |    6   |
|signals_load_5_phi_reg_657|   32   |
|signals_load_6_phi_reg_667|   32   |
|      tmp_10_reg_687      |    7   |
|      tmp_11_reg_624      |    3   |
|      tmp_12_reg_613      |    3   |
|       tmp_2_reg_572      |    7   |
|       tmp_4_reg_593      |    7   |
|       tmp_5_reg_673      |    1   |
|       tmp_7_reg_677      |    7   |
|       tmp_8_reg_619      |    7   |
|    zext2_cast_reg_583    |   16   |
|    zext6_cast_reg_682    |   16   |
|     zext_cast_reg_588    |   16   |
+--------------------------+--------+
|           Total          |   474  |
+--------------------------+--------+

* Multiplexer (MUX) list: 
|-------------------|------|------|------|--------||---------||---------|
|        Comp       |  Pin | Size |  BW  | S x BW ||  Delay  ||   LUT   |
|-------------------|------|------|------|--------||---------||---------|
|  grp_access_fu_80 |  p0  |   6  |   6  |   36   ||    6    |
|  grp_access_fu_80 |  p3  |   4  |   6  |   24   ||    6    |
|  grp_access_fu_93 |  p0  |   6  |   6  |   36   ||    6    |
|  grp_access_fu_93 |  p3  |   2  |   6  |   12   ||    6    |
| grp_access_fu_114 |  p0  |   3  |   6  |   18   ||    6    |
| grp_access_fu_114 |  p1  |   3  |  32  |   96   ||    32   |
| grp_access_fu_120 |  p0  |   3  |   6  |   18   ||    6    |
| grp_access_fu_120 |  p1  |   2  |  32  |   64   ||    32   |
| grp_access_fu_146 |  p0  |   4  |   6  |   24   ||    6    |
| grp_access_fu_146 |  p3  |   4  |   6  |   24   ||    6    |
| peak_1_ph_reg_261 |  p0  |   2  |   1  |    2   |
|     i_reg_274     |  p0  |   2  |   7  |   14   ||    7    |
|      reg_289      |  p0  |   2  |  32  |   64   ||    32   |
|      reg_299      |  p0  |   2  |  32  |   64   ||    32   |
|     grp_fu_355    |  p1  |   2  |   7  |   14   ||    7    |
|     grp_fu_365    |  p1  |   2  |   7  |   14   ||    7    |
|     grp_fu_474    |  p0  |   2  |   7  |   14   ||    7    |
|-------------------|------|------|------|--------||---------||---------|
|       Total       |      |      |      |   538  ||  27.443 ||   204   |
|-------------------|------|------|------|--------||---------||---------|



* Summary:
+-----------+--------+--------+--------+--------+
|           | DSP48E |  Delay |   FF   |   LUT  |
+-----------+--------+--------+--------+--------+
|  Function |    3   |    -   |   240  |   540  |
|   Memory  |    -   |    -   |    -   |    -   |
|Multiplexer|    -   |   27   |    -   |   204  |
|  Register |    -   |    -   |   474  |    -   |
+-----------+--------+--------+--------+--------+
|   Total   |    3   |   27   |   714  |   744  |
+-----------+--------+--------+--------+--------+
