

================================================================
== Vivado HLS Report for 'parse_audio_buffer_target'
================================================================
* Date:           Tue May 09 15:14:16 2017

* Version:        2015.4 (Build 1412921 on Wed Nov 18 09:58:55 AM 2015)
* Project:        parse_audio
* Solution:       solution1
* Product family: zynq
* Target device:  xc7z020clg484-1


================================================================
== Performance Estimates
================================================================
+ Timing (ns): 
    * Summary: 
    +--------+-------+----------+------------+
    |  Clock | Target| Estimated| Uncertainty|
    +--------+-------+----------+------------+
    |ap_clk  |   5.00|      3.39|        0.63|
    +--------+-------+----------+------------+

+ Latency (clock cycles): 
    * Summary: 
    +-----+-----+-----+-----+---------+
    |  Latency  |  Interval | Pipeline|
    | min | max | min | max |   Type  |
    +-----+-----+-----+-----+---------+
    |   14|   14|   14|   14|   none  |
    +-----+-----+-----+-----+---------+

    + Detail: 
        * Instance: 
        N/A

        * Loop: 
        +----------+-----+-----+----------+-----------+-----------+------+----------+
        |          |  Latency  | Iteration|  Initiation Interval  | Trip |          |
        | Loop Name| min | max |  Latency |  achieved |   target  | Count| Pipelined|
        +----------+-----+-----+----------+-----------+-----------+------+----------+
        |- Loop 1  |   12|   12|         2|          1|          1|    12|    yes   |
        +----------+-----+-----+----------+-----------+-----------+------+----------+



================================================================
== Utilization Estimates
================================================================
* Summary: 
+-----------------+---------+-------+--------+-------+
|       Name      | BRAM_18K| DSP48E|   FF   |  LUT  |
+-----------------+---------+-------+--------+-------+
|DSP              |        -|      -|       -|      -|
|Expression       |        -|      -|       0|      8|
|FIFO             |        -|      -|       -|      -|
|Instance         |        -|      -|       -|      -|
|Memory           |        -|      -|       -|      -|
|Multiplexer      |        -|      -|       -|      9|
|Register         |        -|      -|      15|      -|
+-----------------+---------+-------+--------+-------+
|Total            |        0|      0|      15|     17|
+-----------------+---------+-------+--------+-------+
|Available        |      280|    220|  106400|  53200|
+-----------------+---------+-------+--------+-------+
|Utilization (%)  |        0|      0|   ~0   |   ~0  |
+-----------------+---------+-------+--------+-------+

+ Detail: 
    * Instance: 
    N/A

    * DSP48: 
    N/A

    * Memory: 
    N/A

    * FIFO: 
    N/A

    * Expression: 
    +-------------------+----------+-------+---+----+------------+------------+
    |   Variable Name   | Operation| DSP48E| FF| LUT| Bitwidth P0| Bitwidth P1|
    +-------------------+----------+-------+---+----+------------+------------+
    |i_1_fu_99_p2       |     +    |      0|  0|   4|           4|           1|
    |exitcond_fu_93_p2  |   icmp   |      0|  0|   2|           4|           4|
    |ap_sig_bdd_64      |    or    |      0|  0|   1|           1|           1|
    |ap_sig_bdd_77      |    or    |      0|  0|   1|           1|           1|
    +-------------------+----------+-------+---+----+------------+------------+
    |Total              |          |      0|  0|   8|          10|           7|
    +-------------------+----------+-------+---+----+------------+------------+

    * Multiplexer: 
    +----------------+----+-----------+-----+-----------+
    |      Name      | LUT| Input Size| Bits| Total Bits|
    +----------------+----+-----------+-----+-----------+
    |ap_NS_fsm       |   1|          4|    1|          4|
    |i_phi_fu_85_p4  |   4|          2|    4|          8|
    |i_reg_81        |   4|          2|    4|          8|
    +----------------+----+-----------+-----+-----------+
    |Total           |   9|          8|    9|         20|
    +----------------+----+-----------+-----+-----------+

    * Register: 
    +-----------------------+---+----+-----+-----------+
    |          Name         | FF| LUT| Bits| Const Bits|
    +-----------------------+---+----+-----+-----------+
    |ap_CS_fsm              |  3|   0|    3|          0|
    |ap_done_reg            |  1|   0|    1|          0|
    |ap_reg_ppiten_pp0_it0  |  1|   0|    1|          0|
    |ap_reg_ppiten_pp0_it1  |  1|   0|    1|          0|
    |exitcond_reg_110       |  1|   0|    1|          0|
    |i_1_reg_114            |  4|   0|    4|          0|
    |i_reg_81               |  4|   0|    4|          0|
    +-----------------------+---+----+-----+-----------+
    |Total                  | 15|   0|   15|          0|
    +-----------------------+---+----+-----+-----------+



================================================================
== Interface
================================================================
* Summary: 
+------------------+-----+-----+------------+---------------------------+--------------+
|     RTL Ports    | Dir | Bits|  Protocol  |       Source Object       |    C Type    |
+------------------+-----+-----+------------+---------------------------+--------------+
|ap_clk            |  in |    1| ap_ctrl_hs | parse_audio_buffer_target | return value |
|ap_rst            |  in |    1| ap_ctrl_hs | parse_audio_buffer_target | return value |
|ap_start          |  in |    1| ap_ctrl_hs | parse_audio_buffer_target | return value |
|ap_done           | out |    1| ap_ctrl_hs | parse_audio_buffer_target | return value |
|ap_continue       |  in |    1| ap_ctrl_hs | parse_audio_buffer_target | return value |
|ap_idle           | out |    1| ap_ctrl_hs | parse_audio_buffer_target | return value |
|ap_ready          | out |    1| ap_ctrl_hs | parse_audio_buffer_target | return value |
|hits_V_dout       |  in |   32|   ap_fifo  |           hits_V          |    pointer   |
|hits_V_empty_n    |  in |    1|   ap_fifo  |           hits_V          |    pointer   |
|hits_V_read       | out |    1|   ap_fifo  |           hits_V          |    pointer   |
|locs_V_dout       |  in |   32|   ap_fifo  |           locs_V          |    pointer   |
|locs_V_empty_n    |  in |    1|   ap_fifo  |           locs_V          |    pointer   |
|locs_V_read       | out |    1|   ap_fifo  |           locs_V          |    pointer   |
|loc_buf_address0  | out |    4|  ap_memory |          loc_buf          |     array    |
|loc_buf_ce0       | out |    1|  ap_memory |          loc_buf          |     array    |
|loc_buf_we0       | out |    1|  ap_memory |          loc_buf          |     array    |
|loc_buf_d0        | out |   32|  ap_memory |          loc_buf          |     array    |
+------------------+-----+-----+------------+---------------------------+--------------+

