

================================================================
== Vivado HLS Report for 'detect_calls'
================================================================
* Date:           Thu Jun 01 00:37:50 2017

* Version:        2016.4 (Build 1722992 on Wed Mar 08 18:30:27 MST 2017)
* Project:        Signal_Detection
* Solution:       solution1
* Product family: zynq
* Target device:  xc7z020clg484-1


================================================================
== Performance Estimates
================================================================
+ Timing (ns): 
    * Summary: 
    +--------+-------+----------+------------+
    |  Clock | Target| Estimated| Uncertainty|
    +--------+-------+----------+------------+
    |ap_clk  |   5.00|      4.35|        0.63|
    +--------+-------+----------+------------+

+ Latency (clock cycles): 
    * Summary: 
    +-----+-----+-----+-----+----------+
    |  Latency  |  Interval | Pipeline |
    | min | max | min | max |   Type   |
    +-----+-----+-----+-----+----------+
    |    ?|    ?|    ?|    ?| dataflow |
    +-----+-----+-----+-----+----------+

    + Detail: 
        * Instance: 
        +--------------+-----------+---------+---------+---------+---------+---------+
        |              |           |      Latency      |      Interval     | Pipeline|
        |   Instance   |   Module  |   min   |   max   |   min   |   max   |   Type  |
        +--------------+-----------+---------+---------+---------+---------+---------+
        |thres_U       |threshold  |  5400042|  5400042|  5400042|  5400042|   none  |
        |findpeaks_U0  |findpeaks  |   600009|   600009|   600009|   600009|   none  |
        |parse_U0      |parse      |        ?|        ?|        ?|        ?|   none  |
        |detect_U0     |detect     |   600006|   600006|   600006|   600006|   none  |
        |duplicate_U0  |duplicate  |   600002|   600002|   600002|   600002|   none  |
        +--------------+-----------+---------+---------+---------+---------+---------+

        * Loop: 
        N/A



================================================================
== Utilization Estimates
================================================================
* Summary: 
+-----------------+---------+-------+--------+-------+
|       Name      | BRAM_18K| DSP48E|   FF   |  LUT  |
+-----------------+---------+-------+--------+-------+
|DSP              |        -|      -|       -|      -|
|Expression       |        -|      -|       0|      1|
|FIFO             |        0|      -|      30|    264|
|Instance         |        -|      5|    3215|   4035|
|Memory           |        -|      -|       -|      -|
|Multiplexer      |        -|      -|       -|      -|
|Register         |        -|      -|       -|      -|
+-----------------+---------+-------+--------+-------+
|Total            |        0|      5|    3245|   4300|
+-----------------+---------+-------+--------+-------+
|Available        |      280|    220|  106400|  53200|
+-----------------+---------+-------+--------+-------+
|Utilization (%)  |        0|      2|       3|      8|
+-----------------+---------+-------+--------+-------+

+ Detail: 
    * Instance: 
    +--------------+-----------+---------+-------+------+------+
    |   Instance   |   Module  | BRAM_18K| DSP48E|  FF  |  LUT |
    +--------------+-----------+---------+-------+------+------+
    |detect_U0     |detect     |        0|      0|   224|   446|
    |duplicate_U0  |duplicate  |        0|      0|    30|    58|
    |findpeaks_U0  |findpeaks  |        0|      0|   370|   911|
    |parse_U0      |parse      |        0|      0|   457|   588|
    |threshold_U0  |threshold  |        0|      5|  2134|  2032|
    +--------------+-----------+---------+-------+------+------+
    |Total         |           |        0|      5|  3215|  4035|
    +--------------+-----------+---------+-------+------+------+

    * DSP48: 
    N/A

    * Memory: 
    N/A

    * FIFO: 
    +----------------+---------+---+----+------+-----+---------+
    |      Name      | BRAM_18K| FF| LUT| Depth| Bits| Size:D*B|
    +----------------+---------+---+----+------+-----+---------+
    |dup1_V_U        |        0|  5|  44|     1|   32|       32|
    |dup2_V_U        |        0|  5|  44|     1|   32|       32|
    |dup3_V_U        |        0|  5|  44|     1|   32|       32|
    |dup4_V_U        |        0|  5|  44|     1|   32|       32|
    |hits_channel_U  |        0|  5|  44|     1|   32|       32|
    |sig_locs_V_U    |        0|  5|  44|     1|   32|       32|
    |thres_U         |        0|  0|   0|     2|   32|       64|
    +----------------+---------+---+----+------+-----+---------+
    |Total           |        0| 30| 264|     8|  224|      256|
    +----------------+---------+---+----+------+-----+---------+

    * Expression: 
    +--------------+----------+-------+---+----+------------+------------+
    | Variable Name| Operation| DSP48E| FF| LUT| Bitwidth P0| Bitwidth P1|
    +--------------+----------+-------+---+----+------------+------------+
    |ap_idle       |    and   |      0|  0|   1|           1|           1|
    +--------------+----------+-------+---+----+------------+------------+
    |Total         |          |      0|  0|   1|           1|           1|
    +--------------+----------+-------+---+----+------------+------------+

    * Multiplexer: 
    N/A

    * Register: 
    N/A



================================================================
== Interface
================================================================
* Summary: 
+-----------------+-----+-----+------------+--------------+--------------+
|    RTL Ports    | Dir | Bits|  Protocol  | Source Object|    C Type    |
+-----------------+-----+-----+------------+--------------+--------------+
|dat_i_V_dout     |  in |   32|   ap_fifo  |    dat_i_V   |    pointer   |
|dat_i_V_empty_n  |  in |    1|   ap_fifo  |    dat_i_V   |    pointer   |
|dat_i_V_read     | out |    1|   ap_fifo  |    dat_i_V   |    pointer   |
|res_o_V_din      | out |   32|   ap_fifo  |    res_o_V   |    pointer   |
|res_o_V_full_n   |  in |    1|   ap_fifo  |    res_o_V   |    pointer   |
|res_o_V_write    | out |    1|   ap_fifo  |    res_o_V   |    pointer   |
|ap_clk           |  in |    1| ap_ctrl_hs | detect_calls | return value |
|ap_rst           |  in |    1| ap_ctrl_hs | detect_calls | return value |
|ap_done          | out |    1| ap_ctrl_hs | detect_calls | return value |
|ap_start         |  in |    1| ap_ctrl_hs | detect_calls | return value |
|ap_ready         | out |    1| ap_ctrl_hs | detect_calls | return value |
|ap_idle          | out |    1| ap_ctrl_hs | detect_calls | return value |
+-----------------+-----+-----+------------+--------------+--------------+

