

================================================================
== Vivado HLS Report for 'parse'
================================================================
* Date:           Thu Jun 01 00:37:48 2017

* Version:        2016.4 (Build 1722992 on Wed Mar 08 18:30:27 MST 2017)
* Project:        Signal_Detection
* Solution:       solution1
* Product family: zynq
* Target device:  xc7z020clg484-1


================================================================
== Performance Estimates
================================================================
+ Timing (ns): 
    * Summary: 
    +--------+-------+----------+------------+
    |  Clock | Target| Estimated| Uncertainty|
    +--------+-------+----------+------------+
    |ap_clk  |   5.00|      3.89|        0.63|
    +--------+-------+----------+------------+

+ Latency (clock cycles): 
    * Summary: 
    +-----+-----+-----+-----+---------+
    |  Latency  |  Interval | Pipeline|
    | min | max | min | max |   Type  |
    +-----+-----+-----+-----+---------+
    |    ?|    ?|    ?|    ?|   none  |
    +-----+-----+-----+-----+---------+

    + Detail: 
        * Instance: 
        N/A

        * Loop: 
        +-----------------+-----+-----+----------+-----------+-----------+--------+----------+
        |                 |  Latency  | Iteration|  Initiation Interval  |  Trip  |          |
        |    Loop Name    | min | max |  Latency |  achieved |   target  |  Count | Pipelined|
        +-----------------+-----+-----+----------+-----------+-----------+--------+----------+
        |- Parse_Signal   |    ?|    ?|         ?|          -|          -| 0 ~ 60 |    no    |
        | + Signal_Begin  |    ?|    ?|         1|          -|          -|       ?|    no    |
        | + Signal_End    |    ?|    ?|         2|          -|          -|       ?|    no    |
        +-----------------+-----+-----+----------+-----------+-----------+--------+----------+



================================================================
== Utilization Estimates
================================================================
* Summary: 
+-----------------+---------+-------+--------+-------+
|       Name      | BRAM_18K| DSP48E|   FF   |  LUT  |
+-----------------+---------+-------+--------+-------+
|DSP              |        -|      -|       -|      -|
|Expression       |        -|      -|       0|    453|
|FIFO             |        -|      -|       -|      -|
|Instance         |        -|      -|       -|      -|
|Memory           |        -|      -|       -|      -|
|Multiplexer      |        -|      -|       -|    135|
|Register         |        -|      -|     457|      -|
+-----------------+---------+-------+--------+-------+
|Total            |        0|      0|     457|    588|
+-----------------+---------+-------+--------+-------+
|Available        |      280|    220|  106400|  53200|
+-----------------+---------+-------+--------+-------+
|Utilization (%)  |        0|      0|   ~0   |      1|
+-----------------+---------+-------+--------+-------+

+ Detail: 
    * Instance: 
    N/A

    * DSP48: 
    N/A

    * Memory: 
    N/A

    * FIFO: 
    N/A

    * Expression: 
    +------------------------+----------+-------+---+----+------------+------------+
    |      Variable Name     | Operation| DSP48E| FF| LUT| Bitwidth P0| Bitwidth P1|
    +------------------------+----------+-------+---+----+------------+------------+
    |b_fu_153_p2             |     +    |      0|  0|  32|          32|          11|
    |e_fu_158_p2             |     +    |      0|  0|  32|          32|          10|
    |i_fu_147_p2             |     +    |      0|  0|  31|          31|           1|
    |p_op_i_i_fu_171_p2      |     +    |      0|  0|  32|          32|          11|
    |read_count_1_fu_239_p2  |     +    |      0|  0|  32|          32|           1|
    |read_count_fu_233_p2    |     +    |      0|  0|  32|          32|           1|
    |tmp_3_i_i_fu_208_p2     |     +    |      0|  0|  32|          32|           1|
    |tmp_7_i_i_fu_219_p2     |     +    |      0|  0|  32|          32|           1|
    |ap_block_state2         |    and   |      0|  0|   1|           1|           1|
    |ap_block_state5         |    and   |      0|  0|   1|           1|           1|
    |tmp_10_i_i_fu_245_p2    |   icmp   |      0|  0|  11|          32|          32|
    |tmp_2_i_i_fu_196_p2     |   icmp   |      0|  0|  11|          32|          32|
    |tmp_5_i_i_fu_214_p2     |   icmp   |      0|  0|  11|          32|          32|
    |tmp_8_i_i_fu_224_p2     |   icmp   |      0|  0|  11|          32|          32|
    |tmp_i_i_11_fu_184_p2    |   icmp   |      0|  0|  11|          32|          20|
    |tmp_i_i_fu_142_p2       |   icmp   |      0|  0|  11|          32|          32|
    |ap_block_state1         |    or    |      0|  0|   1|           1|           1|
    |ap_block_state9         |    or    |      0|  0|   1|           1|           1|
    |e_1_fu_189_p3           |  select  |      0|  0|  32|           1|          20|
    |smax8_i_i_fu_228_p3     |  select  |      0|  0|  32|           1|          32|
    |smax9_i_i_fu_201_p3     |  select  |      0|  0|  32|           1|          32|
    |tmp_1_i_i_fu_176_p3     |  select  |      0|  0|  32|           1|           2|
    +------------------------+----------+-------+---+----+------------+------------+
    |Total                   |          |      0|  0| 453|         455|         307|
    +------------------------+----------+-------+---+----+------------+------------+

    * Multiplexer: 
    +-----------------------------+----+-----------+-----+-----------+
    |             Name            | LUT| Input Size| Bits| Total Bits|
    +-----------------------------+----+-----------+-----+-----------+
    |ap_NS_fsm                    |   4|         10|    1|         10|
    |hits_blk_n                   |   1|          2|    1|          2|
    |i_i_i_reg_108                |  31|          2|   31|         62|
    |loc_V_blk_n                  |   1|          2|    1|          2|
    |read_count_1_i_i_reg_119     |  32|          2|   32|         64|
    |read_count_2_in_i_i_reg_129  |  32|          2|   32|         64|
    |read_count_i_i_reg_96        |  32|          2|   32|         64|
    |sig_i_V_blk_n                |   1|          2|    1|          2|
    |sig_o_V_blk_n                |   1|          2|    1|          2|
    +-----------------------------+----+-----------+-----+-----------+
    |Total                        | 135|         26|  132|        272|
    +-----------------------------+----+-----------+-----+-----------+

    * Register: 
    +-----------------------------+----+----+-----+-----------+
    |             Name            | FF | LUT| Bits| Const Bits|
    +-----------------------------+----+----+-----+-----------+
    |ap_CS_fsm                    |   9|   0|    9|          0|
    |ap_done_reg                  |   1|   0|    1|          0|
    |e_1_reg_282                  |  32|   0|   32|          0|
    |e_reg_269                    |  32|   0|   32|          0|
    |hits_read_reg_249            |  32|   0|   32|          0|
    |i_i_i_reg_108                |  31|   0|   31|          0|
    |i_reg_257                    |  31|   0|   31|          0|
    |read_count_1_i_i_reg_119     |  32|   0|   32|          0|
    |read_count_1_reg_319         |  32|   0|   32|          0|
    |read_count_2_in_i_i_reg_129  |  32|   0|   32|          0|
    |read_count_i_i_reg_96        |  32|   0|   32|          0|
    |read_count_reg_314           |  32|   0|   32|          0|
    |smax9_i_i_reg_289            |  32|   0|   32|          0|
    |tmp_1_i_i_reg_275            |  32|   0|   32|          0|
    |tmp_4_reg_262                |  32|   0|   32|          0|
    |tmp_7_i_i_reg_303            |  32|   0|   32|          0|
    |tmp_8_i_i_reg_309            |   1|   0|    1|          0|
    +-----------------------------+----+----+-----+-----------+
    |Total                        | 457|   0|  457|          0|
    +-----------------------------+----+----+-----+-----------+



================================================================
== Interface
================================================================
* Summary: 
+-----------------+-----+-----+------------+--------------+--------------+
|    RTL Ports    | Dir | Bits|  Protocol  | Source Object|    C Type    |
+-----------------+-----+-----+------------+--------------+--------------+
|ap_clk           |  in |    1| ap_ctrl_hs |     parse    | return value |
|ap_rst           |  in |    1| ap_ctrl_hs |     parse    | return value |
|ap_start         |  in |    1| ap_ctrl_hs |     parse    | return value |
|ap_done          | out |    1| ap_ctrl_hs |     parse    | return value |
|ap_continue      |  in |    1| ap_ctrl_hs |     parse    | return value |
|ap_idle          | out |    1| ap_ctrl_hs |     parse    | return value |
|ap_ready         | out |    1| ap_ctrl_hs |     parse    | return value |
|sig_i_V_dout     |  in |   32|   ap_fifo  |    sig_i_V   |    pointer   |
|sig_i_V_empty_n  |  in |    1|   ap_fifo  |    sig_i_V   |    pointer   |
|sig_i_V_read     | out |    1|   ap_fifo  |    sig_i_V   |    pointer   |
|hits_dout        |  in |   32|   ap_fifo  |     hits     |    pointer   |
|hits_empty_n     |  in |    1|   ap_fifo  |     hits     |    pointer   |
|hits_read        | out |    1|   ap_fifo  |     hits     |    pointer   |
|loc_V_dout       |  in |   32|   ap_fifo  |     loc_V    |    pointer   |
|loc_V_empty_n    |  in |    1|   ap_fifo  |     loc_V    |    pointer   |
|loc_V_read       | out |    1|   ap_fifo  |     loc_V    |    pointer   |
|sig_o_V_din      | out |   32|   ap_fifo  |    sig_o_V   |    pointer   |
|sig_o_V_full_n   |  in |    1|   ap_fifo  |    sig_o_V   |    pointer   |
|sig_o_V_write    | out |    1|   ap_fifo  |    sig_o_V   |    pointer   |
+-----------------+-----+-----+------------+--------------+--------------+

