#-----------------------------------------------------------
# xsim v2015.4.2 (64-bit)
# SW Build 1494164 on Fri Feb 26 04:18:56 MST 2016
# IP Build 1491208 on Wed Feb 24 03:25:39 MST 2016
# Start of session at: Tue May 09 00:03:34 2017
# Process ID: 10620
# Current directory: C:/Users/Jack/Desktop/cse237d/Underwater-Acoustic-Detection/src/hw_soln/running_threshold/solution1/sim/verilog
# Command line: xsim.exe -mode tcl -source {xsim.dir/running_threshold/xsim_script.tcl}
# Log file: C:/Users/Jack/Desktop/cse237d/Underwater-Acoustic-Detection/src/hw_soln/running_threshold/solution1/sim/verilog/xsim.log
# Journal file: C:/Users/Jack/Desktop/cse237d/Underwater-Acoustic-Detection/src/hw_soln/running_threshold/solution1/sim/verilog\xsim.jou
#-----------------------------------------------------------
source xsim.dir/running_threshold/xsim_script.tcl
# xsim {running_threshold} -maxdeltaid 10000 -autoloadwcfg -tclbatch {running_threshold.tcl}
Vivado Simulator 2015.4
Time resolution is 1 ps
source running_threshold.tcl
## run all
Note: 
******************************************************
  renorm_and_round_logic.vhd :
    FULL_MANT_RND1_DEL is using fast_input
    which will be faster, but create more FFs.
******************************************************
Time: 0 ps  Iteration: 0
$finish called at time : 5400357500 ps : File "C:/Users/Jack/Desktop/cse237d/Underwater-Acoustic-Detection/src/hw_soln/running_threshold/solution1/sim/verilog/running_threshold.autotb.v" Line 295
run: Time (s): cpu = 00:00:00 ; elapsed = 00:02:32 . Memory (MB): peak = 49.875 ; gain = 0.000
## quit
INFO: [Common 17-206] Exiting xsim at Tue May 09 00:06:11 2017...
