INFO: [HLS 200-10] Running 'C:/Xilinx/SDx/2016.4/Vivado_HLS/bin/unwrapped/win64.o/vivado_hls.exe'
INFO: [HLS 200-10] For user 'Jack' on host 'jack' (Windows NT_amd64 version 6.2) on Wed May 31 22:16:36 -0700 2017
INFO: [HLS 200-10] In directory 'C:/Users/Jack/Desktop/cse237d/Underwater-Acoustic-Detection/src/hw_soln'
INFO: [HLS 200-10] Opening project 'C:/Users/Jack/Desktop/cse237d/Underwater-Acoustic-Detection/src/hw_soln/peaks'.
INFO: [HLS 200-10] Opening solution 'C:/Users/Jack/Desktop/cse237d/Underwater-Acoustic-Detection/src/hw_soln/peaks/solution2'.
INFO: [SYN 201-201] Setting up clock 'default' with a period of 5ns.
INFO: [HLS 200-10] Setting target device to 'xc7z020clg484-1'
INFO: [SIM 211-2] *************** CSIM start ***************
WARNING: [SIM 211-51] HLS only supports CLANG compiler in Linux.
INFO: [SIM 211-4] CSIM will launch GCC as the compiler.
   Compiling ../../../../peaks_tb.cpp in debug mode
   Generating csim.exe
In file included from C:/Xilinx/SDx/2016.4/Vivado_HLS/include/floating_point_v7_0_bitacc_cmodel.h:143:0,
                 from C:/Xilinx/SDx/2016.4/Vivado_HLS/include/hls_half.h:40,
                 from C:/Xilinx/SDx/2016.4/Vivado_HLS/include/ap_int.h:28,
                 from ../../../../peaks.h:4,
                 from ../../../../peaks_tb.cpp:5:
C:/Xilinx/SDx/2016.4/Vivado_HLS/include/gmp.h:62:0: warning: "__GMP_LIBGMP_DLL" redefined [enabled by default]
C:/Xilinx/SDx/2016.4/Vivado_HLS/include/floating_point_v7_0_bitacc_cmodel.h:135:0: note: this is the location of the previous definition
@E Simulation failed: SIGSEGV.
ERROR: [SIM 211-100] CSim failed with errors.
INFO: [SIM 211-3] *************** CSIM finish ***************
4
    while executing
"source C:/Users/Jack/Desktop/cse237d/Underwater-Acoustic-Detection/src/hw_soln/peaks/solution2/csim.tcl"
    invoked from within
"hls::main C:/Users/Jack/Desktop/cse237d/Underwater-Acoustic-Detection/src/hw_soln/peaks/solution2/csim.tcl"
    ("uplevel" body line 1)
    invoked from within
"uplevel 1 hls::main {*}$args"
    (procedure "hls_proc" line 5)
    invoked from within
"hls_proc $argv"
