

================================================================
== Vivado HLS Report for 'parse_audio'
================================================================
* Date:           Tue May 09 15:14:15 2017

* Version:        2015.4 (Build 1412921 on Wed Nov 18 09:58:55 AM 2015)
* Project:        parse_audio
* Solution:       solution1
* Product family: zynq
* Target device:  xc7z020clg484-1


================================================================
== Performance Estimates
================================================================
+ Timing (ns): 
    * Summary: 
    +--------+-------+----------+------------+
    |  Clock | Target| Estimated| Uncertainty|
    +--------+-------+----------+------------+
    |ap_clk  |   5.00|      3.94|        0.63|
    +--------+-------+----------+------------+

+ Latency (clock cycles): 
    * Summary: 
    +------+-------+------+-------+----------+
    |    Latency   |   Interval   | Pipeline |
    |  min |  max  |  min |  max  |   Type   |
    +------+-------+------+-------+----------+
    |  5112|  26628|  5003|  21626| dataflow |
    +------+-------+------+-------+----------+

    + Detail: 
        * Instance: 
        N/A

        * Loop: 
        N/A

============================================================
+ Verbose Summary: Synthesis Manager
============================================================
InlineROM: 1
ExposeGlobal: 0
============================================================
+ Verbose Summary: CDFG Model
============================================================
IsTopModel: 1
ResetActiveHigh: 1
IsCombinational: 2
IsDatapathOnly: 0
HasWiredReturn: 1
HasMFsm: 0
HasVarLatency: 1
IsPipeline: 0
IsRtlPipelined: 0
IsInstanceOverlapped: 0
IsDontTouch: 0
HasImplIP: 0
IsGatedGlobalClock: 0


============================================================
+ Verbose Summary: Schedule
============================================================
* Number of FSM states: 4
* Pipeline: 0
* Dataflow Pipeline: 1
  DF-Pipeline-0: Size = 4, States = { 1 2 3 4 }

* FSM state transitions: 
1 --> 
	2  / true
2 --> 
	3  / true
3 --> 
	4  / true
4 --> 
* FSM state operations: 

 <State 1>: 2.71ns
ST_1: sig_buf [1/1] 2.71ns
:12  %sig_buf = alloca [10000 x float], align 16

ST_1: loc_buf [1/1] 2.39ns
:13  %loc_buf = alloca [12 x i32], align 16

ST_1: stg_7 [2/2] 0.00ns
:14  call fastcc void @parse_audio_buffer_signal(float* %signals_V, [10000 x float]* %sig_buf)

ST_1: stg_8 [2/2] 0.00ns
:15  call fastcc void @parse_audio_buffer_target(float* %hits_V, i32* %locs_V, [12 x i32]* %loc_buf)


 <State 2>: 0.00ns
ST_2: stg_9 [1/2] 0.00ns
:14  call fastcc void @parse_audio_buffer_signal(float* %signals_V, [10000 x float]* %sig_buf)

ST_2: stg_10 [1/2] 0.00ns
:15  call fastcc void @parse_audio_buffer_target(float* %hits_V, i32* %locs_V, [12 x i32]* %loc_buf)


 <State 3>: 0.00ns
ST_3: stg_11 [2/2] 0.00ns
:16  call fastcc void @parse_audio_parse_signal([10000 x float]* %sig_buf, [12 x i32]* %loc_buf, float* %pairs_amplitude_V, i32* %pairs_duration_V)


 <State 4>: 0.00ns
ST_4: stg_12 [1/1] 0.00ns
:0  call void (...)* @_ssdm_op_SpecDataflowPipeline(i32 -1, [1 x i8]* @p_str1) nounwind

ST_4: empty [1/1] 0.00ns
:1  %empty = call i32 (...)* @_ssdm_op_SpecInterface(i32* %pairs_duration_V, [8 x i8]* @ap_fifo_str, i32 0, i32 0, i32 0, i32 0, [1 x i8]* @p_str30, [1 x i8]* @p_str31, [1 x i8]* @p_str32, [1 x i8]* @p_str33)

ST_4: empty_7 [1/1] 0.00ns
:2  %empty_7 = call i32 (...)* @_ssdm_op_SpecInterface(float* %pairs_amplitude_V, [8 x i8]* @ap_fifo_str, i32 0, i32 0, i32 0, i32 0, [1 x i8]* @p_str26, [1 x i8]* @p_str27, [1 x i8]* @p_str28, [1 x i8]* @p_str29)

ST_4: empty_8 [1/1] 0.00ns
:3  %empty_8 = call i32 (...)* @_ssdm_op_SpecInterface(i32* %locs_V, [8 x i8]* @ap_fifo_str, i32 0, i32 0, i32 0, i32 0, [1 x i8]* @p_str22, [1 x i8]* @p_str23, [1 x i8]* @p_str24, [1 x i8]* @p_str25)

ST_4: empty_9 [1/1] 0.00ns
:4  %empty_9 = call i32 (...)* @_ssdm_op_SpecInterface(float* %hits_V, [8 x i8]* @ap_fifo_str, i32 0, i32 0, i32 0, i32 0, [1 x i8]* @p_str18, [1 x i8]* @p_str19, [1 x i8]* @p_str20, [1 x i8]* @p_str21)

ST_4: empty_10 [1/1] 0.00ns
:5  %empty_10 = call i32 (...)* @_ssdm_op_SpecInterface(float* %signals_V, [8 x i8]* @ap_fifo_str, i32 0, i32 0, i32 0, i32 0, [1 x i8]* @p_str14, [1 x i8]* @p_str15, [1 x i8]* @p_str16, [1 x i8]* @p_str17)

ST_4: stg_18 [1/1] 0.00ns
:6  call void (...)* @_ssdm_op_SpecBitsMap(float* %signals_V), !map !7

ST_4: stg_19 [1/1] 0.00ns
:7  call void (...)* @_ssdm_op_SpecBitsMap(float* %hits_V), !map !11

ST_4: stg_20 [1/1] 0.00ns
:8  call void (...)* @_ssdm_op_SpecBitsMap(i32* %locs_V), !map !15

ST_4: stg_21 [1/1] 0.00ns
:9  call void (...)* @_ssdm_op_SpecBitsMap(float* %pairs_amplitude_V), !map !19

ST_4: stg_22 [1/1] 0.00ns
:10  call void (...)* @_ssdm_op_SpecBitsMap(i32* %pairs_duration_V), !map !23

ST_4: stg_23 [1/1] 0.00ns
:11  call void (...)* @_ssdm_op_SpecTopModule([12 x i8]* @parse_audio_str) nounwind

ST_4: stg_24 [1/2] 0.00ns
:16  call fastcc void @parse_audio_parse_signal([10000 x float]* %sig_buf, [12 x i32]* %loc_buf, float* %pairs_amplitude_V, i32* %pairs_duration_V)

ST_4: stg_25 [1/1] 0.00ns
:17  ret void



============================================================
+ Verbose Summary: Binding
============================================================
STG Binding: 
---------------- STG Properties BEGIN ----------------
- Is combinational: 0
- Is one-state seq: 0
- Is datapath-only: 0
- Is clock enabled: 0
- Is pipelined: 0
- Is top level: 1
Port [ Return ] is wired: 1; IO mode=ap_ctrl_hs:ce=0
Port [ signals_V]:  wired=1; compound=1; hidden=0; nouse=0; global=0; static=0; extern=0; dir=0; type=3; mode=0x2670bff0aa0; pingpong=0; private_global=0; IO mode=ap_fifo:ce=0
Port [ hits_V]:  wired=1; compound=1; hidden=0; nouse=0; global=0; static=0; extern=0; dir=0; type=3; mode=0x2670bff03e0; pingpong=0; private_global=0; IO mode=ap_fifo:ce=0
Port [ locs_V]:  wired=1; compound=1; hidden=0; nouse=0; global=0; static=0; extern=0; dir=0; type=3; mode=0x2670bfefb70; pingpong=0; private_global=0; IO mode=ap_fifo:ce=0
Port [ pairs_amplitude_V]:  wired=1; compound=1; hidden=0; nouse=0; global=0; static=0; extern=0; dir=1; type=3; mode=0x2670bff0590; pingpong=0; private_global=0; IO mode=ap_fifo:ce=0
Port [ pairs_duration_V]:  wired=1; compound=1; hidden=0; nouse=0; global=0; static=0; extern=0; dir=1; type=3; mode=0x2670bff06b0; pingpong=0; private_global=0; IO mode=ap_fifo:ce=0
---------------- STG Properties END ------------------

---------------- Datapath Model BEGIN ----------------

<LifeTime>
<method=bitvector/>
sig_buf  (alloca              ) [ 00111]
loc_buf  (alloca              ) [ 00111]
stg_9    (call                ) [ 00000]
stg_10   (call                ) [ 00000]
stg_12   (specdataflowpipeline) [ 00000]
empty    (specinterface       ) [ 00000]
empty_7  (specinterface       ) [ 00000]
empty_8  (specinterface       ) [ 00000]
empty_9  (specinterface       ) [ 00000]
empty_10 (specinterface       ) [ 00000]
stg_18   (specbitsmap         ) [ 00000]
stg_19   (specbitsmap         ) [ 00000]
stg_20   (specbitsmap         ) [ 00000]
stg_21   (specbitsmap         ) [ 00000]
stg_22   (specbitsmap         ) [ 00000]
stg_23   (spectopmodule       ) [ 00000]
stg_24   (call                ) [ 00000]
stg_25   (ret                 ) [ 00000]
</LifeTime>

<model>

<comp_list>
<comp id="0" class="1000" name="signals_V">
<pin_list>
<pin id="1" dir="1" index="0" bw="1" slack="0"/>
</pin_list>
<bind>
<StgValue><ssdm name="signals_V"/></StgValue>
</bind>
</comp>

<comp id="2" class="1000" name="hits_V">
<pin_list>
<pin id="3" dir="1" index="0" bw="1" slack="0"/>
</pin_list>
<bind>
<StgValue><ssdm name="hits_V"/></StgValue>
</bind>
</comp>

<comp id="4" class="1000" name="locs_V">
<pin_list>
<pin id="5" dir="1" index="0" bw="1" slack="0"/>
</pin_list>
<bind>
<StgValue><ssdm name="locs_V"/></StgValue>
</bind>
</comp>

<comp id="6" class="1000" name="pairs_amplitude_V">
<pin_list>
<pin id="7" dir="1" index="0" bw="1" slack="0"/>
</pin_list>
<bind>
<StgValue><ssdm name="pairs_amplitude_V"/></StgValue>
</bind>
</comp>

<comp id="8" class="1000" name="pairs_duration_V">
<pin_list>
<pin id="9" dir="1" index="0" bw="1" slack="0"/>
</pin_list>
<bind>
<StgValue><ssdm name="pairs_duration_V"/></StgValue>
</bind>
</comp>

<comp id="10" class="1001" name="const_10">
<pin_list>
<pin id="11" dir="1" index="0" bw="1" slack="0"/>
</pin_list>
<bind>
<StgValue><ssdm name=""/></StgValue>
</bind>
</comp>

<comp id="12" class="1001" name="const_12">
<pin_list>
<pin id="13" dir="1" index="0" bw="1" slack="0"/>
</pin_list>
<bind>
<StgValue><ssdm name="parse_audio_buffer_signal"/></StgValue>
</bind>
</comp>

<comp id="14" class="1001" name="const_14">
<pin_list>
<pin id="15" dir="1" index="0" bw="1" slack="0"/>
</pin_list>
<bind>
<StgValue><ssdm name="parse_audio_buffer_target"/></StgValue>
</bind>
</comp>

<comp id="16" class="1001" name="const_16">
<pin_list>
<pin id="17" dir="1" index="0" bw="1" slack="0"/>
</pin_list>
<bind>
<StgValue><ssdm name="parse_audio_parse_signal"/></StgValue>
</bind>
</comp>

<comp id="18" class="1001" name="const_18">
<pin_list>
<pin id="19" dir="1" index="0" bw="1" slack="2147483647"/>
</pin_list>
<bind>
<StgValue><ssdm name="_ssdm_op_SpecDataflowPipeline"/></StgValue>
</bind>
</comp>

<comp id="20" class="1001" name="const_20">
<pin_list>
<pin id="21" dir="1" index="0" bw="1" slack="2147483647"/>
</pin_list>
<bind>
<StgValue><ssdm name=""/></StgValue>
</bind>
</comp>

<comp id="22" class="1001" name="const_22">
<pin_list>
<pin id="23" dir="1" index="0" bw="1" slack="2147483647"/>
</pin_list>
<bind>
<StgValue><ssdm name="p_str1"/></StgValue>
</bind>
</comp>

<comp id="24" class="1001" name="const_24">
<pin_list>
<pin id="25" dir="1" index="0" bw="1" slack="2147483647"/>
</pin_list>
<bind>
<StgValue><ssdm name="_ssdm_op_SpecInterface"/></StgValue>
</bind>
</comp>

<comp id="26" class="1001" name="const_26">
<pin_list>
<pin id="27" dir="1" index="0" bw="1" slack="2147483647"/>
</pin_list>
<bind>
<StgValue><ssdm name="ap_fifo_str"/></StgValue>
</bind>
</comp>

<comp id="28" class="1001" name="const_28">
<pin_list>
<pin id="29" dir="1" index="0" bw="1" slack="2147483647"/>
</pin_list>
<bind>
<StgValue><ssdm name=""/></StgValue>
</bind>
</comp>

<comp id="30" class="1001" name="const_30">
<pin_list>
<pin id="31" dir="1" index="0" bw="1" slack="2147483647"/>
</pin_list>
<bind>
<StgValue><ssdm name="p_str30"/></StgValue>
</bind>
</comp>

<comp id="32" class="1001" name="const_32">
<pin_list>
<pin id="33" dir="1" index="0" bw="1" slack="2147483647"/>
</pin_list>
<bind>
<StgValue><ssdm name="p_str31"/></StgValue>
</bind>
</comp>

<comp id="34" class="1001" name="const_34">
<pin_list>
<pin id="35" dir="1" index="0" bw="1" slack="2147483647"/>
</pin_list>
<bind>
<StgValue><ssdm name="p_str32"/></StgValue>
</bind>
</comp>

<comp id="36" class="1001" name="const_36">
<pin_list>
<pin id="37" dir="1" index="0" bw="1" slack="2147483647"/>
</pin_list>
<bind>
<StgValue><ssdm name="p_str33"/></StgValue>
</bind>
</comp>

<comp id="38" class="1001" name="const_38">
<pin_list>
<pin id="39" dir="1" index="0" bw="1" slack="2147483647"/>
</pin_list>
<bind>
<StgValue><ssdm name="p_str26"/></StgValue>
</bind>
</comp>

<comp id="40" class="1001" name="const_40">
<pin_list>
<pin id="41" dir="1" index="0" bw="1" slack="2147483647"/>
</pin_list>
<bind>
<StgValue><ssdm name="p_str27"/></StgValue>
</bind>
</comp>

<comp id="42" class="1001" name="const_42">
<pin_list>
<pin id="43" dir="1" index="0" bw="1" slack="2147483647"/>
</pin_list>
<bind>
<StgValue><ssdm name="p_str28"/></StgValue>
</bind>
</comp>

<comp id="44" class="1001" name="const_44">
<pin_list>
<pin id="45" dir="1" index="0" bw="1" slack="2147483647"/>
</pin_list>
<bind>
<StgValue><ssdm name="p_str29"/></StgValue>
</bind>
</comp>

<comp id="46" class="1001" name="const_46">
<pin_list>
<pin id="47" dir="1" index="0" bw="1" slack="2147483647"/>
</pin_list>
<bind>
<StgValue><ssdm name="p_str22"/></StgValue>
</bind>
</comp>

<comp id="48" class="1001" name="const_48">
<pin_list>
<pin id="49" dir="1" index="0" bw="1" slack="2147483647"/>
</pin_list>
<bind>
<StgValue><ssdm name="p_str23"/></StgValue>
</bind>
</comp>

<comp id="50" class="1001" name="const_50">
<pin_list>
<pin id="51" dir="1" index="0" bw="1" slack="2147483647"/>
</pin_list>
<bind>
<StgValue><ssdm name="p_str24"/></StgValue>
</bind>
</comp>

<comp id="52" class="1001" name="const_52">
<pin_list>
<pin id="53" dir="1" index="0" bw="1" slack="2147483647"/>
</pin_list>
<bind>
<StgValue><ssdm name="p_str25"/></StgValue>
</bind>
</comp>

<comp id="54" class="1001" name="const_54">
<pin_list>
<pin id="55" dir="1" index="0" bw="1" slack="2147483647"/>
</pin_list>
<bind>
<StgValue><ssdm name="p_str18"/></StgValue>
</bind>
</comp>

<comp id="56" class="1001" name="const_56">
<pin_list>
<pin id="57" dir="1" index="0" bw="1" slack="2147483647"/>
</pin_list>
<bind>
<StgValue><ssdm name="p_str19"/></StgValue>
</bind>
</comp>

<comp id="58" class="1001" name="const_58">
<pin_list>
<pin id="59" dir="1" index="0" bw="1" slack="2147483647"/>
</pin_list>
<bind>
<StgValue><ssdm name="p_str20"/></StgValue>
</bind>
</comp>

<comp id="60" class="1001" name="const_60">
<pin_list>
<pin id="61" dir="1" index="0" bw="1" slack="2147483647"/>
</pin_list>
<bind>
<StgValue><ssdm name="p_str21"/></StgValue>
</bind>
</comp>

<comp id="62" class="1001" name="const_62">
<pin_list>
<pin id="63" dir="1" index="0" bw="1" slack="2147483647"/>
</pin_list>
<bind>
<StgValue><ssdm name="p_str14"/></StgValue>
</bind>
</comp>

<comp id="64" class="1001" name="const_64">
<pin_list>
<pin id="65" dir="1" index="0" bw="1" slack="2147483647"/>
</pin_list>
<bind>
<StgValue><ssdm name="p_str15"/></StgValue>
</bind>
</comp>

<comp id="66" class="1001" name="const_66">
<pin_list>
<pin id="67" dir="1" index="0" bw="1" slack="2147483647"/>
</pin_list>
<bind>
<StgValue><ssdm name="p_str16"/></StgValue>
</bind>
</comp>

<comp id="68" class="1001" name="const_68">
<pin_list>
<pin id="69" dir="1" index="0" bw="1" slack="2147483647"/>
</pin_list>
<bind>
<StgValue><ssdm name="p_str17"/></StgValue>
</bind>
</comp>

<comp id="70" class="1001" name="const_70">
<pin_list>
<pin id="71" dir="1" index="0" bw="1" slack="2147483647"/>
</pin_list>
<bind>
<StgValue><ssdm name="_ssdm_op_SpecBitsMap"/></StgValue>
</bind>
</comp>

<comp id="72" class="1001" name="const_72">
<pin_list>
<pin id="73" dir="1" index="0" bw="1" slack="2147483647"/>
</pin_list>
<bind>
<StgValue><ssdm name="_ssdm_op_SpecTopModule"/></StgValue>
</bind>
</comp>

<comp id="74" class="1001" name="const_74">
<pin_list>
<pin id="75" dir="1" index="0" bw="1" slack="2147483647"/>
</pin_list>
<bind>
<StgValue><ssdm name="parse_audio_str"/></StgValue>
</bind>
</comp>

<comp id="76" class="1004" name="sig_buf_alloca_fu_76">
<pin_list>
<pin id="77" dir="0" index="0" bw="1" slack="0"/>
<pin id="78" dir="1" index="1" bw="32" slack="0"/>
</pin_list>
<bind>
<opcode="alloca(26) " fcode="alloca"/>
<opset="sig_buf/1 "/>
</bind>
</comp>

<comp id="80" class="1004" name="loc_buf_alloca_fu_80">
<pin_list>
<pin id="81" dir="0" index="0" bw="1" slack="0"/>
<pin id="82" dir="1" index="1" bw="32" slack="0"/>
</pin_list>
<bind>
<opcode="alloca(26) " fcode="alloca"/>
<opset="loc_buf/1 "/>
</bind>
</comp>

<comp id="84" class="1004" name="grp_parse_audio_parse_signal_fu_84">
<pin_list>
<pin id="85" dir="0" index="0" bw="0" slack="0"/>
<pin id="86" dir="0" index="1" bw="32" slack="2147483647"/>
<pin id="87" dir="0" index="2" bw="32" slack="2147483647"/>
<pin id="88" dir="0" index="3" bw="32" slack="0"/>
<pin id="89" dir="0" index="4" bw="32" slack="0"/>
<pin id="90" dir="1" index="5" bw="0" slack="2147483647"/>
</pin_list>
<bind>
<opcode="call(48) " fcode="call"/>
<opset="stg_11/3 "/>
</bind>
</comp>

<comp id="94" class="1004" name="grp_parse_audio_buffer_signal_fu_94">
<pin_list>
<pin id="95" dir="0" index="0" bw="0" slack="0"/>
<pin id="96" dir="0" index="1" bw="32" slack="0"/>
<pin id="97" dir="0" index="2" bw="32" slack="0"/>
<pin id="98" dir="1" index="3" bw="0" slack="2147483647"/>
</pin_list>
<bind>
<opcode="call(48) " fcode="call"/>
<opset="stg_7/1 "/>
</bind>
</comp>

<comp id="102" class="1004" name="grp_parse_audio_buffer_target_fu_102">
<pin_list>
<pin id="103" dir="0" index="0" bw="0" slack="0"/>
<pin id="104" dir="0" index="1" bw="32" slack="0"/>
<pin id="105" dir="0" index="2" bw="32" slack="0"/>
<pin id="106" dir="0" index="3" bw="32" slack="0"/>
<pin id="107" dir="1" index="4" bw="0" slack="2147483647"/>
</pin_list>
<bind>
<opcode="call(48) " fcode="call"/>
<opset="stg_8/1 "/>
</bind>
</comp>

</comp_list>

<net_list>
<net id="79"><net_src comp="10" pin="0"/><net_sink comp="76" pin=0"/></net>

<net id="83"><net_src comp="10" pin="0"/><net_sink comp="80" pin=0"/></net>

<net id="91"><net_src comp="16" pin="0"/><net_sink comp="84" pin=0"/></net>

<net id="92"><net_src comp="6" pin="0"/><net_sink comp="84" pin=3"/></net>

<net id="93"><net_src comp="8" pin="0"/><net_sink comp="84" pin=4"/></net>

<net id="99"><net_src comp="12" pin="0"/><net_sink comp="94" pin=0"/></net>

<net id="100"><net_src comp="0" pin="0"/><net_sink comp="94" pin=1"/></net>

<net id="101"><net_src comp="76" pin="1"/><net_sink comp="94" pin=2"/></net>

<net id="108"><net_src comp="14" pin="0"/><net_sink comp="102" pin=0"/></net>

<net id="109"><net_src comp="2" pin="0"/><net_sink comp="102" pin=1"/></net>

<net id="110"><net_src comp="4" pin="0"/><net_sink comp="102" pin=2"/></net>

<net id="111"><net_src comp="80" pin="1"/><net_sink comp="102" pin=3"/></net>

</net_list>

</model> 
---------------- Datapath Model END ------------------

* FSMD analyzer results:
  - Output states:
	Port: pairs_amplitude_V | {3 4 }
	Port: pairs_duration_V | {3 4 }
  - Chain level:
	State 1
		stg_7 : 1
		stg_8 : 1
	State 2
	State 3
	State 4


============================================================
+ Verbose Summary: Datapath Resource usage 
============================================================

* Functional unit list:
|----------|--------------------------------------|---------|---------|---------|
| Operation|            Functional Unit           |  Delay  |    FF   |   LUT   |
|----------|--------------------------------------|---------|---------|---------|
|          |  grp_parse_audio_parse_signal_fu_84  |  3.142  |   288   |   185   |
|   call   |  grp_parse_audio_buffer_signal_fu_94 |  1.571  |    29   |    33   |
|          | grp_parse_audio_buffer_target_fu_102 |  1.571  |    9    |    10   |
|----------|--------------------------------------|---------|---------|---------|
|   Total  |                                      |  6.284  |   326   |   228   |
|----------|--------------------------------------|---------|---------|---------|

Memories:
+-------+--------+--------+--------+
|       |  BRAM  |   FF   |   LUT  |
+-------+--------+--------+--------+
|loc_buf|    0   |   128  |   12   |
|sig_buf|   64   |    0   |    0   |
+-------+--------+--------+--------+
| Total |   64   |   128  |   12   |
+-------+--------+--------+--------+

* Register list:
N/A

* Multiplexer (MUX) list: 
|--------|------|------|------|--------|
|  Comp  |  Pin | Size |  BW  | S x BW |
|--------|------|------|------|--------|
|  Total |      |      |      |    0   |
|--------|------|------|------|--------|



* Summary:
+-----------+--------+--------+--------+--------+
|           |  BRAM  |  Delay |   FF   |   LUT  |
+-----------+--------+--------+--------+--------+
|  Function |    -   |    6   |   326  |   228  |
|   Memory  |   64   |    -   |   128  |   12   |
|Multiplexer|    -   |    -   |    -   |    -   |
|  Register |    -   |    -   |    -   |    -   |
+-----------+--------+--------+--------+--------+
|   Total   |   64   |    6   |   454  |   240  |
+-----------+--------+--------+--------+--------+
